{"D:\\Projects\\Capstone-Project\\backend\\src\\config\\database.ts": {"path":"D:\\Projects\\Capstone-Project\\backend\\src\\config\\database.ts","statementMap":{"0":{"start":{"line":1,"column":0},"end":{"line":1,"column":49}},"1":{"start":{"line":2,"column":0},"end":{"line":2,"column":38}},"2":{"start":{"line":3,"column":0},"end":{"line":3,"column":46}},"3":{"start":{"line":4,"column":0},"end":{"line":4,"column":62}},"4":{"start":{"line":5,"column":0},"end":{"line":5,"column":66}},"5":{"start":{"line":6,"column":0},"end":{"line":6,"column":38}},"6":{"start":{"line":7,"column":0},"end":{"line":7,"column":54}},"7":{"start":{"line":8,"column":0},"end":{"line":8,"column":52}},"8":{"start":{"line":9,"column":0},"end":{"line":9,"column":64}},"9":{"start":{"line":10,"column":0},"end":{"line":10,"column":40}},"10":{"start":{"line":11,"column":0},"end":{"line":11,"column":52}},"11":{"start":{"line":12,"column":0},"end":{"line":12,"column":52}},"12":{"start":{"line":15,"column":18},"end":{"line":42,"column":2}},"13":{"start":{"line":80,"column":9},"end":{"line":80,"column":18}},"14":{"start":{"line":45,"column":31},"end":{"line":78,"column":1}},"15":{"start":{"line":46,"column":2},"end":{"line":77,"column":3}},"16":{"start":{"line":47,"column":4},"end":{"line":47,"column":35}},"17":{"start":{"line":48,"column":4},"end":{"line":48,"column":60}},"18":{"start":{"line":51,"column":4},"end":{"line":73,"column":5}},"19":{"start":{"line":52,"column":6},"end":{"line":52,"column":44}},"20":{"start":{"line":53,"column":6},"end":{"line":53,"column":82}},"21":{"start":{"line":56,"column":6},"end":{"line":70,"column":7}},"22":{"start":{"line":57,"column":34},"end":{"line":57,"column":78}},"23":{"start":{"line":58,"column":23},"end":{"line":58,"column":64}},"24":{"start":{"line":59,"column":8},"end":{"line":59,"column":27}},"25":{"start":{"line":60,"column":8},"end":{"line":60,"column":60}},"26":{"start":{"line":62,"column":8},"end":{"line":62,"column":75}},"27":{"start":{"line":72,"column":6},"end":{"line":72,"column":63}},"28":{"start":{"line":75,"column":4},"end":{"line":75,"column":62}},"29":{"start":{"line":76,"column":4},"end":{"line":76,"column":16}},"30":{"start":{"line":45,"column":13},"end":{"line":45,"column":31}},"31":{"start":{"line":81,"column":0},"end":{"line":81,"column":25}}},"fnMap":{"0":{"name":"(anonymous_9)","decl":{"start":{"line":45,"column":31},"end":{"line":45,"column":36}},"loc":{"start":{"line":45,"column":57},"end":{"line":78,"column":1}}},"1":{"name":"(anonymous_10)","decl":{"start":{"line":57,"column":34},"end":{"line":57,"column":47}},"loc":{"start":{"line":57,"column":34},"end":{"line":57,"column":78}}}},"branchMap":{"0":{"loc":{"start":{"line":16,"column":12},"end":{"line":16,"column":45}},"type":"binary-expr","locations":[{"start":{"line":16,"column":12},"end":{"line":16,"column":31}},{"start":{"line":16,"column":35},"end":{"line":16,"column":45}}]},"1":{"loc":{"start":{"line":17,"column":12},"end":{"line":17,"column":45}},"type":"binary-expr","locations":[{"start":{"line":17,"column":12},"end":{"line":17,"column":31}},{"start":{"line":17,"column":35},"end":{"line":17,"column":45}}]},"2":{"loc":{"start":{"line":18,"column":12},"end":{"line":18,"column":49}},"type":"binary-expr","locations":[{"start":{"line":18,"column":12},"end":{"line":18,"column":35}},{"start":{"line":18,"column":39},"end":{"line":18,"column":49}}]},"3":{"loc":{"start":{"line":19,"column":8},"end":{"line":19,"column":42}},"type":"binary-expr","locations":[{"start":{"line":19,"column":8},"end":{"line":19,"column":27}},{"start":{"line":19,"column":31},"end":{"line":19,"column":42}}]},"4":{"loc":{"start":{"line":20,"column":17},"end":{"line":20,"column":46}},"type":"binary-expr","locations":[{"start":{"line":20,"column":17},"end":{"line":20,"column":36}},{"start":{"line":20,"column":40},"end":{"line":20,"column":46}}]},"5":{"loc":{"start":{"line":22,"column":11},"end":{"line":22,"column":71}},"type":"cond-expr","locations":[{"start":{"line":22,"column":52},"end":{"line":22,"column":63}},{"start":{"line":22,"column":66},"end":{"line":22,"column":71}}]},"6":{"loc":{"start":{"line":51,"column":4},"end":{"line":73,"column":5}},"type":"if","locations":[{"start":{"line":51,"column":4},"end":{"line":73,"column":5}},{"start":{"line":71,"column":11},"end":{"line":73,"column":5}}]}},"s":{"0":7,"1":7,"2":7,"3":7,"4":7,"5":7,"6":7,"7":7,"8":7,"9":7,"10":7,"11":7,"12":7,"13":7,"14":7,"15":0,"16":0,"17":0,"18":0,"19":0,"20":0,"21":0,"22":0,"23":0,"24":0,"25":0,"26":0,"27":0,"28":0,"29":0,"30":7,"31":7},"f":{"0":0,"1":0},"b":{"0":[7,0],"1":[7,0],"2":[7,0],"3":[7,0],"4":[7,0],"5":[0,7],"6":[0,0]}}
,"D:\\Projects\\Capstone-Project\\backend\\src\\config\\redis.ts": {"path":"D:\\Projects\\Capstone-Project\\backend\\src\\config\\redis.ts","statementMap":{"0":{"start":{"line":1,"column":0},"end":{"line":1,"column":37}},"1":{"start":{"line":2,"column":0},"end":{"line":2,"column":52}},"2":{"start":{"line":6,"column":10},"end":{"line":6,"column":29}},"3":{"start":{"line":7,"column":10},"end":{"line":7,"column":85}},"4":{"start":{"line":8,"column":10},"end":{"line":8,"column":39}},"5":{"start":{"line":11,"column":4},"end":{"line":30,"column":5}},"6":{"start":{"line":12,"column":6},"end":{"line":17,"column":9}},"7":{"start":{"line":19,"column":6},"end":{"line":22,"column":9}},"8":{"start":{"line":20,"column":8},"end":{"line":20,"column":44}},"9":{"start":{"line":21,"column":8},"end":{"line":21,"column":33}},"10":{"start":{"line":24,"column":6},"end":{"line":24,"column":34}},"11":{"start":{"line":25,"column":6},"end":{"line":25,"column":30}},"12":{"start":{"line":26,"column":6},"end":{"line":26,"column":36}},"13":{"start":{"line":28,"column":6},"end":{"line":28,"column":61}},"14":{"start":{"line":29,"column":6},"end":{"line":29,"column":31}},"15":{"start":{"line":34,"column":4},"end":{"line":41,"column":5}},"16":{"start":{"line":35,"column":6},"end":{"line":40,"column":7}},"17":{"start":{"line":36,"column":8},"end":{"line":36,"column":53}},"18":{"start":{"line":37,"column":8},"end":{"line":37,"column":15}},"19":{"start":{"line":44,"column":19},"end":{"line":44,"column":48}},"20":{"start":{"line":45,"column":4},"end":{"line":45,"column":51}},"21":{"start":{"line":49,"column":4},"end":{"line":55,"column":5}},"22":{"start":{"line":50,"column":6},"end":{"line":54,"column":7}},"23":{"start":{"line":51,"column":8},"end":{"line":51,"column":42}},"24":{"start":{"line":58,"column":17},"end":{"line":58,"column":44}},"25":{"start":{"line":59,"column":4},"end":{"line":59,"column":27}},"26":{"start":{"line":59,"column":15},"end":{"line":59,"column":27}},"27":{"start":{"line":61,"column":4},"end":{"line":64,"column":5}},"28":{"start":{"line":62,"column":6},"end":{"line":62,"column":37}},"29":{"start":{"line":63,"column":6},"end":{"line":63,"column":18}},"30":{"start":{"line":66,"column":4},"end":{"line":66,"column":22}},"31":{"start":{"line":70,"column":4},"end":{"line":77,"column":5}},"32":{"start":{"line":71,"column":6},"end":{"line":76,"column":7}},"33":{"start":{"line":72,"column":8},"end":{"line":72,"column":35}},"34":{"start":{"line":73,"column":8},"end":{"line":73,"column":15}},"35":{"start":{"line":80,"column":4},"end":{"line":80,"column":35}},"36":{"start":{"line":84,"column":4},"end":{"line":91,"column":5}},"37":{"start":{"line":85,"column":6},"end":{"line":90,"column":7}},"38":{"start":{"line":86,"column":23},"end":{"line":86,"column":52}},"39":{"start":{"line":87,"column":8},"end":{"line":87,"column":28}},"40":{"start":{"line":94,"column":17},"end":{"line":94,"column":44}},"41":{"start":{"line":95,"column":4},"end":{"line":95,"column":28}},"42":{"start":{"line":95,"column":15},"end":{"line":95,"column":28}},"43":{"start":{"line":97,"column":4},"end":{"line":100,"column":5}},"44":{"start":{"line":98,"column":6},"end":{"line":98,"column":37}},"45":{"start":{"line":99,"column":6},"end":{"line":99,"column":19}},"46":{"start":{"line":102,"column":4},"end":{"line":102,"column":16}},"47":{"start":{"line":107,"column":13},"end":{"line":107,"column":40}},"48":{"start":{"line":110,"column":0},"end":{"line":112,"column":3}},"49":{"start":{"line":111,"column":2},"end":{"line":111,"column":59}}},"fnMap":{"0":{"name":"(anonymous_0)","decl":{"start":{"line":5,"column":0},"end":{"line":5,"column":6}},"loc":{"start":{"line":5,"column":0},"end":{"line":104,"column":1}}},"1":{"name":"(anonymous_1)","decl":{"start":{"line":10,"column":2},"end":{"line":10,"column":7}},"loc":{"start":{"line":10,"column":15},"end":{"line":31,"column":3}}},"2":{"name":"(anonymous_2)","decl":{"start":{"line":19,"column":30},"end":{"line":19,"column":31}},"loc":{"start":{"line":19,"column":43},"end":{"line":22,"column":7}}},"3":{"name":"(anonymous_3)","decl":{"start":{"line":33,"column":2},"end":{"line":33,"column":7}},"loc":{"start":{"line":33,"column":57},"end":{"line":46,"column":3}}},"4":{"name":"(anonymous_4)","decl":{"start":{"line":48,"column":2},"end":{"line":48,"column":7}},"loc":{"start":{"line":48,"column":23},"end":{"line":67,"column":3}}},"5":{"name":"(anonymous_5)","decl":{"start":{"line":69,"column":2},"end":{"line":69,"column":7}},"loc":{"start":{"line":69,"column":23},"end":{"line":81,"column":3}}},"6":{"name":"(anonymous_6)","decl":{"start":{"line":83,"column":2},"end":{"line":83,"column":7}},"loc":{"start":{"line":83,"column":26},"end":{"line":103,"column":3}}},"7":{"name":"(anonymous_7)","decl":{"start":{"line":110,"column":22},"end":{"line":110,"column":27}},"loc":{"start":{"line":110,"column":30},"end":{"line":112,"column":1}}}},"branchMap":{"0":{"loc":{"start":{"line":13,"column":13},"end":{"line":13,"column":62}},"type":"binary-expr","locations":[{"start":{"line":13,"column":13},"end":{"line":13,"column":34}},{"start":{"line":13,"column":38},"end":{"line":13,"column":62}}]},"1":{"loc":{"start":{"line":34,"column":4},"end":{"line":41,"column":5}},"type":"if","locations":[{"start":{"line":34,"column":4},"end":{"line":41,"column":5}}]},"2":{"loc":{"start":{"line":34,"column":8},"end":{"line":34,"column":39}},"type":"binary-expr","locations":[{"start":{"line":34,"column":8},"end":{"line":34,"column":24}},{"start":{"line":34,"column":28},"end":{"line":34,"column":39}}]},"3":{"loc":{"start":{"line":49,"column":4},"end":{"line":55,"column":5}},"type":"if","locations":[{"start":{"line":49,"column":4},"end":{"line":55,"column":5}}]},"4":{"loc":{"start":{"line":49,"column":8},"end":{"line":49,"column":39}},"type":"binary-expr","locations":[{"start":{"line":49,"column":8},"end":{"line":49,"column":24}},{"start":{"line":49,"column":28},"end":{"line":49,"column":39}}]},"5":{"loc":{"start":{"line":59,"column":4},"end":{"line":59,"column":27}},"type":"if","locations":[{"start":{"line":59,"column":4},"end":{"line":59,"column":27}}]},"6":{"loc":{"start":{"line":61,"column":4},"end":{"line":64,"column":5}},"type":"if","locations":[{"start":{"line":61,"column":4},"end":{"line":64,"column":5}}]},"7":{"loc":{"start":{"line":61,"column":8},"end":{"line":61,"column":47}},"type":"binary-expr","locations":[{"start":{"line":61,"column":8},"end":{"line":61,"column":19}},{"start":{"line":61,"column":23},"end":{"line":61,"column":47}}]},"8":{"loc":{"start":{"line":70,"column":4},"end":{"line":77,"column":5}},"type":"if","locations":[{"start":{"line":70,"column":4},"end":{"line":77,"column":5}}]},"9":{"loc":{"start":{"line":70,"column":8},"end":{"line":70,"column":39}},"type":"binary-expr","locations":[{"start":{"line":70,"column":8},"end":{"line":70,"column":24}},{"start":{"line":70,"column":28},"end":{"line":70,"column":39}}]},"10":{"loc":{"start":{"line":84,"column":4},"end":{"line":91,"column":5}},"type":"if","locations":[{"start":{"line":84,"column":4},"end":{"line":91,"column":5}}]},"11":{"loc":{"start":{"line":84,"column":8},"end":{"line":84,"column":39}},"type":"binary-expr","locations":[{"start":{"line":84,"column":8},"end":{"line":84,"column":24}},{"start":{"line":84,"column":28},"end":{"line":84,"column":39}}]},"12":{"loc":{"start":{"line":95,"column":4},"end":{"line":95,"column":28}},"type":"if","locations":[{"start":{"line":95,"column":4},"end":{"line":95,"column":28}}]},"13":{"loc":{"start":{"line":97,"column":4},"end":{"line":100,"column":5}},"type":"if","locations":[{"start":{"line":97,"column":4},"end":{"line":100,"column":5}}]},"14":{"loc":{"start":{"line":97,"column":8},"end":{"line":97,"column":47}},"type":"binary-expr","locations":[{"start":{"line":97,"column":8},"end":{"line":97,"column":19}},{"start":{"line":97,"column":23},"end":{"line":97,"column":47}}]}},"s":{"0":0,"1":0,"2":0,"3":0,"4":0,"5":0,"6":0,"7":0,"8":0,"9":0,"10":0,"11":0,"12":0,"13":0,"14":0,"15":0,"16":0,"17":0,"18":0,"19":0,"20":0,"21":0,"22":0,"23":0,"24":0,"25":0,"26":0,"27":0,"28":0,"29":0,"30":0,"31":0,"32":0,"33":0,"34":0,"35":0,"36":0,"37":0,"38":0,"39":0,"40":0,"41":0,"42":0,"43":0,"44":0,"45":0,"46":0,"47":0,"48":0,"49":0},"f":{"0":0,"1":0,"2":0,"3":0,"4":0,"5":0,"6":0,"7":0},"b":{"0":[0,0],"1":[0],"2":[0,0],"3":[0],"4":[0,0],"5":[0],"6":[0],"7":[0,0],"8":[0],"9":[0,0],"10":[0],"11":[0,0],"12":[0],"13":[0],"14":[0,0]}}
,"D:\\Projects\\Capstone-Project\\backend\\src\\controllers\\adminController.ts": {"path":"D:\\Projects\\Capstone-Project\\backend\\src\\controllers\\adminController.ts","statementMap":{"0":{"start":{"line":2,"column":0},"end":{"line":2,"column":80}},"1":{"start":{"line":3,"column":0},"end":{"line":3,"column":52}},"2":{"start":{"line":4,"column":0},"end":{"line":4,"column":57}},"3":{"start":{"line":5,"column":0},"end":{"line":5,"column":31}},"4":{"start":{"line":9,"column":4},"end":{"line":44,"column":5}},"5":{"start":{"line":10,"column":19},"end":{"line":10,"column":58}},"6":{"start":{"line":11,"column":20},"end":{"line":11,"column":61}},"7":{"start":{"line":12,"column":19},"end":{"line":12,"column":43}},"8":{"start":{"line":13,"column":21},"end":{"line":13,"column":39}},"9":{"start":{"line":15,"column":31},"end":{"line":15,"column":33}},"10":{"start":{"line":16,"column":6},"end":{"line":18,"column":7}},"11":{"start":{"line":17,"column":8},"end":{"line":17,"column":32}},"12":{"start":{"line":20,"column":37},"end":{"line":26,"column":8}},"13":{"start":{"line":28,"column":25},"end":{"line":28,"column":49}},"14":{"start":{"line":30,"column":6},"end":{"line":40,"column":9}},"15":{"start":{"line":42,"column":6},"end":{"line":42,"column":54}},"16":{"start":{"line":43,"column":6},"end":{"line":43,"column":18}},"17":{"start":{"line":48,"column":4},"end":{"line":84,"column":5}},"18":{"start":{"line":49,"column":21},"end":{"line":49,"column":44}},"19":{"start":{"line":50,"column":27},"end":{"line":50,"column":35}},"20":{"start":{"line":52,"column":6},"end":{"line":59,"column":7}},"21":{"start":{"line":53,"column":8},"end":{"line":57,"column":11}},"22":{"start":{"line":58,"column":8},"end":{"line":58,"column":15}},"23":{"start":{"line":61,"column":19},"end":{"line":61,"column":46}},"24":{"start":{"line":62,"column":6},"end":{"line":69,"column":7}},"25":{"start":{"line":63,"column":8},"end":{"line":67,"column":11}},"26":{"start":{"line":68,"column":8},"end":{"line":68,"column":15}},"27":{"start":{"line":71,"column":6},"end":{"line":71,"column":65}},"28":{"start":{"line":72,"column":26},"end":{"line":74,"column":8}},"29":{"start":{"line":76,"column":6},"end":{"line":80,"column":9}},"30":{"start":{"line":82,"column":6},"end":{"line":82,"column":63}},"31":{"start":{"line":83,"column":6},"end":{"line":83,"column":18}},"32":{"start":{"line":88,"column":4},"end":{"line":130,"column":5}},"33":{"start":{"line":89,"column":21},"end":{"line":89,"column":44}},"34":{"start":{"line":91,"column":6},"end":{"line":98,"column":7}},"35":{"start":{"line":92,"column":8},"end":{"line":96,"column":11}},"36":{"start":{"line":97,"column":8},"end":{"line":97,"column":15}},"37":{"start":{"line":100,"column":19},"end":{"line":100,"column":46}},"38":{"start":{"line":101,"column":6},"end":{"line":108,"column":7}},"39":{"start":{"line":102,"column":8},"end":{"line":106,"column":11}},"40":{"start":{"line":107,"column":8},"end":{"line":107,"column":15}},"41":{"start":{"line":111,"column":27},"end":{"line":111,"column":73}},"42":{"start":{"line":112,"column":6},"end":{"line":119,"column":7}},"43":{"start":{"line":113,"column":8},"end":{"line":117,"column":11}},"44":{"start":{"line":118,"column":8},"end":{"line":118,"column":15}},"45":{"start":{"line":121,"column":6},"end":{"line":121,"column":52}},"46":{"start":{"line":123,"column":6},"end":{"line":126,"column":9}},"47":{"start":{"line":128,"column":6},"end":{"line":128,"column":56}},"48":{"start":{"line":129,"column":6},"end":{"line":129,"column":18}},"49":{"start":{"line":134,"column":4},"end":{"line":189,"column":5}},"50":{"start":{"line":143,"column":10},"end":{"line":157,"column":8}},"51":{"start":{"line":159,"column":20},"end":{"line":179,"column":8}},"52":{"start":{"line":181,"column":6},"end":{"line":185,"column":9}},"53":{"start":{"line":187,"column":6},"end":{"line":187,"column":61}},"54":{"start":{"line":188,"column":6},"end":{"line":188,"column":18}},"55":{"start":{"line":193,"column":4},"end":{"line":204,"column":5}},"56":{"start":{"line":194,"column":21},"end":{"line":194,"column":40}},"57":{"start":{"line":195,"column":6},"end":{"line":195,"column":26}},"58":{"start":{"line":197,"column":6},"end":{"line":200,"column":9}},"59":{"start":{"line":202,"column":6},"end":{"line":202,"column":58}},"60":{"start":{"line":203,"column":6},"end":{"line":203,"column":18}},"61":{"start":{"line":208,"column":4},"end":{"line":224,"column":5}},"62":{"start":{"line":210,"column":6},"end":{"line":210,"column":47}},"63":{"start":{"line":211,"column":6},"end":{"line":211,"column":40}},"64":{"start":{"line":212,"column":6},"end":{"line":212,"column":52}},"65":{"start":{"line":213,"column":6},"end":{"line":213,"column":44}},"66":{"start":{"line":215,"column":6},"end":{"line":215,"column":68}},"67":{"start":{"line":217,"column":6},"end":{"line":220,"column":9}},"68":{"start":{"line":222,"column":6},"end":{"line":222,"column":59}},"69":{"start":{"line":223,"column":6},"end":{"line":223,"column":18}},"70":{"start":{"line":228,"column":4},"end":{"line":245,"column":5}},"71":{"start":{"line":229,"column":21},"end":{"line":235,"column":8}},"72":{"start":{"line":237,"column":6},"end":{"line":241,"column":9}},"73":{"start":{"line":243,"column":6},"end":{"line":243,"column":62}},"74":{"start":{"line":244,"column":6},"end":{"line":244,"column":18}},"75":{"start":{"line":249,"column":4},"end":{"line":267,"column":5}},"76":{"start":{"line":251,"column":19},"end":{"line":257,"column":8}},"77":{"start":{"line":259,"column":6},"end":{"line":263,"column":9}},"78":{"start":{"line":265,"column":6},"end":{"line":265,"column":60}},"79":{"start":{"line":266,"column":6},"end":{"line":266,"column":18}},"80":{"start":{"line":7,"column":0},"end":{"line":7,"column":13}},"81":{"start":{"line":271,"column":13},"end":{"line":271,"column":53}}},"fnMap":{"0":{"name":"(anonymous_0)","decl":{"start":{"line":8,"column":2},"end":{"line":8,"column":7}},"loc":{"start":{"line":8,"column":67},"end":{"line":45,"column":3}}},"1":{"name":"(anonymous_1)","decl":{"start":{"line":47,"column":2},"end":{"line":47,"column":7}},"loc":{"start":{"line":47,"column":72},"end":{"line":85,"column":3}}},"2":{"name":"(anonymous_2)","decl":{"start":{"line":87,"column":2},"end":{"line":87,"column":7}},"loc":{"start":{"line":87,"column":66},"end":{"line":131,"column":3}}},"3":{"name":"(anonymous_3)","decl":{"start":{"line":133,"column":2},"end":{"line":133,"column":7}},"loc":{"start":{"line":133,"column":70},"end":{"line":190,"column":3}}},"4":{"name":"(anonymous_4)","decl":{"start":{"line":192,"column":2},"end":{"line":192,"column":7}},"loc":{"start":{"line":192,"column":68},"end":{"line":205,"column":3}}},"5":{"name":"(anonymous_5)","decl":{"start":{"line":207,"column":2},"end":{"line":207,"column":7}},"loc":{"start":{"line":207,"column":69},"end":{"line":225,"column":3}}},"6":{"name":"(anonymous_6)","decl":{"start":{"line":227,"column":2},"end":{"line":227,"column":7}},"loc":{"start":{"line":227,"column":71},"end":{"line":246,"column":3}}},"7":{"name":"(anonymous_7)","decl":{"start":{"line":248,"column":2},"end":{"line":248,"column":7}},"loc":{"start":{"line":248,"column":69},"end":{"line":268,"column":3}}}},"branchMap":{"0":{"loc":{"start":{"line":10,"column":19},"end":{"line":10,"column":58}},"type":"binary-expr","locations":[{"start":{"line":10,"column":19},"end":{"line":10,"column":53}},{"start":{"line":10,"column":57},"end":{"line":10,"column":58}}]},"1":{"loc":{"start":{"line":11,"column":20},"end":{"line":11,"column":61}},"type":"binary-expr","locations":[{"start":{"line":11,"column":20},"end":{"line":11,"column":55}},{"start":{"line":11,"column":59},"end":{"line":11,"column":61}}]},"2":{"loc":{"start":{"line":16,"column":6},"end":{"line":18,"column":7}},"type":"if","locations":[{"start":{"line":16,"column":6},"end":{"line":18,"column":7}}]},"3":{"loc":{"start":{"line":52,"column":6},"end":{"line":59,"column":7}},"type":"if","locations":[{"start":{"line":52,"column":6},"end":{"line":59,"column":7}}]},"4":{"loc":{"start":{"line":62,"column":6},"end":{"line":69,"column":7}},"type":"if","locations":[{"start":{"line":62,"column":6},"end":{"line":69,"column":7}}]},"5":{"loc":{"start":{"line":91,"column":6},"end":{"line":98,"column":7}},"type":"if","locations":[{"start":{"line":91,"column":6},"end":{"line":98,"column":7}}]},"6":{"loc":{"start":{"line":101,"column":6},"end":{"line":108,"column":7}},"type":"if","locations":[{"start":{"line":101,"column":6},"end":{"line":108,"column":7}}]},"7":{"loc":{"start":{"line":112,"column":6},"end":{"line":119,"column":7}},"type":"if","locations":[{"start":{"line":112,"column":6},"end":{"line":119,"column":7}}]}},"s":{"0":0,"1":0,"2":0,"3":0,"4":0,"5":0,"6":0,"7":0,"8":0,"9":0,"10":0,"11":0,"12":0,"13":0,"14":0,"15":0,"16":0,"17":0,"18":0,"19":0,"20":0,"21":0,"22":0,"23":0,"24":0,"25":0,"26":0,"27":0,"28":0,"29":0,"30":0,"31":0,"32":0,"33":0,"34":0,"35":0,"36":0,"37":0,"38":0,"39":0,"40":0,"41":0,"42":0,"43":0,"44":0,"45":0,"46":0,"47":0,"48":0,"49":0,"50":0,"51":0,"52":0,"53":0,"54":0,"55":0,"56":0,"57":0,"58":0,"59":0,"60":0,"61":0,"62":0,"63":0,"64":0,"65":0,"66":0,"67":0,"68":0,"69":0,"70":0,"71":0,"72":0,"73":0,"74":0,"75":0,"76":0,"77":0,"78":0,"79":0,"80":0,"81":0},"f":{"0":0,"1":0,"2":0,"3":0,"4":0,"5":0,"6":0,"7":0},"b":{"0":[0,0],"1":[0,0],"2":[0],"3":[0],"4":[0],"5":[0],"6":[0],"7":[0]}}
,"D:\\Projects\\Capstone-Project\\backend\\src\\controllers\\authController.ts": {"path":"D:\\Projects\\Capstone-Project\\backend\\src\\controllers\\authController.ts","statementMap":{"0":{"start":{"line":2,"column":0},"end":{"line":2,"column":43}},"1":{"start":{"line":3,"column":0},"end":{"line":3,"column":119}},"2":{"start":{"line":5,"column":0},"end":{"line":5,"column":31}},"3":{"start":{"line":6,"column":0},"end":{"line":6,"column":52}},"4":{"start":{"line":8,"column":24},"end":{"line":88,"column":1}},"5":{"start":{"line":9,"column":2},"end":{"line":87,"column":3}},"6":{"start":{"line":10,"column":4},"end":{"line":10,"column":61}},"7":{"start":{"line":11,"column":69},"end":{"line":11,"column":77}},"8":{"start":{"line":14,"column":4},"end":{"line":14,"column":49}},"9":{"start":{"line":15,"column":25},"end":{"line":19,"column":6}},"10":{"start":{"line":21,"column":4},"end":{"line":28,"column":5}},"11":{"start":{"line":22,"column":6},"end":{"line":22,"column":65}},"12":{"start":{"line":23,"column":6},"end":{"line":26,"column":9}},"13":{"start":{"line":27,"column":6},"end":{"line":27,"column":13}},"14":{"start":{"line":31,"column":4},"end":{"line":31,"column":39}},"15":{"start":{"line":32,"column":25},"end":{"line":32,"column":53}},"16":{"start":{"line":35,"column":4},"end":{"line":35,"column":92}},"17":{"start":{"line":37,"column":17},"end":{"line":44,"column":6}},"18":{"start":{"line":45,"column":4},"end":{"line":45,"column":55}},"19":{"start":{"line":48,"column":25},"end":{"line":57,"column":6}},"20":{"start":{"line":60,"column":18},"end":{"line":65,"column":6}},"21":{"start":{"line":67,"column":25},"end":{"line":67,"column":54}},"22":{"start":{"line":69,"column":4},"end":{"line":69,"column":90}},"23":{"start":{"line":71,"column":4},"end":{"line":79,"column":7}},"24":{"start":{"line":81,"column":4},"end":{"line":81,"column":51}},"25":{"start":{"line":82,"column":4},"end":{"line":86,"column":7}},"26":{"start":{"line":8,"column":13},"end":{"line":8,"column":24}},"27":{"start":{"line":90,"column":21},"end":{"line":167,"column":1}},"28":{"start":{"line":91,"column":2},"end":{"line":166,"column":3}},"29":{"start":{"line":92,"column":32},"end":{"line":92,"column":40}},"30":{"start":{"line":95,"column":17},"end":{"line":97,"column":6}},"31":{"start":{"line":99,"column":4},"end":{"line":106,"column":5}},"32":{"start":{"line":100,"column":6},"end":{"line":104,"column":9}},"33":{"start":{"line":105,"column":6},"end":{"line":105,"column":13}},"34":{"start":{"line":109,"column":28},"end":{"line":109,"column":78}},"35":{"start":{"line":110,"column":4},"end":{"line":117,"column":5}},"36":{"start":{"line":111,"column":6},"end":{"line":115,"column":9}},"37":{"start":{"line":116,"column":6},"end":{"line":116,"column":13}},"38":{"start":{"line":120,"column":4},"end":{"line":123,"column":6}},"39":{"start":{"line":126,"column":18},"end":{"line":131,"column":6}},"40":{"start":{"line":133,"column":25},"end":{"line":133,"column":54}},"41":{"start":{"line":136,"column":25},"end":{"line":146,"column":6}},"42":{"start":{"line":148,"column":4},"end":{"line":148,"column":89}},"43":{"start":{"line":150,"column":4},"end":{"line":158,"column":7}},"44":{"start":{"line":160,"column":4},"end":{"line":160,"column":44}},"45":{"start":{"line":161,"column":4},"end":{"line":165,"column":7}},"46":{"start":{"line":90,"column":13},"end":{"line":90,"column":21}},"47":{"start":{"line":169,"column":28},"end":{"line":221,"column":1}},"48":{"start":{"line":170,"column":2},"end":{"line":220,"column":3}},"49":{"start":{"line":171,"column":29},"end":{"line":171,"column":37}},"50":{"start":{"line":173,"column":4},"end":{"line":179,"column":5}},"51":{"start":{"line":174,"column":6},"end":{"line":177,"column":9}},"52":{"start":{"line":178,"column":6},"end":{"line":178,"column":13}},"53":{"start":{"line":182,"column":20},"end":{"line":182,"column":52}},"54":{"start":{"line":185,"column":17},"end":{"line":187,"column":6}},"55":{"start":{"line":189,"column":4},"end":{"line":195,"column":5}},"56":{"start":{"line":190,"column":6},"end":{"line":193,"column":9}},"57":{"start":{"line":194,"column":6},"end":{"line":194,"column":13}},"58":{"start":{"line":198,"column":21},"end":{"line":203,"column":6}},"59":{"start":{"line":205,"column":28},"end":{"line":205,"column":57}},"60":{"start":{"line":207,"column":4},"end":{"line":213,"column":7}},"61":{"start":{"line":215,"column":4},"end":{"line":215,"column":52}},"62":{"start":{"line":216,"column":4},"end":{"line":219,"column":7}},"63":{"start":{"line":169,"column":13},"end":{"line":169,"column":28}},"64":{"start":{"line":223,"column":26},"end":{"line":254,"column":1}},"65":{"start":{"line":224,"column":2},"end":{"line":253,"column":3}},"66":{"start":{"line":225,"column":19},"end":{"line":225,"column":31}},"67":{"start":{"line":227,"column":17},"end":{"line":233,"column":6}},"68":{"start":{"line":235,"column":4},"end":{"line":241,"column":5}},"69":{"start":{"line":236,"column":6},"end":{"line":239,"column":9}},"70":{"start":{"line":240,"column":6},"end":{"line":240,"column":13}},"71":{"start":{"line":243,"column":4},"end":{"line":246,"column":7}},"72":{"start":{"line":248,"column":4},"end":{"line":248,"column":50}},"73":{"start":{"line":249,"column":4},"end":{"line":252,"column":7}},"74":{"start":{"line":223,"column":13},"end":{"line":223,"column":26}},"75":{"start":{"line":256,"column":29},"end":{"line":287,"column":1}},"76":{"start":{"line":257,"column":2},"end":{"line":286,"column":3}},"77":{"start":{"line":258,"column":19},"end":{"line":258,"column":31}},"78":{"start":{"line":259,"column":44},"end":{"line":259,"column":52}},"79":{"start":{"line":261,"column":4},"end":{"line":264,"column":6}},"80":{"start":{"line":266,"column":17},"end":{"line":271,"column":6}},"81":{"start":{"line":273,"column":4},"end":{"line":273,"column":56}},"82":{"start":{"line":275,"column":4},"end":{"line":279,"column":7}},"83":{"start":{"line":281,"column":4},"end":{"line":281,"column":53}},"84":{"start":{"line":282,"column":4},"end":{"line":285,"column":7}},"85":{"start":{"line":256,"column":13},"end":{"line":256,"column":29}}},"fnMap":{"0":{"name":"(anonymous_0)","decl":{"start":{"line":8,"column":24},"end":{"line":8,"column":29}},"loc":{"start":{"line":8,"column":77},"end":{"line":88,"column":1}}},"1":{"name":"(anonymous_1)","decl":{"start":{"line":90,"column":21},"end":{"line":90,"column":26}},"loc":{"start":{"line":90,"column":74},"end":{"line":167,"column":1}}},"2":{"name":"(anonymous_2)","decl":{"start":{"line":169,"column":28},"end":{"line":169,"column":33}},"loc":{"start":{"line":169,"column":81},"end":{"line":221,"column":1}}},"3":{"name":"(anonymous_3)","decl":{"start":{"line":223,"column":26},"end":{"line":223,"column":31}},"loc":{"start":{"line":223,"column":92},"end":{"line":254,"column":1}}},"4":{"name":"(anonymous_4)","decl":{"start":{"line":256,"column":29},"end":{"line":256,"column":34}},"loc":{"start":{"line":256,"column":95},"end":{"line":287,"column":1}}}},"branchMap":{"0":{"loc":{"start":{"line":21,"column":4},"end":{"line":28,"column":5}},"type":"if","locations":[{"start":{"line":21,"column":4},"end":{"line":28,"column":5}}]},"1":{"loc":{"start":{"line":43,"column":12},"end":{"line":43,"column":34}},"type":"binary-expr","locations":[{"start":{"line":43,"column":12},"end":{"line":43,"column":16}},{"start":{"line":43,"column":20},"end":{"line":43,"column":34}}]},"2":{"loc":{"start":{"line":99,"column":4},"end":{"line":106,"column":5}},"type":"if","locations":[{"start":{"line":99,"column":4},"end":{"line":106,"column":5}}]},"3":{"loc":{"start":{"line":99,"column":8},"end":{"line":99,"column":31}},"type":"binary-expr","locations":[{"start":{"line":99,"column":8},"end":{"line":99,"column":13}},{"start":{"line":99,"column":17},"end":{"line":99,"column":31}}]},"4":{"loc":{"start":{"line":110,"column":4},"end":{"line":117,"column":5}},"type":"if","locations":[{"start":{"line":110,"column":4},"end":{"line":117,"column":5}}]},"5":{"loc":{"start":{"line":173,"column":4},"end":{"line":179,"column":5}},"type":"if","locations":[{"start":{"line":173,"column":4},"end":{"line":179,"column":5}}]},"6":{"loc":{"start":{"line":189,"column":4},"end":{"line":195,"column":5}},"type":"if","locations":[{"start":{"line":189,"column":4},"end":{"line":195,"column":5}}]},"7":{"loc":{"start":{"line":189,"column":8},"end":{"line":189,"column":31}},"type":"binary-expr","locations":[{"start":{"line":189,"column":8},"end":{"line":189,"column":13}},{"start":{"line":189,"column":17},"end":{"line":189,"column":31}}]},"8":{"loc":{"start":{"line":235,"column":4},"end":{"line":241,"column":5}},"type":"if","locations":[{"start":{"line":235,"column":4},"end":{"line":241,"column":5}}]}},"s":{"0":1,"1":1,"2":1,"3":1,"4":1,"5":6,"6":6,"7":6,"8":6,"9":6,"10":6,"11":2,"12":2,"13":2,"14":4,"15":4,"16":4,"17":4,"18":4,"19":4,"20":4,"21":4,"22":4,"23":4,"24":0,"25":0,"26":1,"27":1,"28":0,"29":0,"30":0,"31":0,"32":0,"33":0,"34":0,"35":0,"36":0,"37":0,"38":0,"39":0,"40":0,"41":0,"42":0,"43":0,"44":0,"45":0,"46":1,"47":1,"48":0,"49":0,"50":0,"51":0,"52":0,"53":0,"54":0,"55":0,"56":0,"57":0,"58":0,"59":0,"60":0,"61":0,"62":0,"63":1,"64":1,"65":0,"66":0,"67":0,"68":0,"69":0,"70":0,"71":0,"72":0,"73":0,"74":1,"75":1,"76":0,"77":0,"78":0,"79":0,"80":0,"81":0,"82":0,"83":0,"84":0,"85":1},"f":{"0":6,"1":0,"2":0,"3":0,"4":0},"b":{"0":[2],"1":[4,0],"2":[0],"3":[0,0],"4":[0],"5":[0],"6":[0],"7":[0,0],"8":[0]}}
,"D:\\Projects\\Capstone-Project\\backend\\src\\controllers\\categoryController.ts": {"path":"D:\\Projects\\Capstone-Project\\backend\\src\\controllers\\categoryController.ts","statementMap":{"0":{"start":{"line":2,"column":0},"end":{"line":2,"column":84}},"1":{"start":{"line":3,"column":0},"end":{"line":3,"column":96}},"2":{"start":{"line":7,"column":4},"end":{"line":27,"column":5}},"3":{"start":{"line":8,"column":31},"end":{"line":8,"column":64}},"4":{"start":{"line":9,"column":6},"end":{"line":16,"column":7}},"5":{"start":{"line":10,"column":8},"end":{"line":14,"column":11}},"6":{"start":{"line":15,"column":8},"end":{"line":15,"column":15}},"7":{"start":{"line":18,"column":23},"end":{"line":18,"column":66}},"8":{"start":{"line":20,"column":6},"end":{"line":24,"column":9}},"9":{"start":{"line":26,"column":6},"end":{"line":26,"column":18}},"10":{"start":{"line":31,"column":4},"end":{"line":93,"column":5}},"11":{"start":{"line":32,"column":31},"end":{"line":32,"column":70}},"12":{"start":{"line":33,"column":6},"end":{"line":40,"column":7}},"13":{"start":{"line":34,"column":8},"end":{"line":38,"column":11}},"14":{"start":{"line":39,"column":8},"end":{"line":39,"column":15}},"15":{"start":{"line":42,"column":56},"end":{"line":42,"column":61}},"16":{"start":{"line":45,"column":6},"end":{"line":78,"column":7}},"17":{"start":{"line":46,"column":8},"end":{"line":75,"column":9}},"18":{"start":{"line":47,"column":29},"end":{"line":49,"column":null}},"19":{"start":{"line":51,"column":10},"end":{"line":51,"column":100}},"20":{"start":{"line":54,"column":10},"end":{"line":68,"column":11}},"21":{"start":{"line":55,"column":12},"end":{"line":55,"column":87}},"22":{"start":{"line":56,"column":34},"end":{"line":59,"column":38}},"23":{"start":{"line":60,"column":12},"end":{"line":60,"column":35}},"24":{"start":{"line":62,"column":12},"end":{"line":67,"column":14}},"25":{"start":{"line":70,"column":10},"end":{"line":70,"column":85}},"26":{"start":{"line":71,"column":10},"end":{"line":74,"column":37}},"27":{"start":{"line":77,"column":8},"end":{"line":77,"column":89}},"28":{"start":{"line":80,"column":6},"end":{"line":90,"column":9}},"29":{"start":{"line":92,"column":6},"end":{"line":92,"column":18}},"30":{"start":{"line":97,"column":4},"end":{"line":123,"column":5}},"31":{"start":{"line":98,"column":17},"end":{"line":98,"column":40}},"32":{"start":{"line":99,"column":6},"end":{"line":105,"column":7}},"33":{"start":{"line":100,"column":8},"end":{"line":103,"column":11}},"34":{"start":{"line":104,"column":8},"end":{"line":104,"column":15}},"35":{"start":{"line":107,"column":23},"end":{"line":107,"column":64}},"36":{"start":{"line":108,"column":6},"end":{"line":114,"column":7}},"37":{"start":{"line":109,"column":8},"end":{"line":112,"column":11}},"38":{"start":{"line":113,"column":8},"end":{"line":113,"column":15}},"39":{"start":{"line":116,"column":6},"end":{"line":120,"column":9}},"40":{"start":{"line":122,"column":6},"end":{"line":122,"column":18}},"41":{"start":{"line":127,"column":4},"end":{"line":165,"column":5}},"42":{"start":{"line":128,"column":17},"end":{"line":128,"column":40}},"43":{"start":{"line":129,"column":6},"end":{"line":136,"column":7}},"44":{"start":{"line":130,"column":8},"end":{"line":134,"column":11}},"45":{"start":{"line":135,"column":8},"end":{"line":135,"column":15}},"46":{"start":{"line":138,"column":31},"end":{"line":138,"column":70}},"47":{"start":{"line":139,"column":6},"end":{"line":146,"column":7}},"48":{"start":{"line":140,"column":8},"end":{"line":144,"column":11}},"49":{"start":{"line":145,"column":8},"end":{"line":145,"column":15}},"50":{"start":{"line":148,"column":23},"end":{"line":148,"column":70}},"51":{"start":{"line":149,"column":6},"end":{"line":156,"column":7}},"52":{"start":{"line":150,"column":8},"end":{"line":154,"column":11}},"53":{"start":{"line":155,"column":8},"end":{"line":155,"column":15}},"54":{"start":{"line":158,"column":6},"end":{"line":162,"column":9}},"55":{"start":{"line":164,"column":6},"end":{"line":164,"column":18}},"56":{"start":{"line":169,"column":4},"end":{"line":197,"column":5}},"57":{"start":{"line":170,"column":17},"end":{"line":170,"column":40}},"58":{"start":{"line":171,"column":6},"end":{"line":178,"column":7}},"59":{"start":{"line":172,"column":8},"end":{"line":176,"column":11}},"60":{"start":{"line":177,"column":8},"end":{"line":177,"column":15}},"61":{"start":{"line":180,"column":22},"end":{"line":180,"column":62}},"62":{"start":{"line":182,"column":6},"end":{"line":189,"column":7}},"63":{"start":{"line":183,"column":8},"end":{"line":187,"column":11}},"64":{"start":{"line":188,"column":8},"end":{"line":188,"column":15}},"65":{"start":{"line":191,"column":6},"end":{"line":194,"column":9}},"66":{"start":{"line":196,"column":6},"end":{"line":196,"column":18}},"67":{"start":{"line":201,"column":4},"end":{"line":221,"column":5}},"68":{"start":{"line":202,"column":17},"end":{"line":202,"column":40}},"69":{"start":{"line":203,"column":6},"end":{"line":210,"column":7}},"70":{"start":{"line":204,"column":8},"end":{"line":208,"column":11}},"71":{"start":{"line":209,"column":8},"end":{"line":209,"column":15}},"72":{"start":{"line":212,"column":19},"end":{"line":212,"column":60}},"73":{"start":{"line":214,"column":6},"end":{"line":218,"column":9}},"74":{"start":{"line":220,"column":6},"end":{"line":220,"column":18}},"75":{"start":{"line":225,"column":4},"end":{"line":247,"column":5}},"76":{"start":{"line":226,"column":23},"end":{"line":226,"column":46}},"77":{"start":{"line":227,"column":6},"end":{"line":234,"column":7}},"78":{"start":{"line":228,"column":8},"end":{"line":232,"column":11}},"79":{"start":{"line":233,"column":8},"end":{"line":233,"column":15}},"80":{"start":{"line":236,"column":20},"end":{"line":236,"column":60}},"81":{"start":{"line":237,"column":28},"end":{"line":237,"column":83}},"82":{"start":{"line":239,"column":6},"end":{"line":244,"column":9}},"83":{"start":{"line":246,"column":6},"end":{"line":246,"column":18}},"84":{"start":{"line":251,"column":4},"end":{"line":281,"column":5}},"85":{"start":{"line":252,"column":20},"end":{"line":252,"column":41}},"86":{"start":{"line":253,"column":6},"end":{"line":260,"column":7}},"87":{"start":{"line":254,"column":8},"end":{"line":258,"column":11}},"88":{"start":{"line":259,"column":8},"end":{"line":259,"column":15}},"89":{"start":{"line":262,"column":44},"end":{"line":268,"column":8}},"90":{"start":{"line":270,"column":21},"end":{"line":270,"column":82}},"91":{"start":{"line":272,"column":6},"end":{"line":278,"column":9}},"92":{"start":{"line":280,"column":6},"end":{"line":280,"column":18}},"93":{"start":{"line":5,"column":0},"end":{"line":5,"column":13}},"94":{"start":{"line":285,"column":13},"end":{"line":285,"column":59}}},"fnMap":{"0":{"name":"(anonymous_0)","decl":{"start":{"line":6,"column":2},"end":{"line":6,"column":7}},"loc":{"start":{"line":6,"column":70},"end":{"line":28,"column":3}}},"1":{"name":"(anonymous_1)","decl":{"start":{"line":30,"column":2},"end":{"line":30,"column":7}},"loc":{"start":{"line":30,"column":72},"end":{"line":94,"column":3}}},"2":{"name":"(anonymous_2)","decl":{"start":{"line":96,"column":2},"end":{"line":96,"column":7}},"loc":{"start":{"line":96,"column":71},"end":{"line":124,"column":3}}},"3":{"name":"(anonymous_3)","decl":{"start":{"line":126,"column":2},"end":{"line":126,"column":7}},"loc":{"start":{"line":126,"column":70},"end":{"line":166,"column":3}}},"4":{"name":"(anonymous_4)","decl":{"start":{"line":168,"column":2},"end":{"line":168,"column":7}},"loc":{"start":{"line":168,"column":70},"end":{"line":198,"column":3}}},"5":{"name":"(anonymous_5)","decl":{"start":{"line":200,"column":2},"end":{"line":200,"column":7}},"loc":{"start":{"line":200,"column":71},"end":{"line":222,"column":3}}},"6":{"name":"(anonymous_6)","decl":{"start":{"line":224,"column":2},"end":{"line":224,"column":7}},"loc":{"start":{"line":224,"column":72},"end":{"line":248,"column":3}}},"7":{"name":"(anonymous_7)","decl":{"start":{"line":250,"column":2},"end":{"line":250,"column":7}},"loc":{"start":{"line":250,"column":72},"end":{"line":282,"column":3}}}},"branchMap":{"0":{"loc":{"start":{"line":9,"column":6},"end":{"line":16,"column":7}},"type":"if","locations":[{"start":{"line":9,"column":6},"end":{"line":16,"column":7}}]},"1":{"loc":{"start":{"line":33,"column":6},"end":{"line":40,"column":7}},"type":"if","locations":[{"start":{"line":33,"column":6},"end":{"line":40,"column":7}}]},"2":{"loc":{"start":{"line":45,"column":6},"end":{"line":78,"column":7}},"type":"if","locations":[{"start":{"line":45,"column":6},"end":{"line":78,"column":7}},{"start":{"line":76,"column":13},"end":{"line":78,"column":7}}]},"3":{"loc":{"start":{"line":48,"column":12},"end":{"line":48,"column":30}},"type":"binary-expr","locations":[{"start":{"line":48,"column":12},"end":{"line":48,"column":25}},{"start":{"line":48,"column":29},"end":{"line":48,"column":30}}]},"4":{"loc":{"start":{"line":49,"column":12},"end":{"line":49,"column":64}},"type":"binary-expr","locations":[{"start":{"line":49,"column":12},"end":{"line":49,"column":37}},{"start":{"line":49,"column":41},"end":{"line":49,"column":64}}]},"5":{"loc":{"start":{"line":54,"column":10},"end":{"line":68,"column":11}},"type":"if","locations":[{"start":{"line":54,"column":10},"end":{"line":68,"column":11}},{"start":{"line":61,"column":17},"end":{"line":68,"column":11}}]},"6":{"loc":{"start":{"line":87,"column":17},"end":{"line":87,"column":36}},"type":"binary-expr","locations":[{"start":{"line":87,"column":17},"end":{"line":87,"column":30}},{"start":{"line":87,"column":34},"end":{"line":87,"column":36}}]},"7":{"loc":{"start":{"line":99,"column":6},"end":{"line":105,"column":7}},"type":"if","locations":[{"start":{"line":99,"column":6},"end":{"line":105,"column":7}}]},"8":{"loc":{"start":{"line":108,"column":6},"end":{"line":114,"column":7}},"type":"if","locations":[{"start":{"line":108,"column":6},"end":{"line":114,"column":7}}]},"9":{"loc":{"start":{"line":129,"column":6},"end":{"line":136,"column":7}},"type":"if","locations":[{"start":{"line":129,"column":6},"end":{"line":136,"column":7}}]},"10":{"loc":{"start":{"line":139,"column":6},"end":{"line":146,"column":7}},"type":"if","locations":[{"start":{"line":139,"column":6},"end":{"line":146,"column":7}}]},"11":{"loc":{"start":{"line":149,"column":6},"end":{"line":156,"column":7}},"type":"if","locations":[{"start":{"line":149,"column":6},"end":{"line":156,"column":7}}]},"12":{"loc":{"start":{"line":171,"column":6},"end":{"line":178,"column":7}},"type":"if","locations":[{"start":{"line":171,"column":6},"end":{"line":178,"column":7}}]},"13":{"loc":{"start":{"line":182,"column":6},"end":{"line":189,"column":7}},"type":"if","locations":[{"start":{"line":182,"column":6},"end":{"line":189,"column":7}}]},"14":{"loc":{"start":{"line":203,"column":6},"end":{"line":210,"column":7}},"type":"if","locations":[{"start":{"line":203,"column":6},"end":{"line":210,"column":7}}]},"15":{"loc":{"start":{"line":227,"column":6},"end":{"line":234,"column":7}},"type":"if","locations":[{"start":{"line":227,"column":6},"end":{"line":234,"column":7}}]},"16":{"loc":{"start":{"line":236,"column":20},"end":{"line":236,"column":60}},"type":"binary-expr","locations":[{"start":{"line":236,"column":20},"end":{"line":236,"column":55}},{"start":{"line":236,"column":59},"end":{"line":236,"column":60}}]},"17":{"loc":{"start":{"line":253,"column":6},"end":{"line":260,"column":7}},"type":"if","locations":[{"start":{"line":253,"column":6},"end":{"line":260,"column":7}}]},"18":{"loc":{"start":{"line":253,"column":10},"end":{"line":253,"column":45}},"type":"binary-expr","locations":[{"start":{"line":253,"column":10},"end":{"line":253,"column":16}},{"start":{"line":253,"column":20},"end":{"line":253,"column":45}}]},"19":{"loc":{"start":{"line":263,"column":14},"end":{"line":263,"column":53}},"type":"binary-expr","locations":[{"start":{"line":263,"column":14},"end":{"line":263,"column":48}},{"start":{"line":263,"column":52},"end":{"line":263,"column":53}}]},"20":{"loc":{"start":{"line":264,"column":15},"end":{"line":264,"column":56}},"type":"binary-expr","locations":[{"start":{"line":264,"column":15},"end":{"line":264,"column":50}},{"start":{"line":264,"column":54},"end":{"line":264,"column":56}}]},"21":{"loc":{"start":{"line":265,"column":18},"end":{"line":265,"column":63}},"type":"cond-expr","locations":[{"start":{"line":265,"column":51},"end":{"line":265,"column":56}},{"start":{"line":265,"column":59},"end":{"line":265,"column":63}}]},"22":{"loc":{"start":{"line":267,"column":15},"end":{"line":267,"column":55}},"type":"binary-expr","locations":[{"start":{"line":267,"column":15},"end":{"line":267,"column":50}},{"start":{"line":267,"column":54},"end":{"line":267,"column":55}}]}},"s":{"0":1,"1":1,"2":4,"3":4,"4":4,"5":1,"6":1,"7":3,"8":3,"9":0,"10":4,"11":4,"12":4,"13":0,"14":0,"15":4,"16":4,"17":0,"18":0,"19":0,"20":0,"21":0,"22":0,"23":0,"24":0,"25":0,"26":0,"27":4,"28":4,"29":0,"30":5,"31":5,"32":5,"33":2,"34":2,"35":3,"36":3,"37":1,"38":1,"39":2,"40":0,"41":3,"42":3,"43":3,"44":0,"45":0,"46":3,"47":3,"48":1,"49":1,"50":2,"51":2,"52":1,"53":1,"54":1,"55":0,"56":3,"57":3,"58":3,"59":0,"60":0,"61":3,"62":2,"63":0,"64":0,"65":2,"66":1,"67":0,"68":0,"69":0,"70":0,"71":0,"72":0,"73":0,"74":0,"75":0,"76":0,"77":0,"78":0,"79":0,"80":0,"81":0,"82":0,"83":0,"84":3,"85":3,"86":3,"87":1,"88":1,"89":2,"90":2,"91":2,"92":0,"93":1,"94":1},"f":{"0":4,"1":4,"2":5,"3":3,"4":3,"5":0,"6":0,"7":3},"b":{"0":[1],"1":[0],"2":[0,4],"3":[0,0],"4":[0,0],"5":[0,0],"6":[4,0],"7":[2],"8":[1],"9":[0],"10":[1],"11":[1],"12":[0],"13":[0],"14":[0],"15":[0],"16":[0,0],"17":[1],"18":[3,2],"19":[2,2],"20":[2,2],"21":[0,2],"22":[2,2]}}
,"D:\\Projects\\Capstone-Project\\backend\\src\\controllers\\matchController.ts": {"path":"D:\\Projects\\Capstone-Project\\backend\\src\\controllers\\matchController.ts","statementMap":{"0":{"start":{"line":3,"column":0},"end":{"line":3,"column":56}},"1":{"start":{"line":4,"column":0},"end":{"line":4,"column":66}},"2":{"start":{"line":5,"column":0},"end":{"line":5,"column":52}},"3":{"start":{"line":10,"column":30},"end":{"line":27,"column":1}},"4":{"start":{"line":11,"column":2},"end":{"line":26,"column":3}},"5":{"start":{"line":12,"column":24},"end":{"line":12,"column":58}},"6":{"start":{"line":14,"column":4},"end":{"line":18,"column":7}},"7":{"start":{"line":20,"column":4},"end":{"line":20,"column":60}},"8":{"start":{"line":21,"column":4},"end":{"line":25,"column":7}},"9":{"start":{"line":10,"column":13},"end":{"line":10,"column":30}},"10":{"start":{"line":32,"column":31},"end":{"line":61,"column":1}},"11":{"start":{"line":33,"column":2},"end":{"line":60,"column":3}},"12":{"start":{"line":34,"column":37},"end":{"line":34,"column":45}},"13":{"start":{"line":35,"column":19},"end":{"line":35,"column":36}},"14":{"start":{"line":37,"column":4},"end":{"line":44,"column":5}},"15":{"start":{"line":38,"column":6},"end":{"line":42,"column":9}},"16":{"start":{"line":43,"column":6},"end":{"line":43,"column":13}},"17":{"start":{"line":46,"column":20},"end":{"line":46,"column":94}},"18":{"start":{"line":48,"column":4},"end":{"line":52,"column":7}},"19":{"start":{"line":54,"column":4},"end":{"line":54,"column":58}},"20":{"start":{"line":55,"column":4},"end":{"line":59,"column":7}},"21":{"start":{"line":32,"column":13},"end":{"line":32,"column":31}},"22":{"start":{"line":66,"column":38},"end":{"line":95,"column":1}},"23":{"start":{"line":67,"column":2},"end":{"line":94,"column":3}},"24":{"start":{"line":68,"column":40},"end":{"line":68,"column":48}},"25":{"start":{"line":69,"column":19},"end":{"line":69,"column":36}},"26":{"start":{"line":71,"column":4},"end":{"line":78,"column":5}},"27":{"start":{"line":72,"column":6},"end":{"line":76,"column":9}},"28":{"start":{"line":77,"column":6},"end":{"line":77,"column":13}},"29":{"start":{"line":80,"column":20},"end":{"line":80,"column":88}},"30":{"start":{"line":82,"column":4},"end":{"line":86,"column":7}},"31":{"start":{"line":88,"column":4},"end":{"line":88,"column":65}},"32":{"start":{"line":89,"column":4},"end":{"line":93,"column":7}},"33":{"start":{"line":66,"column":13},"end":{"line":66,"column":38}},"34":{"start":{"line":100,"column":25},"end":{"line":137,"column":1}},"35":{"start":{"line":101,"column":2},"end":{"line":136,"column":3}},"36":{"start":{"line":102,"column":24},"end":{"line":102,"column":34}},"37":{"start":{"line":103,"column":19},"end":{"line":103,"column":36}},"38":{"start":{"line":105,"column":4},"end":{"line":112,"column":5}},"39":{"start":{"line":106,"column":6},"end":{"line":110,"column":9}},"40":{"start":{"line":111,"column":6},"end":{"line":111,"column":13}},"41":{"start":{"line":114,"column":20},"end":{"line":114,"column":69}},"42":{"start":{"line":116,"column":4},"end":{"line":128,"column":5}},"43":{"start":{"line":117,"column":6},"end":{"line":121,"column":9}},"44":{"start":{"line":123,"column":6},"end":{"line":127,"column":9}},"45":{"start":{"line":130,"column":4},"end":{"line":130,"column":52}},"46":{"start":{"line":131,"column":4},"end":{"line":135,"column":7}},"47":{"start":{"line":100,"column":13},"end":{"line":100,"column":25}},"48":{"start":{"line":142,"column":24},"end":{"line":210,"column":1}},"49":{"start":{"line":143,"column":2},"end":{"line":209,"column":3}},"50":{"start":{"line":144,"column":24},"end":{"line":144,"column":34}},"51":{"start":{"line":146,"column":4},"end":{"line":153,"column":5}},"52":{"start":{"line":147,"column":6},"end":{"line":151,"column":9}},"53":{"start":{"line":152,"column":6},"end":{"line":152,"column":13}},"54":{"start":{"line":155,"column":18},"end":{"line":155,"column":52}},"55":{"start":{"line":157,"column":4},"end":{"line":164,"column":5}},"56":{"start":{"line":158,"column":6},"end":{"line":162,"column":9}},"57":{"start":{"line":163,"column":6},"end":{"line":163,"column":13}},"58":{"start":{"line":167,"column":25},"end":{"line":179,"column":7}},"59":{"start":{"line":167,"column":75},"end":{"line":179,"column":6}},"60":{"start":{"line":181,"column":4},"end":{"line":201,"column":7}},"61":{"start":{"line":203,"column":4},"end":{"line":203,"column":61}},"62":{"start":{"line":204,"column":4},"end":{"line":208,"column":7}},"63":{"start":{"line":142,"column":13},"end":{"line":142,"column":24}},"64":{"start":{"line":215,"column":35},"end":{"line":232,"column":1}},"65":{"start":{"line":216,"column":2},"end":{"line":231,"column":3}},"66":{"start":{"line":217,"column":20},"end":{"line":217,"column":54}},"67":{"start":{"line":219,"column":4},"end":{"line":223,"column":7}},"68":{"start":{"line":225,"column":4},"end":{"line":225,"column":65}},"69":{"start":{"line":226,"column":4},"end":{"line":230,"column":7}},"70":{"start":{"line":215,"column":13},"end":{"line":215,"column":35}},"71":{"start":{"line":237,"column":31},"end":{"line":266,"column":1}},"72":{"start":{"line":238,"column":2},"end":{"line":265,"column":3}},"73":{"start":{"line":239,"column":19},"end":{"line":239,"column":36}},"74":{"start":{"line":240,"column":37},"end":{"line":240,"column":46}},"75":{"start":{"line":244,"column":4},"end":{"line":257,"column":7}},"76":{"start":{"line":259,"column":4},"end":{"line":259,"column":61}},"77":{"start":{"line":260,"column":4},"end":{"line":264,"column":7}},"78":{"start":{"line":237,"column":13},"end":{"line":237,"column":31}}},"fnMap":{"0":{"name":"(anonymous_0)","decl":{"start":{"line":10,"column":30},"end":{"line":10,"column":35}},"loc":{"start":{"line":10,"column":96},"end":{"line":27,"column":1}}},"1":{"name":"(anonymous_1)","decl":{"start":{"line":32,"column":31},"end":{"line":32,"column":36}},"loc":{"start":{"line":32,"column":97},"end":{"line":61,"column":1}}},"2":{"name":"(anonymous_2)","decl":{"start":{"line":66,"column":38},"end":{"line":66,"column":43}},"loc":{"start":{"line":66,"column":104},"end":{"line":95,"column":1}}},"3":{"name":"(anonymous_3)","decl":{"start":{"line":100,"column":25},"end":{"line":100,"column":30}},"loc":{"start":{"line":100,"column":91},"end":{"line":137,"column":1}}},"4":{"name":"(anonymous_4)","decl":{"start":{"line":142,"column":24},"end":{"line":142,"column":29}},"loc":{"start":{"line":142,"column":90},"end":{"line":210,"column":1}}},"5":{"name":"(anonymous_5)","decl":{"start":{"line":167,"column":64},"end":{"line":167,"column":70}},"loc":{"start":{"line":167,"column":75},"end":{"line":179,"column":6}}},"6":{"name":"(anonymous_6)","decl":{"start":{"line":215,"column":35},"end":{"line":215,"column":40}},"loc":{"start":{"line":215,"column":101},"end":{"line":232,"column":1}}},"7":{"name":"(anonymous_7)","decl":{"start":{"line":237,"column":31},"end":{"line":237,"column":36}},"loc":{"start":{"line":237,"column":97},"end":{"line":266,"column":1}}}},"branchMap":{"0":{"loc":{"start":{"line":35,"column":19},"end":{"line":35,"column":36}},"type":"binary-expr","locations":[{"start":{"line":35,"column":19},"end":{"line":35,"column":31}},{"start":{"line":35,"column":35},"end":{"line":35,"column":36}}]},"1":{"loc":{"start":{"line":37,"column":4},"end":{"line":44,"column":5}},"type":"if","locations":[{"start":{"line":37,"column":4},"end":{"line":44,"column":5}}]},"2":{"loc":{"start":{"line":58,"column":15},"end":{"line":58,"column":100}},"type":"cond-expr","locations":[{"start":{"line":58,"column":40},"end":{"line":58,"column":53}},{"start":{"line":58,"column":56},"end":{"line":58,"column":100}}]},"3":{"loc":{"start":{"line":68,"column":20},"end":{"line":68,"column":35}},"type":"default-arg","locations":[{"start":{"line":68,"column":33},"end":{"line":68,"column":35}}]},"4":{"loc":{"start":{"line":69,"column":19},"end":{"line":69,"column":36}},"type":"binary-expr","locations":[{"start":{"line":69,"column":19},"end":{"line":69,"column":31}},{"start":{"line":69,"column":35},"end":{"line":69,"column":36}}]},"5":{"loc":{"start":{"line":71,"column":4},"end":{"line":78,"column":5}},"type":"if","locations":[{"start":{"line":71,"column":4},"end":{"line":78,"column":5}}]},"6":{"loc":{"start":{"line":92,"column":15},"end":{"line":92,"column":100}},"type":"cond-expr","locations":[{"start":{"line":92,"column":40},"end":{"line":92,"column":53}},{"start":{"line":92,"column":56},"end":{"line":92,"column":100}}]},"7":{"loc":{"start":{"line":103,"column":19},"end":{"line":103,"column":36}},"type":"binary-expr","locations":[{"start":{"line":103,"column":19},"end":{"line":103,"column":31}},{"start":{"line":103,"column":35},"end":{"line":103,"column":36}}]},"8":{"loc":{"start":{"line":105,"column":4},"end":{"line":112,"column":5}},"type":"if","locations":[{"start":{"line":105,"column":4},"end":{"line":112,"column":5}}]},"9":{"loc":{"start":{"line":116,"column":4},"end":{"line":128,"column":5}},"type":"if","locations":[{"start":{"line":116,"column":4},"end":{"line":128,"column":5}},{"start":{"line":122,"column":11},"end":{"line":128,"column":5}}]},"10":{"loc":{"start":{"line":134,"column":15},"end":{"line":134,"column":99}},"type":"cond-expr","locations":[{"start":{"line":134,"column":40},"end":{"line":134,"column":53}},{"start":{"line":134,"column":56},"end":{"line":134,"column":99}}]},"11":{"loc":{"start":{"line":146,"column":4},"end":{"line":153,"column":5}},"type":"if","locations":[{"start":{"line":146,"column":4},"end":{"line":153,"column":5}}]},"12":{"loc":{"start":{"line":157,"column":4},"end":{"line":164,"column":5}},"type":"if","locations":[{"start":{"line":157,"column":4},"end":{"line":164,"column":5}}]},"13":{"loc":{"start":{"line":173,"column":18},"end":{"line":178,"column":19}},"type":"cond-expr","locations":[{"start":{"line":173,"column":32},"end":{"line":178,"column":8}},{"start":{"line":178,"column":10},"end":{"line":178,"column":19}}]},"14":{"loc":{"start":{"line":239,"column":19},"end":{"line":239,"column":36}},"type":"binary-expr","locations":[{"start":{"line":239,"column":19},"end":{"line":239,"column":31}},{"start":{"line":239,"column":35},"end":{"line":239,"column":36}}]},"15":{"loc":{"start":{"line":240,"column":12},"end":{"line":240,"column":20}},"type":"default-arg","locations":[{"start":{"line":240,"column":19},"end":{"line":240,"column":20}}]},"16":{"loc":{"start":{"line":240,"column":22},"end":{"line":240,"column":32}},"type":"default-arg","locations":[{"start":{"line":240,"column":30},"end":{"line":240,"column":32}}]}},"s":{"0":0,"1":0,"2":0,"3":0,"4":0,"5":0,"6":0,"7":0,"8":0,"9":0,"10":0,"11":0,"12":0,"13":0,"14":0,"15":0,"16":0,"17":0,"18":0,"19":0,"20":0,"21":0,"22":0,"23":0,"24":0,"25":0,"26":0,"27":0,"28":0,"29":0,"30":0,"31":0,"32":0,"33":0,"34":0,"35":0,"36":0,"37":0,"38":0,"39":0,"40":0,"41":0,"42":0,"43":0,"44":0,"45":0,"46":0,"47":0,"48":0,"49":0,"50":0,"51":0,"52":0,"53":0,"54":0,"55":0,"56":0,"57":0,"58":0,"59":0,"60":0,"61":0,"62":0,"63":0,"64":0,"65":0,"66":0,"67":0,"68":0,"69":0,"70":0,"71":0,"72":0,"73":0,"74":0,"75":0,"76":0,"77":0,"78":0},"f":{"0":0,"1":0,"2":0,"3":0,"4":0,"5":0,"6":0,"7":0},"b":{"0":[0,0],"1":[0],"2":[0,0],"3":[0],"4":[0,0],"5":[0],"6":[0,0],"7":[0,0],"8":[0],"9":[0,0],"10":[0,0],"11":[0],"12":[0],"13":[0,0],"14":[0,0],"15":[0],"16":[0]}}
,"D:\\Projects\\Capstone-Project\\backend\\src\\controllers\\questionBankController.ts": {"path":"D:\\Projects\\Capstone-Project\\backend\\src\\controllers\\questionBankController.ts","statementMap":{"0":{"start":{"line":2,"column":0},"end":{"line":2,"column":70}},"1":{"start":{"line":3,"column":0},"end":{"line":3,"column":68}},"2":{"start":{"line":5,"column":0},"end":{"line":5,"column":52}},"3":{"start":{"line":6,"column":0},"end":{"line":6,"column":28}},"4":{"start":{"line":8,"column":28},"end":{"line":8,"column":53}},"5":{"start":{"line":11,"column":15},"end":{"line":24,"column":2}},"6":{"start":{"line":17,"column":4},"end":{"line":22,"column":5}},"7":{"start":{"line":19,"column":6},"end":{"line":19,"column":21}},"8":{"start":{"line":21,"column":6},"end":{"line":21,"column":52}},"9":{"start":{"line":26,"column":13},"end":{"line":26,"column":54}},"10":{"start":{"line":28,"column":30},"end":{"line":55,"column":1}},"11":{"start":{"line":29,"column":2},"end":{"line":54,"column":3}},"12":{"start":{"line":30,"column":62},"end":{"line":30,"column":70}},"13":{"start":{"line":32,"column":24},"end":{"line":32,"column":41}},"14":{"start":{"line":34,"column":21},"end":{"line":40,"column":6}},"15":{"start":{"line":42,"column":4},"end":{"line":46,"column":7}},"16":{"start":{"line":48,"column":4},"end":{"line":48,"column":56}},"17":{"start":{"line":49,"column":4},"end":{"line":53,"column":7}},"18":{"start":{"line":28,"column":13},"end":{"line":28,"column":30}},"19":{"start":{"line":57,"column":38},"end":{"line":77,"column":1}},"20":{"start":{"line":58,"column":2},"end":{"line":76,"column":3}},"21":{"start":{"line":59,"column":23},"end":{"line":59,"column":54}},"22":{"start":{"line":60,"column":17},"end":{"line":60,"column":56}},"23":{"start":{"line":61,"column":18},"end":{"line":61,"column":59}},"24":{"start":{"line":63,"column":19},"end":{"line":63,"column":92}},"25":{"start":{"line":65,"column":4},"end":{"line":68,"column":7}},"26":{"start":{"line":70,"column":4},"end":{"line":70,"column":69}},"27":{"start":{"line":71,"column":4},"end":{"line":75,"column":7}},"28":{"start":{"line":57,"column":13},"end":{"line":57,"column":38}},"29":{"start":{"line":79,"column":31},"end":{"line":99,"column":1}},"30":{"start":{"line":80,"column":2},"end":{"line":98,"column":3}},"31":{"start":{"line":81,"column":17},"end":{"line":81,"column":56}},"32":{"start":{"line":82,"column":18},"end":{"line":82,"column":59}},"33":{"start":{"line":83,"column":23},"end":{"line":83,"column":50}},"34":{"start":{"line":85,"column":19},"end":{"line":85,"column":85}},"35":{"start":{"line":87,"column":4},"end":{"line":90,"column":7}},"36":{"start":{"line":92,"column":4},"end":{"line":92,"column":61}},"37":{"start":{"line":93,"column":4},"end":{"line":97,"column":7}},"38":{"start":{"line":79,"column":13},"end":{"line":79,"column":31}},"39":{"start":{"line":101,"column":31},"end":{"line":127,"column":1}},"40":{"start":{"line":102,"column":2},"end":{"line":126,"column":3}},"41":{"start":{"line":103,"column":15},"end":{"line":103,"column":38}},"42":{"start":{"line":104,"column":21},"end":{"line":104,"column":66}},"43":{"start":{"line":106,"column":4},"end":{"line":113,"column":5}},"44":{"start":{"line":107,"column":6},"end":{"line":111,"column":9}},"45":{"start":{"line":112,"column":6},"end":{"line":112,"column":13}},"46":{"start":{"line":115,"column":4},"end":{"line":118,"column":7}},"47":{"start":{"line":120,"column":4},"end":{"line":120,"column":62}},"48":{"start":{"line":121,"column":4},"end":{"line":125,"column":7}},"49":{"start":{"line":101,"column":13},"end":{"line":101,"column":31}},"50":{"start":{"line":129,"column":30},"end":{"line":154,"column":1}},"51":{"start":{"line":130,"column":2},"end":{"line":153,"column":3}},"52":{"start":{"line":131,"column":15},"end":{"line":131,"column":38}},"53":{"start":{"line":132,"column":62},"end":{"line":132,"column":70}},"54":{"start":{"line":134,"column":21},"end":{"line":139,"column":6}},"55":{"start":{"line":141,"column":4},"end":{"line":145,"column":7}},"56":{"start":{"line":147,"column":4},"end":{"line":147,"column":56}},"57":{"start":{"line":148,"column":4},"end":{"line":152,"column":7}},"58":{"start":{"line":129,"column":13},"end":{"line":129,"column":30}},"59":{"start":{"line":156,"column":30},"end":{"line":173,"column":1}},"60":{"start":{"line":157,"column":2},"end":{"line":172,"column":3}},"61":{"start":{"line":158,"column":15},"end":{"line":158,"column":38}},"62":{"start":{"line":159,"column":4},"end":{"line":159,"column":49}},"63":{"start":{"line":161,"column":4},"end":{"line":164,"column":7}},"64":{"start":{"line":166,"column":4},"end":{"line":166,"column":56}},"65":{"start":{"line":167,"column":4},"end":{"line":171,"column":7}},"66":{"start":{"line":156,"column":13},"end":{"line":156,"column":30}},"67":{"start":{"line":175,"column":26},"end":{"line":200,"column":1}},"68":{"start":{"line":176,"column":2},"end":{"line":199,"column":3}},"69":{"start":{"line":177,"column":38},"end":{"line":177,"column":46}},"70":{"start":{"line":179,"column":24},"end":{"line":179,"column":41}},"71":{"start":{"line":181,"column":19},"end":{"line":185,"column":6}},"72":{"start":{"line":187,"column":4},"end":{"line":191,"column":7}},"73":{"start":{"line":193,"column":4},"end":{"line":193,"column":53}},"74":{"start":{"line":194,"column":4},"end":{"line":198,"column":7}},"75":{"start":{"line":175,"column":13},"end":{"line":175,"column":26}},"76":{"start":{"line":202,"column":27},"end":{"line":272,"column":1}},"77":{"start":{"line":203,"column":2},"end":{"line":271,"column":3}},"78":{"start":{"line":204,"column":4},"end":{"line":211,"column":5}},"79":{"start":{"line":205,"column":6},"end":{"line":209,"column":9}},"80":{"start":{"line":210,"column":6},"end":{"line":210,"column":13}},"81":{"start":{"line":213,"column":23},"end":{"line":213,"column":52}},"82":{"start":{"line":214,"column":33},"end":{"line":214,"column":73}},"83":{"start":{"line":215,"column":29},"end":{"line":215,"column":97}},"84":{"start":{"line":217,"column":4},"end":{"line":224,"column":5}},"85":{"start":{"line":218,"column":6},"end":{"line":222,"column":9}},"86":{"start":{"line":223,"column":6},"end":{"line":223,"column":13}},"87":{"start":{"line":227,"column":24},"end":{"line":227,"column":41}},"88":{"start":{"line":229,"column":4},"end":{"line":235,"column":7}},"89":{"start":{"line":238,"column":19},"end":{"line":243,"column":6}},"90":{"start":{"line":245,"column":4},"end":{"line":263,"column":7}},"91":{"start":{"line":256,"column":62},"end":{"line":261,"column":10}},"92":{"start":{"line":265,"column":4},"end":{"line":265,"column":59}},"93":{"start":{"line":266,"column":4},"end":{"line":270,"column":7}},"94":{"start":{"line":202,"column":13},"end":{"line":202,"column":27}},"95":{"start":{"line":274,"column":32},"end":{"line":289,"column":1}},"96":{"start":{"line":275,"column":2},"end":{"line":288,"column":3}},"97":{"start":{"line":276,"column":27},"end":{"line":276,"column":64}},"98":{"start":{"line":278,"column":4},"end":{"line":278,"column":103}},"99":{"start":{"line":279,"column":4},"end":{"line":279,"column":95}},"100":{"start":{"line":280,"column":4},"end":{"line":280,"column":29}},"101":{"start":{"line":282,"column":4},"end":{"line":282,"column":58}},"102":{"start":{"line":283,"column":4},"end":{"line":287,"column":7}},"103":{"start":{"line":274,"column":13},"end":{"line":274,"column":32}},"104":{"start":{"line":291,"column":31},"end":{"line":322,"column":1}},"105":{"start":{"line":292,"column":2},"end":{"line":321,"column":3}},"106":{"start":{"line":293,"column":49},"end":{"line":293,"column":58}},"107":{"start":{"line":295,"column":4},"end":{"line":302,"column":5}},"108":{"start":{"line":296,"column":6},"end":{"line":300,"column":9}},"109":{"start":{"line":301,"column":6},"end":{"line":301,"column":13}},"110":{"start":{"line":304,"column":22},"end":{"line":307,"column":null}},"111":{"start":{"line":310,"column":4},"end":{"line":313,"column":7}},"112":{"start":{"line":315,"column":4},"end":{"line":315,"column":58}},"113":{"start":{"line":316,"column":4},"end":{"line":320,"column":7}},"114":{"start":{"line":291,"column":13},"end":{"line":291,"column":31}}},"fnMap":{"0":{"name":"(anonymous_1)","decl":{"start":{"line":16,"column":14},"end":{"line":16,"column":15}},"loc":{"start":{"line":16,"column":32},"end":{"line":23,"column":3}}},"1":{"name":"(anonymous_2)","decl":{"start":{"line":28,"column":30},"end":{"line":28,"column":35}},"loc":{"start":{"line":28,"column":96},"end":{"line":55,"column":1}}},"2":{"name":"(anonymous_3)","decl":{"start":{"line":57,"column":38},"end":{"line":57,"column":43}},"loc":{"start":{"line":57,"column":104},"end":{"line":77,"column":1}}},"3":{"name":"(anonymous_4)","decl":{"start":{"line":79,"column":31},"end":{"line":79,"column":36}},"loc":{"start":{"line":79,"column":97},"end":{"line":99,"column":1}}},"4":{"name":"(anonymous_5)","decl":{"start":{"line":101,"column":31},"end":{"line":101,"column":36}},"loc":{"start":{"line":101,"column":97},"end":{"line":127,"column":1}}},"5":{"name":"(anonymous_6)","decl":{"start":{"line":129,"column":30},"end":{"line":129,"column":35}},"loc":{"start":{"line":129,"column":96},"end":{"line":154,"column":1}}},"6":{"name":"(anonymous_7)","decl":{"start":{"line":156,"column":30},"end":{"line":156,"column":35}},"loc":{"start":{"line":156,"column":96},"end":{"line":173,"column":1}}},"7":{"name":"(anonymous_8)","decl":{"start":{"line":175,"column":26},"end":{"line":175,"column":31}},"loc":{"start":{"line":175,"column":92},"end":{"line":200,"column":1}}},"8":{"name":"(anonymous_9)","decl":{"start":{"line":202,"column":27},"end":{"line":202,"column":32}},"loc":{"start":{"line":202,"column":93},"end":{"line":272,"column":1}}},"9":{"name":"(anonymous_10)","decl":{"start":{"line":256,"column":56},"end":{"line":256,"column":57}},"loc":{"start":{"line":256,"column":62},"end":{"line":261,"column":10}}},"10":{"name":"(anonymous_11)","decl":{"start":{"line":274,"column":32},"end":{"line":274,"column":37}},"loc":{"start":{"line":274,"column":98},"end":{"line":289,"column":1}}},"11":{"name":"(anonymous_12)","decl":{"start":{"line":291,"column":31},"end":{"line":291,"column":36}},"loc":{"start":{"line":291,"column":97},"end":{"line":322,"column":1}}}},"branchMap":{"0":{"loc":{"start":{"line":17,"column":4},"end":{"line":22,"column":5}},"type":"if","locations":[{"start":{"line":17,"column":4},"end":{"line":22,"column":5}},{"start":{"line":20,"column":11},"end":{"line":22,"column":5}}]},"1":{"loc":{"start":{"line":17,"column":8},"end":{"line":18,"column":52}},"type":"binary-expr","locations":[{"start":{"line":17,"column":8},"end":{"line":17,"column":93}},{"start":{"line":18,"column":8},"end":{"line":18,"column":52}}]},"2":{"loc":{"start":{"line":32,"column":24},"end":{"line":32,"column":41}},"type":"binary-expr","locations":[{"start":{"line":32,"column":24},"end":{"line":32,"column":36}},{"start":{"line":32,"column":40},"end":{"line":32,"column":41}}]},"3":{"loc":{"start":{"line":60,"column":17},"end":{"line":60,"column":56}},"type":"binary-expr","locations":[{"start":{"line":60,"column":17},"end":{"line":60,"column":51}},{"start":{"line":60,"column":55},"end":{"line":60,"column":56}}]},"4":{"loc":{"start":{"line":61,"column":18},"end":{"line":61,"column":59}},"type":"binary-expr","locations":[{"start":{"line":61,"column":18},"end":{"line":61,"column":53}},{"start":{"line":61,"column":57},"end":{"line":61,"column":59}}]},"5":{"loc":{"start":{"line":81,"column":17},"end":{"line":81,"column":56}},"type":"binary-expr","locations":[{"start":{"line":81,"column":17},"end":{"line":81,"column":51}},{"start":{"line":81,"column":55},"end":{"line":81,"column":56}}]},"6":{"loc":{"start":{"line":82,"column":18},"end":{"line":82,"column":59}},"type":"binary-expr","locations":[{"start":{"line":82,"column":18},"end":{"line":82,"column":53}},{"start":{"line":82,"column":57},"end":{"line":82,"column":59}}]},"7":{"loc":{"start":{"line":106,"column":4},"end":{"line":113,"column":5}},"type":"if","locations":[{"start":{"line":106,"column":4},"end":{"line":113,"column":5}}]},"8":{"loc":{"start":{"line":179,"column":24},"end":{"line":179,"column":41}},"type":"binary-expr","locations":[{"start":{"line":179,"column":24},"end":{"line":179,"column":36}},{"start":{"line":179,"column":40},"end":{"line":179,"column":41}}]},"9":{"loc":{"start":{"line":204,"column":4},"end":{"line":211,"column":5}},"type":"if","locations":[{"start":{"line":204,"column":4},"end":{"line":211,"column":5}}]},"10":{"loc":{"start":{"line":215,"column":29},"end":{"line":215,"column":97}},"type":"cond-expr","locations":[{"start":{"line":215,"column":57},"end":{"line":215,"column":92}},{"start":{"line":215,"column":95},"end":{"line":215,"column":97}}]},"11":{"loc":{"start":{"line":217,"column":4},"end":{"line":224,"column":5}},"type":"if","locations":[{"start":{"line":217,"column":4},"end":{"line":224,"column":5}}]},"12":{"loc":{"start":{"line":227,"column":24},"end":{"line":227,"column":41}},"type":"binary-expr","locations":[{"start":{"line":227,"column":24},"end":{"line":227,"column":36}},{"start":{"line":227,"column":40},"end":{"line":227,"column":41}}]},"13":{"loc":{"start":{"line":269,"column":15},"end":{"line":269,"column":101}},"type":"cond-expr","locations":[{"start":{"line":269,"column":40},"end":{"line":269,"column":53}},{"start":{"line":269,"column":56},"end":{"line":269,"column":101}}]},"14":{"loc":{"start":{"line":295,"column":4},"end":{"line":302,"column":5}},"type":"if","locations":[{"start":{"line":295,"column":4},"end":{"line":302,"column":5}}]},"15":{"loc":{"start":{"line":295,"column":8},"end":{"line":295,"column":43}},"type":"binary-expr","locations":[{"start":{"line":295,"column":8},"end":{"line":295,"column":14}},{"start":{"line":295,"column":18},"end":{"line":295,"column":43}}]},"16":{"loc":{"start":{"line":306,"column":6},"end":{"line":306,"column":61}},"type":"cond-expr","locations":[{"start":{"line":306,"column":19},"end":{"line":306,"column":49}},{"start":{"line":306,"column":52},"end":{"line":306,"column":61}}]}},"s":{"0":0,"1":0,"2":0,"3":0,"4":0,"5":0,"6":0,"7":0,"8":0,"9":0,"10":0,"11":0,"12":0,"13":0,"14":0,"15":0,"16":0,"17":0,"18":0,"19":0,"20":0,"21":0,"22":0,"23":0,"24":0,"25":0,"26":0,"27":0,"28":0,"29":0,"30":0,"31":0,"32":0,"33":0,"34":0,"35":0,"36":0,"37":0,"38":0,"39":0,"40":0,"41":0,"42":0,"43":0,"44":0,"45":0,"46":0,"47":0,"48":0,"49":0,"50":0,"51":0,"52":0,"53":0,"54":0,"55":0,"56":0,"57":0,"58":0,"59":0,"60":0,"61":0,"62":0,"63":0,"64":0,"65":0,"66":0,"67":0,"68":0,"69":0,"70":0,"71":0,"72":0,"73":0,"74":0,"75":0,"76":0,"77":0,"78":0,"79":0,"80":0,"81":0,"82":0,"83":0,"84":0,"85":0,"86":0,"87":0,"88":0,"89":0,"90":0,"91":0,"92":0,"93":0,"94":0,"95":0,"96":0,"97":0,"98":0,"99":0,"100":0,"101":0,"102":0,"103":0,"104":0,"105":0,"106":0,"107":0,"108":0,"109":0,"110":0,"111":0,"112":0,"113":0,"114":0},"f":{"0":0,"1":0,"2":0,"3":0,"4":0,"5":0,"6":0,"7":0,"8":0,"9":0,"10":0,"11":0},"b":{"0":[0,0],"1":[0,0],"2":[0,0],"3":[0,0],"4":[0,0],"5":[0,0],"6":[0,0],"7":[0],"8":[0,0],"9":[0],"10":[0,0],"11":[0],"12":[0,0],"13":[0,0],"14":[0],"15":[0,0],"16":[0,0]}}
,"D:\\Projects\\Capstone-Project\\backend\\src\\controllers\\questionController.ts": {"path":"D:\\Projects\\Capstone-Project\\backend\\src\\controllers\\questionController.ts","statementMap":{"0":{"start":{"line":2,"column":0},"end":{"line":2,"column":62}},"1":{"start":{"line":3,"column":0},"end":{"line":3,"column":55}},"2":{"start":{"line":7,"column":4},"end":{"line":27,"column":5}},"3":{"start":{"line":8,"column":31},"end":{"line":8,"column":57}},"4":{"start":{"line":9,"column":6},"end":{"line":16,"column":7}},"5":{"start":{"line":10,"column":8},"end":{"line":14,"column":11}},"6":{"start":{"line":15,"column":8},"end":{"line":15,"column":15}},"7":{"start":{"line":18,"column":23},"end":{"line":18,"column":66}},"8":{"start":{"line":20,"column":6},"end":{"line":24,"column":9}},"9":{"start":{"line":26,"column":6},"end":{"line":26,"column":18}},"10":{"start":{"line":31,"column":4},"end":{"line":62,"column":5}},"11":{"start":{"line":32,"column":21},"end":{"line":32,"column":48}},"12":{"start":{"line":33,"column":6},"end":{"line":40,"column":7}},"13":{"start":{"line":34,"column":8},"end":{"line":38,"column":11}},"14":{"start":{"line":39,"column":8},"end":{"line":39,"column":15}},"15":{"start":{"line":42,"column":31},"end":{"line":42,"column":57}},"16":{"start":{"line":43,"column":6},"end":{"line":50,"column":7}},"17":{"start":{"line":44,"column":8},"end":{"line":48,"column":11}},"18":{"start":{"line":49,"column":8},"end":{"line":49,"column":15}},"19":{"start":{"line":52,"column":40},"end":{"line":52,"column":45}},"20":{"start":{"line":53,"column":30},"end":{"line":53,"column":100}},"21":{"start":{"line":55,"column":6},"end":{"line":59,"column":9}},"22":{"start":{"line":61,"column":6},"end":{"line":61,"column":18}},"23":{"start":{"line":66,"column":4},"end":{"line":86,"column":5}},"24":{"start":{"line":67,"column":21},"end":{"line":67,"column":48}},"25":{"start":{"line":68,"column":6},"end":{"line":74,"column":7}},"26":{"start":{"line":69,"column":8},"end":{"line":72,"column":11}},"27":{"start":{"line":73,"column":8},"end":{"line":73,"column":15}},"28":{"start":{"line":76,"column":24},"end":{"line":76,"column":74}},"29":{"start":{"line":78,"column":6},"end":{"line":83,"column":9}},"30":{"start":{"line":85,"column":6},"end":{"line":85,"column":18}},"31":{"start":{"line":90,"column":4},"end":{"line":116,"column":5}},"32":{"start":{"line":91,"column":17},"end":{"line":91,"column":40}},"33":{"start":{"line":92,"column":6},"end":{"line":98,"column":7}},"34":{"start":{"line":93,"column":8},"end":{"line":96,"column":11}},"35":{"start":{"line":97,"column":8},"end":{"line":97,"column":15}},"36":{"start":{"line":100,"column":23},"end":{"line":100,"column":64}},"37":{"start":{"line":101,"column":6},"end":{"line":107,"column":7}},"38":{"start":{"line":102,"column":8},"end":{"line":105,"column":11}},"39":{"start":{"line":106,"column":8},"end":{"line":106,"column":15}},"40":{"start":{"line":109,"column":6},"end":{"line":113,"column":9}},"41":{"start":{"line":115,"column":6},"end":{"line":115,"column":18}},"42":{"start":{"line":120,"column":4},"end":{"line":146,"column":5}},"43":{"start":{"line":121,"column":17},"end":{"line":121,"column":40}},"44":{"start":{"line":122,"column":6},"end":{"line":129,"column":7}},"45":{"start":{"line":123,"column":8},"end":{"line":127,"column":11}},"46":{"start":{"line":128,"column":8},"end":{"line":128,"column":15}},"47":{"start":{"line":131,"column":52},"end":{"line":131,"column":60}},"48":{"start":{"line":133,"column":30},"end":{"line":137,"column":8}},"49":{"start":{"line":139,"column":6},"end":{"line":143,"column":9}},"50":{"start":{"line":145,"column":6},"end":{"line":145,"column":18}},"51":{"start":{"line":150,"column":4},"end":{"line":168,"column":5}},"52":{"start":{"line":151,"column":17},"end":{"line":151,"column":40}},"53":{"start":{"line":152,"column":6},"end":{"line":158,"column":7}},"54":{"start":{"line":153,"column":8},"end":{"line":156,"column":11}},"55":{"start":{"line":157,"column":8},"end":{"line":157,"column":15}},"56":{"start":{"line":160,"column":6},"end":{"line":160,"column":47}},"57":{"start":{"line":162,"column":6},"end":{"line":165,"column":9}},"58":{"start":{"line":167,"column":6},"end":{"line":167,"column":18}},"59":{"start":{"line":172,"column":4},"end":{"line":191,"column":5}},"60":{"start":{"line":173,"column":21},"end":{"line":173,"column":48}},"61":{"start":{"line":174,"column":6},"end":{"line":180,"column":7}},"62":{"start":{"line":175,"column":8},"end":{"line":178,"column":11}},"63":{"start":{"line":179,"column":8},"end":{"line":179,"column":15}},"64":{"start":{"line":182,"column":20},"end":{"line":182,"column":66}},"65":{"start":{"line":184,"column":6},"end":{"line":188,"column":9}},"66":{"start":{"line":190,"column":6},"end":{"line":190,"column":18}},"67":{"start":{"line":5,"column":0},"end":{"line":5,"column":13}},"68":{"start":{"line":195,"column":13},"end":{"line":195,"column":59}}},"fnMap":{"0":{"name":"(anonymous_0)","decl":{"start":{"line":6,"column":2},"end":{"line":6,"column":7}},"loc":{"start":{"line":6,"column":70},"end":{"line":28,"column":3}}},"1":{"name":"(anonymous_1)","decl":{"start":{"line":30,"column":2},"end":{"line":30,"column":7}},"loc":{"start":{"line":30,"column":73},"end":{"line":63,"column":3}}},"2":{"name":"(anonymous_2)","decl":{"start":{"line":65,"column":2},"end":{"line":65,"column":7}},"loc":{"start":{"line":65,"column":76},"end":{"line":87,"column":3}}},"3":{"name":"(anonymous_3)","decl":{"start":{"line":89,"column":2},"end":{"line":89,"column":7}},"loc":{"start":{"line":89,"column":71},"end":{"line":117,"column":3}}},"4":{"name":"(anonymous_4)","decl":{"start":{"line":119,"column":2},"end":{"line":119,"column":7}},"loc":{"start":{"line":119,"column":70},"end":{"line":147,"column":3}}},"5":{"name":"(anonymous_5)","decl":{"start":{"line":149,"column":2},"end":{"line":149,"column":7}},"loc":{"start":{"line":149,"column":70},"end":{"line":169,"column":3}}},"6":{"name":"(anonymous_6)","decl":{"start":{"line":171,"column":2},"end":{"line":171,"column":7}},"loc":{"start":{"line":171,"column":72},"end":{"line":192,"column":3}}}},"branchMap":{"0":{"loc":{"start":{"line":9,"column":6},"end":{"line":16,"column":7}},"type":"if","locations":[{"start":{"line":9,"column":6},"end":{"line":16,"column":7}}]},"1":{"loc":{"start":{"line":33,"column":6},"end":{"line":40,"column":7}},"type":"if","locations":[{"start":{"line":33,"column":6},"end":{"line":40,"column":7}}]},"2":{"loc":{"start":{"line":43,"column":6},"end":{"line":50,"column":7}},"type":"if","locations":[{"start":{"line":43,"column":6},"end":{"line":50,"column":7}}]},"3":{"loc":{"start":{"line":68,"column":6},"end":{"line":74,"column":7}},"type":"if","locations":[{"start":{"line":68,"column":6},"end":{"line":74,"column":7}}]},"4":{"loc":{"start":{"line":92,"column":6},"end":{"line":98,"column":7}},"type":"if","locations":[{"start":{"line":92,"column":6},"end":{"line":98,"column":7}}]},"5":{"loc":{"start":{"line":101,"column":6},"end":{"line":107,"column":7}},"type":"if","locations":[{"start":{"line":101,"column":6},"end":{"line":107,"column":7}}]},"6":{"loc":{"start":{"line":122,"column":6},"end":{"line":129,"column":7}},"type":"if","locations":[{"start":{"line":122,"column":6},"end":{"line":129,"column":7}}]},"7":{"loc":{"start":{"line":152,"column":6},"end":{"line":158,"column":7}},"type":"if","locations":[{"start":{"line":152,"column":6},"end":{"line":158,"column":7}}]},"8":{"loc":{"start":{"line":174,"column":6},"end":{"line":180,"column":7}},"type":"if","locations":[{"start":{"line":174,"column":6},"end":{"line":180,"column":7}}]}},"s":{"0":0,"1":0,"2":0,"3":0,"4":0,"5":0,"6":0,"7":0,"8":0,"9":0,"10":0,"11":0,"12":0,"13":0,"14":0,"15":0,"16":0,"17":0,"18":0,"19":0,"20":0,"21":0,"22":0,"23":0,"24":0,"25":0,"26":0,"27":0,"28":0,"29":0,"30":0,"31":0,"32":0,"33":0,"34":0,"35":0,"36":0,"37":0,"38":0,"39":0,"40":0,"41":0,"42":0,"43":0,"44":0,"45":0,"46":0,"47":0,"48":0,"49":0,"50":0,"51":0,"52":0,"53":0,"54":0,"55":0,"56":0,"57":0,"58":0,"59":
[...]
lumn":0},"end":{"line":50,"column":37}},"11":{"start":{"line":51,"column":0},"end":{"line":51,"column":43}},"12":{"start":{"line":52,"column":0},"end":{"line":52,"column":45}},"13":{"start":{"line":55,"column":33},"end":{"line":74,"column":1}},"14":{"start":{"line":56,"column":16},"end":{"line":56,"column":26}},"15":{"start":{"line":58,"column":2},"end":{"line":71,"column":5}},"16":{"start":{"line":59,"column":21},"end":{"line":59,"column":48}},"17":{"start":{"line":61,"column":4},"end":{"line":65,"column":7}},"18":{"start":{"line":67,"column":4},"end":{"line":70,"column":17}},"19":{"start":{"line":73,"column":2},"end":{"line":73,"column":9}},"20":{"start":{"line":55,"column":13},"end":{"line":55,"column":33}},"21":{"start":{"line":77,"column":29},"end":{"line":92,"column":1}},"22":{"start":{"line":78,"column":2},"end":{"line":91,"column":3}},"23":{"start":{"line":80,"column":4},"end":{"line":80,"column":53}},"24":{"start":{"line":90,"column":4},"end":{"line":90,"column":52}},"25":{"start":{"line":77,"column":13},"end":{"line":77,"column":29}},"26":{"start":{"line":95,"column":31},"end":{"line":106,"column":1}},"27":{"start":{"line":96,"column":2},"end":{"line":105,"column":3}},"28":{"start":{"line":98,"column":4},"end":{"line":98,"column":26}},"29":{"start":{"line":100,"column":4},"end":{"line":100,"column":50}},"30":{"start":{"line":101,"column":20},"end":{"line":101,"column":44}},"31":{"start":{"line":102,"column":4},"end":{"line":102,"column":21}},"32":{"start":{"line":104,"column":4},"end":{"line":104,"column":50}},"33":{"start":{"line":95,"column":13},"end":{"line":95,"column":31}},"34":{"start":{"line":109,"column":27},"end":{"line":114,"column":1}},"35":{"start":{"line":111,"column":2},"end":{"line":111,"column":36}},"36":{"start":{"line":113,"column":2},"end":{"line":113,"column":40}},"37":{"start":{"line":109,"column":13},"end":{"line":109,"column":27}}},"fnMap":{"0":{"name":"(anonymous_1)","decl":{"start":{"line":55,"column":33},"end":{"line":55,"column":34}},"loc":{"start":{"line":55,"column":67},"end":{"line":74,"column":1}}},"1":{"name":"(anonymous_2)","decl":{"start":{"line":58,"column":19},"end":{"line":58,"column":22}},"loc":{"start":{"line":58,"column":24},"end":{"line":71,"column":3}}},"2":{"name":"(anonymous_3)","decl":{"start":{"line":77,"column":29},"end":{"line":77,"column":34}},"loc":{"start":{"line":77,"column":40},"end":{"line":92,"column":1}}},"3":{"name":"(anonymous_4)","decl":{"start":{"line":95,"column":31},"end":{"line":95,"column":36}},"loc":{"start":{"line":95,"column":60},"end":{"line":106,"column":1}}},"4":{"name":"(anonymous_5)","decl":{"start":{"line":109,"column":27},"end":{"line":109,"column":30}},"loc":{"start":{"line":109,"column":32},"end":{"line":114,"column":1}}}},"branchMap":{"0":{"loc":{"start":{"line":63,"column":13},"end":{"line":63,"column":40}},"type":"binary-expr","locations":[{"start":{"line":63,"column":13},"end":{"line":63,"column":28}},{"start":{"line":63,"column":32},"end":{"line":63,"column":40}}]},"1":{"loc":{"start":{"line":69,"column":13},"end":{"line":69,"column":40}},"type":"binary-expr","locations":[{"start":{"line":69,"column":13},"end":{"line":69,"column":28}},{"start":{"line":69,"column":32},"end":{"line":69,"column":40}}]}},"s":{"0":0,"1":0,"2":0,"3":0,"4":0,"5":0,"6":0,"7":0,"8":0,"9":0,"10":0,"11":0,"12":0,"13":0,"14":0,"15":0,"16":0,"17":0,"18":0,"19":0,"20":0,"21":0,"22":0,"23":0,"24":0,"25":0,"26":0,"27":0,"28":0,"29":0,"30":0,"31":0,"32":0,"33":0,"34":0,"35":0,"36":0,"37":0},"f":{"0":0,"1":0,"2":0,"3":0,"4":0},"b":{"0":[0,0],"1":[0,0]}}
,"D:\\Projects\\Capstone-Project\\backend\\src\\utils\\redis.ts": {"path":"D:\\Projects\\Capstone-Project\\backend\\src\\utils\\redis.ts","statementMap":{"0":{"start":{"line":1,"column":0},"end":{"line":1,"column":37}},"1":{"start":{"line":5,"column":10},"end":{"line":5,"column":39}},"2":{"start":{"line":8,"column":4},"end":{"line":10,"column":7}},"3":{"start":{"line":12,"column":4},"end":{"line":15,"column":7}},"4":{"start":{"line":13,"column":6},"end":{"line":13,"column":48}},"5":{"start":{"line":14,"column":6},"end":{"line":14,"column":31}},"6":{"start":{"line":17,"column":4},"end":{"line":20,"column":7}},"7":{"start":{"line":18,"column":6},"end":{"line":18,"column":44}},"8":{"start":{"line":19,"column":6},"end":{"line":19,"column":30}},"9":{"start":{"line":24,"column":4},"end":{"line":26,"column":5}},"10":{"start":{"line":25,"column":6},"end":{"line":25,"column":34}},"11":{"start":{"line":30,"column":4},"end":{"line":33,"column":5}},"12":{"start":{"line":31,"column":6},"end":{"line":31,"column":31}},"13":{"start":{"line":32,"column":6},"end":{"line":32,"column":31}},"14":{"start":{"line":37,"column":4},"end":{"line":45,"column":5}},"15":{"start":{"line":38,"column":6},"end":{"line":40,"column":7}},"16":{"start":{"line":39,"column":8},"end":{"line":39,"column":29}},"17":{"start":{"line":41,"column":6},"end":{"line":41,"column":40}},"18":{"start":{"line":43,"column":6},"end":{"line":43,"column":47}},"19":{"start":{"line":44,"column":6},"end":{"line":44,"column":18}},"20":{"start":{"line":49,"column":4},"end":{"line":63,"column":5}},"21":{"start":{"line":50,"column":6},"end":{"line":52,"column":7}},"22":{"start":{"line":51,"column":8},"end":{"line":51,"column":29}},"23":{"start":{"line":54,"column":6},"end":{"line":58,"column":7}},"24":{"start":{"line":55,"column":8},"end":{"line":55,"column":56}},"25":{"start":{"line":57,"column":8},"end":{"line":57,"column":42}},"26":{"start":{"line":59,"column":6},"end":{"line":59,"column":18}},"27":{"start":{"line":61,"column":6},"end":{"line":61,"column":47}},"28":{"start":{"line":62,"column":6},"end":{"line":62,"column":19}},"29":{"start":{"line":67,"column":4},"end":{"line":76,"column":5}},"30":{"start":{"line":68,"column":6},"end":{"line":70,"column":7}},"31":{"start":{"line":69,"column":8},"end":{"line":69,"column":29}},"32":{"start":{"line":71,"column":6},"end":{"line":71,"column":33}},"33":{"start":{"line":72,"column":6},"end":{"line":72,"column":18}},"34":{"start":{"line":74,"column":6},"end":{"line":74,"column":47}},"35":{"start":{"line":75,"column":6},"end":{"line":75,"column":19}},"36":{"start":{"line":80,"column":4},"end":{"line":89,"column":5}},"37":{"start":{"line":81,"column":6},"end":{"line":83,"column":7}},"38":{"start":{"line":82,"column":8},"end":{"line":82,"column":29}},"39":{"start":{"line":84,"column":21},"end":{"line":84,"column":50}},"40":{"start":{"line":85,"column":6},"end":{"line":85,"column":26}},"41":{"start":{"line":87,"column":6},"end":{"line":87,"column":50}},"42":{"start":{"line":88,"column":6},"end":{"line":88,"column":19}},"43":{"start":{"line":93,"column":4},"end":{"line":103,"column":5}},"44":{"start":{"line":94,"column":6},"end":{"line":96,"column":7}},"45":{"start":{"line":95,"column":8},"end":{"line":95,"column":29}},"46":{"start":{"line":97,"column":19},"end":{"line":97,"column":50}},"47":{"start":{"line":98,"column":6},"end":{"line":100,"column":7}},"48":{"start":{"line":99,"column":8},"end":{"line":99,"column":36}},"49":{"start":{"line":102,"column":6},"end":{"line":102,"column":57}},"50":{"start":{"line":107,"column":4},"end":{"line":114,"column":5}},"51":{"start":{"line":108,"column":6},"end":{"line":110,"column":7}},"52":{"start":{"line":109,"column":8},"end":{"line":109,"column":29}},"53":{"start":{"line":111,"column":6},"end":{"line":111,"column":35}},"54":{"start":{"line":113,"column":6},"end":{"line":113,"column":53}},"55":{"start":{"line":119,"column":16},"end":{"line":119,"column":32}},"56":{"start":{"line":120,"column":4},"end":{"line":120,"column":58}},"57":{"start":{"line":124,"column":16},"end":{"line":124,"column":32}},"58":{"start":{"line":125,"column":17},"end":{"line":125,"column":36}},"59":{"start":{"line":126,"column":4},"end":{"line":126,"column":42}},"60":{"start":{"line":130,"column":16},"end":{"line":130,"column":32}},"61":{"start":{"line":131,"column":4},"end":{"line":131,"column":24}},"62":{"start":{"line":135,"column":16},"end":{"line":135,"column":32}},"63":{"start":{"line":136,"column":4},"end":{"line":136,"column":58}},"64":{"start":{"line":140,"column":16},"end":{"line":140,"column":32}},"65":{"start":{"line":141,"column":17},"end":{"line":141,"column":36}},"66":{"start":{"line":142,"column":4},"end":{"line":142,"column":42}},"67":{"start":{"line":146,"column":16},"end":{"line":146,"column":32}},"68":{"start":{"line":147,"column":4},"end":{"line":147,"column":24}},"69":{"start":{"line":3,"column":0},"end":{"line":3,"column":13}},"70":{"start":{"line":151,"column":13},"end":{"line":151,"column":47}}},"fnMap":{"0":{"name":"(anonymous_0)","decl":{"start":{"line":7,"column":2},"end":{"line":7,"column":null}},"loc":{"start":{"line":7,"column":2},"end":{"line":21,"column":3}}},"1":{"name":"(anonymous_1)","decl":{"start":{"line":12,"column":28},"end":{"line":12,"column":29}},"loc":{"start":{"line":12,"column":36},"end":{"line":15,"column":5}}},"2":{"name":"(anonymous_2)","decl":{"start":{"line":17,"column":30},"end":{"line":17,"column":33}},"loc":{"start":{"line":17,"column":35},"end":{"line":20,"column":5}}},"3":{"name":"(anonymous_3)","decl":{"start":{"line":23,"column":2},"end":{"line":23,"column":7}},"loc":{"start":{"line":23,"column":15},"end":{"line":27,"column":3}}},"4":{"name":"(anonymous_4)","decl":{"start":{"line":29,"column":2},"end":{"line":29,"column":7}},"loc":{"start":{"line":29,"column":18},"end":{"line":34,"column":3}}},"5":{"name":"(anonymous_5)","decl":{"start":{"line":36,"column":2},"end":{"line":36,"column":7}},"loc":{"start":{"line":36,"column":23},"end":{"line":46,"column":3}}},"6":{"name":"(anonymous_6)","decl":{"start":{"line":48,"column":2},"end":{"line":48,"column":7}},"loc":{"start":{"line":48,"column":59},"end":{"line":64,"column":3}}},"7":{"name":"(anonymous_7)","decl":{"start":{"line":66,"column":2},"end":{"line":66,"column":7}},"loc":{"start":{"line":66,"column":23},"end":{"line":77,"column":3}}},"8":{"name":"(anonymous_8)","decl":{"start":{"line":79,"column":2},"end":{"line":79,"column":7}},"loc":{"start":{"line":79,"column":26},"end":{"line":90,"column":3}}},"9":{"name":"(anonymous_9)","decl":{"start":{"line":92,"column":2},"end":{"line":92,"column":7}},"loc":{"start":{"line":92,"column":36},"end":{"line":104,"column":3}}},"10":{"name":"(anonymous_10)","decl":{"start":{"line":106,"column":2},"end":{"line":106,"column":7}},"loc":{"start":{"line":106,"column":16},"end":{"line":115,"column":3}}},"11":{"name":"(anonymous_11)","decl":{"start":{"line":118,"column":2},"end":{"line":118,"column":7}},"loc":{"start":{"line":118,"column":69},"end":{"line":121,"column":3}}},"12":{"name":"(anonymous_12)","decl":{"start":{"line":123,"column":2},"end":{"line":123,"column":7}},"loc":{"start":{"line":123,"column":36},"end":{"line":127,"column":3}}},"13":{"name":"(anonymous_13)","decl":{"start":{"line":129,"column":2},"end":{"line":129,"column":7}},"loc":{"start":{"line":129,"column":42},"end":{"line":132,"column":3}}},"14":{"name":"(anonymous_14)","decl":{"start":{"line":134,"column":2},"end":{"line":134,"column":7}},"loc":{"start":{"line":134,"column":59},"end":{"line":137,"column":3}}},"15":{"name":"(anonymous_15)","decl":{"start":{"line":139,"column":2},"end":{"line":139,"column":7}},"loc":{"start":{"line":139,"column":27},"end":{"line":143,"column":3}}},"16":{"name":"(anonymous_16)","decl":{"start":{"line":145,"column":2},"end":{"line":145,"column":7}},"loc":{"start":{"line":145,"column":33},"end":{"line":148,"column":3}}}},"branchMap":{"0":{"loc":{"start":{"line":9,"column":11},"end":{"line":9,"column":60}},"type":"binary-expr","locations":[{"start":{"line":9,"column":11},"end":{"line":9,"column":32}},{"start":{"line":9,"column":36},"end":{"line":9,"column":60}}]},"1":{"loc":{"start":{"line":24,"column":4},"end":{"line":26,"column":5}},"type":"if","locations":[{"start":{"line":24,"column":4},"end":{"line":26,"column":5}}]},"2":{"loc":{"start":{"line":30,"column":4},"end":{"line":33,"column":5}},"type":"if","locations":[{"start":{"line":30,"column":4},"end":{"line":33,"column":5}}]},"3":{"loc":{"start":{"line":38,"column":6},"end":{"line":40,"column":7}},"type":"if","locations":[{"start":{"line":38,"column":6},"end":{"line":40,"column":7}}]},"4":{"loc":{"start":{"line":50,"column":6},"end":{"line":52,"column":7}},"type":"if","locations":[{"start":{"line":50,"column":6},"end":{"line":52,"column":7}}]},"5":{"loc":{"start":{"line":54,"column":6},"end":{"line":58,"column":7}},"type":"if","locations":[{"start":{"line":54,"column":6},"end":{"line":58,"column":7}},{"start":{"line":56,"column":13},"end":{"line":58,"column":7}}]},"6":{"loc":{"start":{"line":68,"column":6},"end":{"line":70,"column":7}},"type":"if","locations":[{"start":{"line":68,"column":6},"end":{"line":70,"column":7}}]},"7":{"loc":{"start":{"line":81,"column":6},"end":{"line":83,"column":7}},"type":"if","locations":[{"start":{"line":81,"column":6},"end":{"line":83,"column":7}}]},"8":{"loc":{"start":{"line":94,"column":6},"end":{"line":96,"column":7}},"type":"if","locations":[{"start":{"line":94,"column":6},"end":{"line":96,"column":7}}]},"9":{"loc":{"start":{"line":98,"column":6},"end":{"line":100,"column":7}},"type":"if","locations":[{"start":{"line":98,"column":6},"end":{"line":100,"column":7}}]},"10":{"loc":{"start":{"line":108,"column":6},"end":{"line":110,"column":7}},"type":"if","locations":[{"start":{"line":108,"column":6},"end":{"line":110,"column":7}}]},"11":{"loc":{"start":{"line":118,"column":45},"end":{"line":118,"column":69}},"type":"default-arg","locations":[{"start":{"line":118,"column":66},"end":{"line":118,"column":69}}]},"12":{"loc":{"start":{"line":126,"column":11},"end":{"line":126,"column":41}},"type":"cond-expr","locations":[{"start":{"line":126,"column":18},"end":{"line":126,"column":34}},{"start":{"line":126,"column":37},"end":{"line":126,"column":41}}]},"13":{"loc":{"start":{"line":134,"column":35},"end":{"line":134,"column":59}},"type":"default-arg","locations":[{"start":{"line":134,"column":56},"end":{"line":134,"column":59}}]},"14":{"loc":{"start":{"line":142,"column":11},"end":{"line":142,"column":41}},"type":"cond-expr","locations":[{"start":{"line":142,"column":18},"end":{"line":142,"column":34}},{"start":{"line":142,"column":37},"end":{"line":142,"column":41}}]}},"s":{"0":0,"1":0,"2":0,"3":0,"4":0,"5":0,"6":0,"7":0,"8":0,"9":0,"10":0,"11":0,"12":0,"13":0,"14":0,"15":0,"16":0,"17":0,"18":0,"19":0,"20":0,"21":0,"22":0,"23":0,"24":0,"25":0,"26":0,"27":0,"28":0,"29":0,"30":0,"31":0,"32":0,"33":0,"34":0,"35":0,"36":0,"37":0,"38":0,"39":0,"40":0,"41":0,"42":0,"43":0,"44":0,"45":0,"46":0,"47":0,"48":0,"49":0,"50":0,"51":0,"52":0,"53":0,"54":0,"55":0,"56":0,"57":0,"58":0,"59":0,"60":0,"61":0,"62":0,"63":0,"64":0,"65":0,"66":0,"67":0,"68":0,"69":0,"70":0},"f":{"0":0,"1":0,"2":0,"3":0,"4":0,"5":0,"6":0,"7":0,"8":0,"9":0,"10":0,"11":0,"12":0,"13":0,"14":0,"15":0,"16":0},"b":{"0":[0,0],"1":[0],"2":[0],"3":[0],"4":[0],"5":[0,0],"6":[0],"7":[0],"8":[0],"9":[0],"10":[0],"11":[0],"12":[0,0],"13":[0],"14":[0,0]}}
,"D:\\Projects\\Capstone-Project\\backend\\src\\utils\\validation.ts": {"path":"D:\\Projects\\Capstone-Project\\backend\\src\\utils\\validation.ts","statementMap":{"0":{"start":{"line":1,"column":0},"end":{"line":1,"column":27}},"1":{"start":{"line":3,"column":13},"end":{"line":10,"column":3}},"2":{"start":{"line":12,"column":13},"end":{"line":15,"column":3}},"3":{"start":{"line":17,"column":13},"end":{"line":19,"column":3}},"4":{"start":{"line":21,"column":13},"end":{"line":25,"column":3}},"5":{"start":{"line":28,"column":13},"end":{"line":33,"column":3}},"6":{"start":{"line":35,"column":13},"end":{"line":40,"column":3}},"7":{"start":{"line":42,"column":13},"end":{"line":62,"column":3}},"8":{"start":{"line":65,"column":13},"end":{"line":72,"column":3}},"9":{"start":{"line":75,"column":13},"end":{"line":92,"column":3}},"10":{"start":{"line":86,"column":29},"end":{"line":86,"column":76}},"11":{"start":{"line":86,"column":59},"end":{"line":86,"column":75}},"12":{"start":{"line":87,"column":6},"end":{"line":89,"column":7}},"13":{"start":{"line":88,"column":8},"end":{"line":88,"column":55}},"14":{"start":{"line":90,"column":6},"end":{"line":90,"column":19}},"15":{"start":{"line":94,"column":13},"end":{"line":108,"column":3}},"16":{"start":{"line":111,"column":13},"end":{"line":115,"column":3}},"17":{"start":{"line":118,"column":13},"end":{"line":120,"column":3}},"18":{"start":{"line":123,"column":13},"end":{"line":130,"column":3}},"19":{"start":{"line":133,"column":13},"end":{"line":139,"column":3}},"20":{"start":{"line":141,"column":13},"end":{"line":147,"column":3}},"21":{"start":{"line":150,"column":13},"end":{"line":166,"column":3}},"22":{"start":{"line":160,"column":29},"end":{"line":160,"column":76}},"23":{"start":{"line":160,"column":59},"end":{"line":160,"column":75}},"24":{"start":{"line":161,"column":6},"end":{"line":163,"column":7}},"25":{"start":{"line":162,"column":8},"end":{"line":162,"column":55}},"26":{"start":{"line":164,"column":6},"end":{"line":164,"column":19}},"27":{"start":{"line":169,"column":13},"end":{"line":171,"column":3}},"28":{"start":{"line":173,"column":13},"end":{"line":177,"column":3}},"29":{"start":{"line":179,"column":13},"end":{"line":182,"column":3}},"30":{"start":{"line":185,"column":13},"end":{"line":189,"column":3}},"31":{"start":{"line":191,"column":13},"end":{"line":193,"column":3}},"32":{"start":{"line":196,"column":13},"end":{"line":198,"column":2}},"33":{"start":{"line":201,"column":32},"end":{"line":201,"column":76}},"34":{"start":{"line":201,"column":47},"end":{"line":201,"column":76}},"35":{"start":{"line":201,"column":13},"end":{"line":201,"column":32}},"36":{"start":{"line":203,"column":28},"end":{"line":205,"column":1}},"37":{"start":{"line":204,"column":2},"end":{"line":204,"column":41}},"38":{"start":{"line":203,"column":13},"end":{"line":203,"column":28}},"39":{"start":{"line":207,"column":32},"end":{"line":209,"column":1}},"40":{"start":{"line":208,"column":2},"end":{"line":208,"column":45}},"41":{"start":{"line":207,"column":13},"end":{"line":207,"column":32}}},"fnMap":{"0":{"name":"(anonymous_9)","decl":{"start":{"line":85,"column":12},"end":{"line":85,"column":13}},"loc":{"start":{"line":85,"column":31},"end":{"line":91,"column":5}}},"1":{"name":"(anonymous_10)","decl":{"start":{"line":86,"column":42},"end":{"line":86,"column":43}},"loc":{"start":{"line":86,"column":59},"end":{"line":86,"column":75}}},"2":{"name":"(anonymous_11)","decl":{"start":{"line":159,"column":12},"end":{"line":159,"column":13}},"loc":{"start":{"line":159,"column":31},"end":{"line":165,"column":5}}},"3":{"name":"(anonymous_12)","decl":{"start":{"line":160,"column":42},"end":{"line":160,"column":43}},"loc":{"start":{"line":160,"column":59},"end":{"line":160,"column":75}}},"4":{"name":"(anonymous_13)","decl":{"start":{"line":201,"column":32},"end":{"line":201,"column":33}},"loc":{"start":{"line":201,"column":47},"end":{"line":201,"column":76}}},"5":{"name":"(anonymous_14)","decl":{"start":{"line":203,"column":28},"end":{"line":203,"column":29}},"loc":{"start":{"line":203,"column":42},"end":{"line":205,"column":1}}},"6":{"name":"(anonymous_15)","decl":{"start":{"line":207,"column":32},"end":{"line":207,"column":33}},"loc":{"start":{"line":207,"column":46},"end":{"line":209,"column":1}}}},"branchMap":{"0":{"loc":{"start":{"line":87,"column":6},"end":{"line":89,"column":7}},"type":"if","locations":[{"start":{"line":87,"column":6},"end":{"line":89,"column":7}}]},"1":{"loc":{"start":{"line":161,"column":6},"end":{"line":163,"column":7}},"type":"if","locations":[{"start":{"line":161,"column":6},"end":{"line":163,"column":7}}]}},"s":{"0":4,"1":4,"2":4,"3":4,"4":4,"5":4,"6":4,"7":4,"8":4,"9":4,"10":2,"11":4,"12":2,"13":0,"14":2,"15":4,"16":4,"17":4,"18":4,"19":4,"20":4,"21":4,"22":1,"23":2,"24":1,"25":0,"26":1,"27":4,"28":4,"29":4,"30":4,"31":4,"32":4,"33":4,"34":0,"35":4,"36":4,"37":0,"38":4,"39":4,"40":0,"41":4},"f":{"0":2,"1":4,"2":1,"3":2,"4":0,"5":0,"6":0},"b":{"0":[0],"1":[0]}}
}
