TN:
SF:src\controllers\questionController.ts
FN:6,(anonymous_0)
FN:29,(anonymous_1)
FN:62,(anonymous_2)
FN:86,(anonymous_3)
FN:116,(anonymous_4)
FN:153,(anonymous_5)
FN:175,(anonymous_6)
FNF:7
FNH:2
FNDA:6,(anonymous_0)
FNDA:0,(anonymous_1)
FNDA:2,(anonymous_2)
FNDA:0,(anonymous_3)
FNDA:0,(anonymous_4)
FNDA:0,(anonymous_5)
FNDA:0,(anonymous_6)
DA:2,1
DA:3,1
DA:5,1
DA:7,6
DA:8,6
DA:9,6
DA:10,3
DA:14,3
DA:17,3
DA:19,2
DA:25,1
DA:30,0
DA:31,0
DA:32,0
DA:33,0
DA:37,0
DA:40,0
DA:41,0
DA:42,0
DA:46,0
DA:49,0
DA:50,0
DA:52,0
DA:58,0
DA:63,2
DA:64,2
DA:65,2
DA:66,0
DA:70,0
DA:73,2
DA:75,0
DA:82,2
DA:87,0
DA:88,0
DA:89,0
DA:90,0
DA:94,0
DA:97,0
DA:98,0
DA:99,0
DA:103,0
DA:106,0
DA:112,0
DA:117,0
DA:118,0
DA:119,0
DA:120,0
DA:124,0
DA:127,0
DA:130,0
DA:131,0
DA:132,0
DA:133,0
DA:137,0
DA:141,0
DA:143,0
DA:149,0
DA:154,0
DA:155,0
DA:156,0
DA:157,0
DA:161,0
DA:164,0
DA:166,0
DA:171,0
DA:176,0
DA:177,0
DA:178,0
DA:179,0
DA:183,0
DA:186,0
DA:188,0
DA:194,0
DA:199,1
LF:74
LH:17
BRDA:9,0,0,3
BRDA:32,1,0,0
BRDA:41,2,0,0
BRDA:65,3,0,0
BRDA:89,4,0,0
BRDA:98,5,0,0
BRDA:119,6,0,0
BRDA:130,7,0,0
BRDA:131,8,0,0
BRDA:131,8,1,0
BRDA:132,9,0,0
BRDA:156,10,0,0
BRDA:178,11,0,0
BRF:13
BRH:1
end_of_record
TN:
SF:src\controllers\quizController.ts
FN:6,(anonymous_0)
FN:30,(anonymous_1)
FN:60,(anonymous_2)
FN:85,(anonymous_3)
FN:109,(anonymous_4)
FN:131,(anonymous_5)
FNF:6
FNH:6
FNDA:4,(anonymous_0)
FNDA:2,(anonymous_1)
FNDA:4,(anonymous_2)
FNDA:1,(anonymous_3)
FNDA:1,(anonymous_4)
FNDA:1,(anonymous_5)
DA:2,1
DA:3,1
DA:5,1
DA:7,4
DA:8,4
DA:9,4
DA:10,1
DA:14,1
DA:17,3
DA:18,3
DA:20,2
DA:26,1
DA:31,2
DA:32,2
DA:33,2
DA:34,0
DA:38,0
DA:41,2
DA:42,2
DA:43,1
DA:47,1
DA:50,1
DA:56,0
DA:61,4
DA:62,4
DA:64,4
DA:65,0
DA:69,0
DA:72,4
DA:74,4
DA:81,0
DA:86,1
DA:87,1
DA:88,1
DA:89,0
DA:93,0
DA:96,1
DA:97,1
DA:99,1
DA:105,0
DA:110,1
DA:111,1
DA:112,1
DA:113,0
DA:117,0
DA:120,1
DA:122,1
DA:127,0
DA:132,1
DA:133,1
DA:134,1
DA:135,0
DA:139,0
DA:142,1
DA:144,1
DA:150,0
DA:155,1
LF:57
LH:42
BRDA:9,0,0,1
BRDA:33,1,0,0
BRDA:42,2,0,1
BRDA:62,3,0,1
BRDA:62,3,1,3
BRDA:64,4,0,0
BRDA:64,5,0,4
BRDA:64,5,1,1
BRDA:88,6,0,0
BRDA:112,7,0,0
BRDA:134,8,0,0
BRF:11
BRH:6
end_of_record
TN:
SF:src\middleware\auth.ts
FN:10,(anonymous_0)
FNF:1
FNH:1
FNDA:29,(anonymous_0)
DA:10,3
DA:11,29
DA:13,29
DA:14,2
DA:18,2
DA:21,27
DA:22,27
DA:23,27
DA:24,27
DA:26,27
DA:27,27
DA:29,27
DA:30,26
DA:34,26
DA:36,1
DA:40,1
DA:43,0
DA:47,0
LF:18
LH:16
BRDA:13,0,0,2
BRDA:13,1,0,29
BRDA:13,1,1,28
BRDA:26,2,0,27
BRDA:26,2,1,0
BRDA:27,3,0,27
BRDA:27,3,1,0
BRDA:29,4,0,26
BRDA:29,4,1,1
BRDA:29,5,0,27
BRDA:29,5,1,26
BRF:11
BRH:9
end_of_record
TN:
SF:src\middleware\errorHandler.ts
FN:9,(anonymous_0)
FNF:1
FNH:1
FNDA:4,(anonymous_0)
DA:2,2
DA:9,2
DA:15,4
DA:16,4
DA:19,4
DA:20,0
DA:22,0
DA:23,0
DA:24,0
DA:26,0
DA:27,0
DA:28,0
DA:30,0
DA:31,0
DA:32,0
DA:34,0
DA:35,0
DA:40,4
DA:41,0
DA:42,0
DA:46,4
DA:47,0
DA:48,0
DA:52,4
DA:61,4
LF:25
LH:9
BRDA:15,0,0,4
BRDA:15,0,1,2
BRDA:16,1,0,4
BRDA:16,1,1,0
BRDA:19,2,0,0
BRDA:20,3,0,0
BRDA:20,3,1,0
BRDA:20,3,2,0
BRDA:20,3,3,0
BRDA:40,4,0,0
BRDA:46,5,0,0
BRDA:63,6,0,4
BRDA:63,6,1,0
BRF:13
BRH:4
end_of_record
TN:
SF:src\routes\categoryRoutes.ts
FNF:0
FNH:0
DA:1,0
DA:2,0
DA:4,0
DA:7,0
DA:10,0
DA:13,0
DA:16,0
DA:19,0
DA:21,0
LF:9
LH:0
BRF:0
BRH:0
end_of_record
TN:
SF:src\routes\questionRoutes.ts
FNF:0
FNH:0
DA:1,1
DA:2,1
DA:4,1
DA:7,1
DA:10,1
DA:13,1
DA:16,1
DA:19,1
DA:22,1
DA:25,1
DA:27,1
LF:11
LH:11
BRF:0
BRH:0
end_of_record
TN:
SF:src\routes\quizRoutes.ts
FNF:0
FNH:0
DA:1,1
DA:2,1
DA:4,1
DA:7,1
DA:10,1
DA:13,1
DA:16,1
DA:19,1
DA:22,1
DA:24,1
LF:10
LH:10
BRF:0
BRH:0
end_of_record
TN:
SF:src\services\categoryService.ts
FN:7,(anonymous_0)
FN:31,(anonymous_1)
FN:69,(anonymous_2)
FN:96,(anonymous_3)
FN:142,(anonymous_4)
FN:173,(anonymous_5)
FN:182,(anonymous_6)
FNF:7
FNH:0
FNDA:0,(anonymous_0)
FNDA:0,(anonymous_1)
FNDA:0,(anonymous_2)
FNDA:0,(anonymous_3)
FNDA:0,(anonymous_4)
FNDA:0,(anonymous_5)
FNDA:0,(anonymous_6)
DA:1,0
DA:2,0
DA:4,0
DA:6,0
DA:9,0
DA:10,0
DA:13,0
DA:14,0
DA:18,0
DA:26,0
DA:28,0
DA:33,0
DA:34,0
DA:35,0
DA:39,0
DA:64,0
DA:66,0
DA:70,0
DA:98,0
DA:144,0
DA:145,0
DA:148,0
DA:149,0
DA:153,0
DA:154,0
DA:155,0
DA:159,0
DA:168,0
DA:170,0
DA:174,0
DA:179,0
DA:183,0
DA:185,0
DA:186,0
DA:187,0
DA:190,0
DA:195,0
DA:198,0
DA:202,0
LF:39
LH:0
BRDA:9,0,0,0
BRDA:13,1,0,0
BRDA:34,2,0,0
BRDA:144,3,0,0
BRDA:144,4,0,0
BRDA:144,4,1,0
BRDA:148,5,0,0
BRDA:154,6,0,0
BRDA:163,7,0,0
BRDA:163,7,1,0
BRDA:186,8,0,0
BRDA:195,9,0,0
BRDA:195,9,1,0
BRF:13
BRH:0
end_of_record
TN:
SF:src\services\questionService.ts
FN:16,(anonymous_0)
FN:26,(anonymous_1)
FN:61,(anonymous_2)
FN:69,(anonymous_3)
FN:92,(anonymous_4)
FN:106,(anonymous_5)
FN:122,(anonymous_6)
FN:160,(anonymous_7)
FN:193,(anonymous_8)
FN:211,(anonymous_9)
FN:221,(anonymous_10)
FN:221,(anonymous_11)
FN:226,(anonymous_12)
FN:228,(anonymous_13)
FNF:14
FNH:3
FNDA:3,(anonymous_0)
FNDA:3,(anonymous_1)
FNDA:0,(anonymous_2)
FNDA:2,(anonymous_3)
FNDA:0,(anonymous_4)
FNDA:0,(anonymous_5)
FNDA:0,(anonymous_6)
FNDA:0,(anonymous_7)
FNDA:0,(anonymous_8)
FNDA:0,(anonymous_9)
FNDA:0,(anonymous_10)
FNDA:0,(anonymous_11)
FNDA:0,(anonymous_12)
FNDA:0,(anonymous_13)
DA:1,1
DA:2,1
DA:4,1
DA:15,1
DA:18,3
DA:21,3
DA:22,1
DA:26,3
DA:27,2
DA:28,0
DA:32,2
DA:33,0
DA:36,2
DA:56,2
DA:58,2
DA:62,0
DA:71,2
DA:75,2
DA:76,2
DA:77,2
DA:78,2
DA:81,0
DA:93,0
DA:111,0
DA:116,0
DA:117,0
DA:121,0
DA:122,0
DA:123,0
DA:124,0
DA:127,0
DA:128,0
DA:132,0
DA:133,0
DA:134,0
DA:137,0
DA:152,0
DA:154,0
DA:159,0
DA:160,0
DA:168,0
DA:182,0
DA:184,0
DA:188,0
DA:190,0
DA:194,0
DA:199,0
DA:200,0
DA:203,0
DA:208,0
DA:212,0
DA:219,0
DA:220,0
DA:221,0
DA:223,0
DA:225,0
DA:227,0
DA:228,0
DA:229,0
DA:234,0
DA:244,1
LF:61
LH:19
BRDA:21,0,0,1
BRDA:27,1,0,0
BRDA:32,2,0,0
BRDA:32,3,0,2
BRDA:32,3,1,2
BRDA:75,4,0,2
BRDA:116,5,0,0
BRDA:121,6,0,0
BRDA:123,7,0,0
BRDA:127,8,0,0
BRDA:127,9,0,0
BRDA:127,9,1,0
BRDA:133,10,0,0
BRDA:152,11,0,0
BRDA:199,12,0,0
BRDA:239,13,0,0
BRDA:239,13,1,0
BRF:17
BRH:4
end_of_record
TN:
SF:src\services\quizService.ts
FN:7,(anonymous_0)
FN:43,(anonymous_1)
FN:86,(anonymous_2)
FN:105,(anonymous_3)
FN:149,(anonymous_4)
FN:158,(anonymous_5)
FN:175,(anonymous_6)
FN:193,(anonymous_7)
FN:195,(anonymous_8)
FN:195,(anonymous_9)
FNF:10
FNH:8
FNDA:3,(anonymous_0)
FNDA:2,(anonymous_1)
FNDA:4,(anonymous_2)
FNDA:1,(anonymous_3)
FNDA:1,(anonymous_4)
FNDA:0,(anonymous_5)
FNDA:1,(anonymous_6)
FNDA:2,(anonymous_7)
FNDA:2,(anonymous_8)
FNDA:0,(anonymous_9)
DA:1,1
DA:2,1
DA:4,1
DA:6,1
DA:15,3
DA:18,3
DA:19,1
DA:22,2
DA:40,2
DA:45,2
DA:46,2
DA:47,0
DA:51,2
DA:78,2
DA:80,1
DA:83,2
DA:87,4
DA:89,4
DA:114,1
DA:115,0
DA:118,0
DA:119,0
DA:123,1
DA:124,1
DA:125,1
DA:126,1
DA:127,1
DA:128,1
DA:130,1
DA:144,1
DA:146,1
DA:150,1
DA:155,1
DA:159,0
DA:176,1
DA:188,1
DA:189,0
DA:192,1
DA:193,2
DA:194,1
DA:195,2
DA:199,1
DA:214,1
LF:43
LH:37
BRDA:11,0,0,0
BRDA:18,1,0,1
BRDA:46,2,0,0
BRDA:78,3,0,1
BRDA:87,4,0,1
BRDA:87,4,1,3
BRDA:114,5,0,0
BRDA:118,6,0,0
BRDA:124,7,0,1
BRDA:125,8,0,0
BRDA:126,9,0,0
BRDA:127,10,0,1
BRDA:128,11,0,0
BRDA:188,12,0,0
BRF:14
BRH:6
end_of_record
TN:
SF:src\utils\redis.ts
FN:7,(anonymous_0)
FN:12,(anonymous_1)
FN:17,(anonymous_2)
FN:23,(anonymous_3)
FN:29,(anonymous_4)
FN:36,(anonymous_5)
FN:48,(anonymous_6)
FN:66,(anonymous_7)
FN:79,(anonymous_8)
FN:92,(anonymous_9)
FN:106,(anonymous_10)
FN:118,(anonymous_11)
FN:123,(anonymous_12)
FN:129,(anonymous_13)
FN:134,(anonymous_14)
FN:139,(anonymous_15)
FN:145,(anonymous_16)
FNF:17
FNH:11
FNDA:7,(anonymous_0)
FNDA:0,(anonymous_1)
FNDA:7,(anonymous_2)
FNDA:8,(anonymous_3)
FNDA:7,(anonymous_4)
FNDA:5,(anonymous_5)
FNDA:4,(anonymous_6)
FNDA:5,(anonymous_7)
FNDA:0,(anonymous_8)
FNDA:0,(anonymous_9)
FNDA:67,(anonymous_10)
FNDA:1,(anonymous_11)
FNDA:2,(anonymous_12)
FNDA:4,(anonymous_13)
FNDA:0,(anonymous_14)
FNDA:0,(anonymous_15)
FNDA:0,(anonymous_16)
DA:1,7
DA:3,7
DA:5,7
DA:8,7
DA:12,7
DA:13,0
DA:14,0
DA:17,7
DA:18,7
DA:19,7
DA:24,8
DA:25,7
DA:30,7
DA:31,7
DA:32,7
DA:37,5
DA:38,5
DA:39,0
DA:41,5
DA:43,0
DA:44,0
DA:49,4
DA:50,4
DA:51,0
DA:54,4
DA:55,4
DA:57,0
DA:59,4
DA:61,0
DA:62,0
DA:67,5
DA:68,5
DA:69,0
DA:71,5
DA:72,5
DA:74,0
DA:75,0
DA:80,0
DA:81,0
DA:82,0
DA:84,0
DA:85,0
DA:87,0
DA:88,0
DA:93,0
DA:94,0
DA:95,0
DA:97,0
DA:98,0
DA:99,0
DA:102,0
DA:107,67
DA:108,67
DA:109,0
DA:111,67
DA:113,0
DA:119,1
DA:120,1
DA:124,2
DA:125,2
DA:126,2
DA:130,4
DA:131,4
DA:135,0
DA:136,0
DA:140,0
DA:141,0
DA:142,0
DA:146,0
DA:147,0
DA:151,7
LF:71
LH:36
BRDA:9,0,0,7
BRDA:9,0,1,0
BRDA:24,1,0,7
BRDA:30,2,0,7
BRDA:38,3,0,0
BRDA:50,4,0,0
BRDA:54,5,0,4
BRDA:54,5,1,0
BRDA:68,6,0,0
BRDA:81,7,0,0
BRDA:94,8,0,0
BRDA:98,9,0,0
BRDA:108,10,0,0
BRDA:118,11,0,0
BRDA:126,12,0,0
BRDA:126,12,1,2
BRDA:134,13,0,0
BRDA:142,14,0,0
BRDA:142,14,1,0
BRF:19
BRH:5
end_of_record
TN:
SF:src\utils\validation.ts
FN:28,(anonymous_1)
FN:29,(anonymous_2)
FN:46,(anonymous_3)
FN:47,(anonymous_4)
FN:61,(anonymous_5)
FN:63,(anonymous_6)
FN:67,(anonymous_7)
FNF:7
FNH:5
FNDA:7,(anonymous_1)
FNDA:20,(anonymous_2)
FNDA:0,(anonymous_3)
FNDA:0,(anonymous_4)
FNDA:4,(anonymous_5)
FNDA:4,(anonymous_6)
FNDA:5,(anonymous_7)
DA:1,3
DA:4,3
DA:10,3
DA:19,3
DA:29,20
DA:30,7
DA:31,2
DA:33,5
DA:38,3
DA:47,0
DA:48,0
DA:49,0
DA:51,0
DA:56,3
DA:61,4
DA:63,3
DA:64,4
DA:67,3
DA:68,5
LF:19
LH:15
BRDA:30,0,0,2
BRDA:48,1,0,0
BRF:2
BRH:1
end_of_record
