TN:
SF:src\config\database.ts
FN:45,(anonymous_9)
FN:57,(anonymous_10)
FNF:2
FNH:0
FNDA:0,(anonymous_9)
FNDA:0,(anonymous_10)
DA:1,7
DA:2,7
DA:3,7
DA:4,7
DA:5,7
DA:6,7
DA:7,7
DA:8,7
DA:9,7
DA:10,7
DA:11,7
DA:12,7
DA:15,7
DA:45,7
DA:46,0
DA:47,0
DA:48,0
DA:51,0
DA:52,0
DA:53,0
DA:56,0
DA:57,0
DA:58,0
DA:59,0
DA:60,0
DA:62,0
DA:72,0
DA:75,0
DA:76,0
DA:80,7
DA:81,7
LF:31
LH:16
BRDA:16,0,0,7
BRDA:16,0,1,0
BRDA:17,1,0,7
BRDA:17,1,1,0
BRDA:18,2,0,7
BRDA:18,2,1,0
BRDA:19,3,0,7
BRDA:19,3,1,0
BRDA:20,4,0,7
BRDA:20,4,1,0
BRDA:22,5,0,0
BRDA:22,5,1,7
BRDA:51,6,0,0
BRDA:51,6,1,0
BRF:14
BRH:6
end_of_record
TN:
SF:src\config\redis.ts
FN:5,(anonymous_0)
FN:10,(anonymous_1)
FN:19,(anonymous_2)
FN:33,(anonymous_3)
FN:48,(anonymous_4)
FN:69,(anonymous_5)
FN:83,(anonymous_6)
FN:110,(anonymous_7)
FNF:8
FNH:0
FNDA:0,(anonymous_0)
FNDA:0,(anonymous_1)
FNDA:0,(anonymous_2)
FNDA:0,(anonymous_3)
FNDA:0,(anonymous_4)
FNDA:0,(anonymous_5)
FNDA:0,(anonymous_6)
FNDA:0,(anonymous_7)
DA:1,0
DA:2,0
DA:6,0
DA:7,0
DA:8,0
DA:11,0
DA:12,0
DA:19,0
DA:20,0
DA:21,0
DA:24,0
DA:25,0
DA:26,0
DA:28,0
DA:29,0
DA:34,0
DA:35,0
DA:36,0
DA:37,0
DA:44,0
DA:45,0
DA:49,0
DA:50,0
DA:51,0
DA:58,0
DA:59,0
DA:61,0
DA:62,0
DA:63,0
DA:66,0
DA:70,0
DA:71,0
DA:72,0
DA:73,0
DA:80,0
DA:84,0
DA:85,0
DA:86,0
DA:87,0
DA:94,0
DA:95,0
DA:97,0
DA:98,0
DA:99,0
DA:102,0
DA:107,0
DA:110,0
DA:111,0
LF:48
LH:0
BRDA:13,0,0,0
BRDA:13,0,1,0
BRDA:34,1,0,0
BRDA:34,2,0,0
BRDA:34,2,1,0
BRDA:49,3,0,0
BRDA:49,4,0,0
BRDA:49,4,1,0
BRDA:59,5,0,0
BRDA:61,6,0,0
BRDA:61,7,0,0
BRDA:61,7,1,0
BRDA:70,8,0,0
BRDA:70,9,0,0
BRDA:70,9,1,0
BRDA:84,10,0,0
BRDA:84,11,0,0
BRDA:84,11,1,0
BRDA:95,12,0,0
BRDA:97,13,0,0
BRDA:97,14,0,0
BRDA:97,14,1,0
BRF:22
BRH:0
end_of_record
TN:
SF:src\controllers\adminController.ts
FN:8,(anonymous_0)
FN:47,(anonymous_1)
FN:87,(anonymous_2)
FN:133,(anonymous_3)
FN:192,(anonymous_4)
FN:207,(anonymous_5)
FN:227,(anonymous_6)
FN:248,(anonymous_7)
FNF:8
FNH:0
FNDA:0,(anonymous_0)
FNDA:0,(anonymous_1)
FNDA:0,(anonymous_2)
FNDA:0,(anonymous_3)
FNDA:0,(anonymous_4)
FNDA:0,(anonymous_5)
FNDA:0,(anonymous_6)
FNDA:0,(anonymous_7)
DA:2,0
DA:3,0
DA:4,0
DA:5,0
DA:7,0
DA:9,0
DA:10,0
DA:11,0
DA:12,0
DA:13,0
DA:15,0
DA:16,0
DA:17,0
DA:20,0
DA:28,0
DA:30,0
DA:42,0
DA:43,0
DA:48,0
DA:49,0
DA:50,0
DA:52,0
DA:53,0
DA:58,0
DA:61,0
DA:62,0
DA:63,0
DA:68,0
DA:71,0
DA:72,0
DA:76,0
DA:82,0
DA:83,0
DA:88,0
DA:89,0
DA:91,0
DA:92,0
DA:97,0
DA:100,0
DA:101,0
DA:102,0
DA:107,0
DA:111,0
DA:112,0
DA:113,0
DA:118,0
DA:121,0
DA:123,0
DA:128,0
DA:129,0
DA:134,0
DA:143,0
DA:159,0
DA:181,0
DA:187,0
DA:188,0
DA:193,0
DA:194,0
DA:195,0
DA:197,0
DA:202,0
DA:203,0
DA:208,0
DA:210,0
DA:211,0
DA:212,0
DA:213,0
DA:215,0
DA:217,0
DA:222,0
DA:223,0
DA:228,0
DA:229,0
DA:237,0
DA:243,0
DA:244,0
DA:249,0
DA:251,0
DA:259,0
DA:265,0
DA:266,0
DA:271,0
LF:82
LH:0
BRDA:10,0,0,0
BRDA:10,0,1,0
BRDA:11,1,0,0
BRDA:11,1,1,0
BRDA:16,2,0,0
BRDA:52,3,0,0
BRDA:62,4,0,0
BRDA:91,5,0,0
BRDA:101,6,0,0
BRDA:112,7,0,0
BRF:10
BRH:0
end_of_record
TN:
SF:src\controllers\authController.ts
FN:8,(anonymous_0)
FN:90,(anonymous_1)
FN:169,(anonymous_2)
FN:223,(anonymous_3)
FN:256,(anonymous_4)
FNF:5
FNH:1
FNDA:6,(anonymous_0)
FNDA:0,(anonymous_1)
FNDA:0,(anonymous_2)
FNDA:0,(anonymous_3)
FNDA:0,(anonymous_4)
DA:2,1
DA:3,1
DA:5,1
DA:6,1
DA:8,1
DA:9,6
DA:10,6
DA:11,6
DA:14,6
DA:15,6
DA:21,6
DA:22,2
DA:23,2
DA:27,2
DA:31,4
DA:32,4
DA:35,4
DA:37,4
DA:45,4
DA:48,4
DA:60,4
DA:67,4
DA:69,4
DA:71,4
DA:81,0
DA:82,0
DA:90,1
DA:91,0
DA:92,0
DA:95,0
DA:99,0
DA:100,0
DA:105,0
DA:109,0
DA:110,0
DA:111,0
DA:116,0
DA:120,0
DA:126,0
DA:133,0
DA:136,0
DA:148,0
DA:150,0
DA:160,0
DA:161,0
DA:169,1
DA:170,0
DA:171,0
DA:173,0
DA:174,0
DA:178,0
DA:182,0
DA:185,0
DA:189,0
DA:190,0
DA:194,0
DA:198,0
DA:205,0
DA:207,0
DA:215,0
DA:216,0
DA:223,1
DA:224,0
DA:225,0
DA:227,0
DA:235,0
DA:236,0
DA:240,0
DA:243,0
DA:248,0
DA:249,0
DA:256,1
DA:257,0
DA:258,0
DA:259,0
DA:261,0
DA:266,0
DA:273,0
DA:275,0
DA:281,0
DA:282,0
LF:81
LH:28
BRDA:21,0,0,2
BRDA:43,1,0,4
BRDA:43,1,1,0
BRDA:99,2,0,0
BRDA:99,3,0,0
BRDA:99,3,1,0
BRDA:110,4,0,0
BRDA:173,5,0,0
BRDA:189,6,0,0
BRDA:189,7,0,0
BRDA:189,7,1,0
BRDA:235,8,0,0
BRF:12
BRH:2
end_of_record
TN:
SF:src\controllers\categoryController.ts
FN:6,(anonymous_0)
FN:30,(anonymous_1)
FN:96,(anonymous_2)
FN:126,(anonymous_3)
FN:168,(anonymous_4)
FN:200,(anonymous_5)
FN:224,(anonymous_6)
FN:250,(anonymous_7)
FNF:8
FNH:6
FNDA:4,(anonymous_0)
FNDA:4,(anonymous_1)
FNDA:5,(anonymous_2)
FNDA:3,(anonymous_3)
FNDA:3,(anonymous_4)
FNDA:0,(anonymous_5)
FNDA:0,(anonymous_6)
FNDA:3,(anonymous_7)
DA:2,1
DA:3,1
DA:5,1
DA:7,4
DA:8,4
DA:9,4
DA:10,1
DA:15,1
DA:18,3
DA:20,3
DA:26,0
DA:31,4
DA:32,4
DA:33,4
DA:34,0
DA:39,0
DA:42,4
DA:45,4
DA:46,0
DA:47,0
DA:51,0
DA:54,0
DA:55,0
DA:56,0
DA:60,0
DA:62,0
DA:70,0
DA:71,0
DA:77,4
DA:80,4
DA:92,0
DA:97,5
DA:98,5
DA:99,5
DA:100,2
DA:104,2
DA:107,3
DA:108,3
DA:109,1
DA:113,1
DA:116,2
DA:122,0
DA:127,3
DA:128,3
DA:129,3
DA:130,0
DA:135,0
DA:138,3
DA:139,3
DA:140,1
DA:145,1
DA:148,2
DA:149,2
DA:150,1
DA:155,1
DA:158,1
DA:164,0
DA:169,3
DA:170,3
DA:171,3
DA:172,0
DA:177,0
DA:180,3
DA:182,2
DA:183,0
DA:188,0
DA:191,2
DA:196,1
DA:201,0
DA:202,0
DA:203,0
DA:204,0
DA:209,0
DA:212,0
DA:214,0
DA:220,0
DA:225,0
DA:226,0
DA:227,0
DA:228,0
DA:233,0
DA:236,0
DA:237,0
DA:239,0
DA:246,0
DA:251,3
DA:252,3
DA:253,3
DA:254,1
DA:259,1
DA:262,2
DA:270,2
DA:272,2
DA:280,0
DA:285,1
LF:95
LH:55
BRDA:9,0,0,1
BRDA:33,1,0,0
BRDA:45,2,0,0
BRDA:45,2,1,4
BRDA:48,3,0,0
BRDA:48,3,1,0
BRDA:49,4,0,0
BRDA:49,4,1,0
BRDA:54,5,0,0
BRDA:54,5,1,0
BRDA:87,6,0,4
BRDA:87,6,1,0
BRDA:99,7,0,2
BRDA:108,8,0,1
BRDA:129,9,0,0
BRDA:139,10,0,1
BRDA:149,11,0,1
BRDA:171,12,0,0
BRDA:182,13,0,0
BRDA:203,14,0,0
BRDA:227,15,0,0
BRDA:236,16,0,0
BRDA:236,16,1,0
BRDA:253,17,0,1
BRDA:253,18,0,3
BRDA:253,18,1,2
BRDA:263,19,0,2
BRDA:263,19,1,2
BRDA:264,20,0,2
BRDA:264,20,1,2
BRDA:265,21,0,0
BRDA:265,21,1,2
BRDA:267,22,0,2
BRDA:267,22,1,2
BRF:34
BRH:17
end_of_record
TN:
SF:src\controllers\matchController.ts
FN:10,(anonymous_0)
FN:32,(anonymous_1)
FN:66,(anonymous_2)
FN:100,(anonymous_3)
FN:142,(anonymous_4)
FN:167,(anonymous_5)
FN:215,(anonymous_6)
FN:237,(anonymous_7)
FNF:8
FNH:0
FNDA:0,(anonymous_0)
FNDA:0,(anonymous_1)
FNDA:0,(anonymous_2)
FNDA:0,(anonymous_3)
FNDA:0,(anonymous_4)
FNDA:0,(anonymous_5)
FNDA:0,(anonymous_6)
FNDA:0,(anonymous_7)
DA:3,0
DA:4,0
DA:5,0
DA:10,0
DA:11,0
DA:12,0
DA:14,0
DA:20,0
DA:21,0
DA:32,0
DA:33,0
DA:34,0
DA:35,0
DA:37,0
DA:38,0
DA:43,0
DA:46,0
DA:48,0
DA:54,0
DA:55,0
DA:66,0
DA:67,0
DA:68,0
DA:69,0
DA:71,0
DA:72,0
DA:77,0
DA:80,0
DA:82,0
DA:88,0
DA:89,0
DA:100,0
DA:101,0
DA:102,0
DA:103,0
DA:105,0
DA:106,0
DA:111,0
DA:114,0
DA:116,0
DA:117,0
DA:123,0
DA:130,0
DA:131,0
DA:142,0
DA:143,0
DA:144,0
DA:146,0
DA:147,0
DA:152,0
DA:155,0
DA:157,0
DA:158,0
DA:163,0
DA:167,0
DA:181,0
DA:203,0
DA:204,0
DA:215,0
DA:216,0
DA:217,0
DA:219,0
DA:225,0
DA:226,0
DA:237,0
DA:238,0
DA:239,0
DA:240,0
DA:244,0
DA:259,0
DA:260,0
LF:71
LH:0
BRDA:35,0,0,0
BRDA:35,0,1,0
BRDA:37,1,0,0
BRDA:58,2,0,0
BRDA:58,2,1,0
BRDA:68,3,0,0
BRDA:69,4,0,0
BRDA:69,4,1,0
BRDA:71,5,0,0
BRDA:92,6,0,0
BRDA:92,6,1,0
BRDA:103,7,0,0
BRDA:103,7,1,0
BRDA:105,8,0,0
BRDA:116,9,0,0
BRDA:116,9,1,0
BRDA:134,10,0,0
BRDA:134,10,1,0
BRDA:146,11,0,0
BRDA:157,12,0,0
BRDA:173,13,0,0
BRDA:173,13,1,0
BRDA:239,14,0,0
BRDA:239,14,1,0
BRDA:240,15,0,0
BRDA:240,16,0,0
BRF:26
BRH:0
end_of_record
TN:
SF:src\controllers\questionBankController.ts
FN:16,(anonymous_1)
FN:28,(anonymous_2)
FN:57,(anonymous_3)
FN:79,(anonymous_4)
FN:101,(anonymous_5)
FN:129,(anonymous_6)
FN:156,(anonymous_7)
FN:175,(anonymous_8)
FN:202,(anonymous_9)
FN:256,(anonymous_10)
FN:274,(anonymous_11)
FN:291,(anonymous_12)
FNF:12
FNH:0
FNDA:0,(anonymous_1)
FNDA:0,(anonymous_2)
FNDA:0,(anonymous_3)
FNDA:0,(anonymous_4)
FNDA:0,(anonymous_5)
FNDA:0,(anonymous_6)
FNDA:0,(anonymous_7)
FNDA:0,(anonymous_8)
FNDA:0,(anonymous_9)
FNDA:0,(anonymous_10)
FNDA:0,(anonymous_11)
FNDA:0,(anonymous_12)
DA:2,0
DA:3,0
DA:5,0
DA:6,0
DA:8,0
DA:11,0
DA:17,0
DA:19,0
DA:21,0
DA:26,0
DA:28,0
DA:29,0
DA:30,0
DA:32,0
DA:34,0
DA:42,0
DA:48,0
DA:49,0
DA:57,0
DA:58,0
DA:59,0
DA:60,0
DA:61,0
DA:63,0
DA:65,0
DA:70,0
DA:71,0
DA:79,0
DA:80,0
DA:81,0
DA:82,0
DA:83,0
DA:85,0
DA:87,0
DA:92,0
DA:93,0
DA:101,0
DA:102,0
DA:103,0
DA:104,0
DA:106,0
DA:107,0
DA:112,0
DA:115,0
DA:120,0
DA:121,0
DA:129,0
DA:130,0
DA:131,0
DA:132,0
DA:134,0
DA:141,0
DA:147,0
DA:148,0
DA:156,0
DA:157,0
DA:158,0
DA:159,0
DA:161,0
DA:166,0
DA:167,0
DA:175,0
DA:176,0
DA:177,0
DA:179,0
DA:181,0
DA:187,0
DA:193,0
DA:194,0
DA:202,0
DA:203,0
DA:204,0
DA:205,0
DA:210,0
DA:213,0
DA:214,0
DA:215,0
DA:217,0
DA:218,0
DA:223,0
DA:227,0
DA:229,0
DA:238,0
DA:245,0
DA:256,0
DA:265,0
DA:266,0
DA:274,0
DA:275,0
DA:276,0
DA:278,0
DA:279,0
DA:280,0
DA:282,0
DA:283,0
DA:291,0
DA:292,0
DA:293,0
DA:295,0
DA:296,0
DA:301,0
DA:304,0
DA:310,0
DA:315,0
DA:316,0
LF:105
LH:0
BRDA:17,0,0,0
BRDA:17,0,1,0
BRDA:17,1,0,0
BRDA:17,1,1,0
BRDA:32,2,0,0
BRDA:32,2,1,0
BRDA:60,3,0,0
BRDA:60,3,1,0
BRDA:61,4,0,0
BRDA:61,4,1,0
BRDA:81,5,0,0
BRDA:81,5,1,0
BRDA:82,6,0,0
BRDA:82,6,1,0
BRDA:106,7,0,0
BRDA:179,8,0,0
BRDA:179,8,1,0
BRDA:204,9,0,0
BRDA:215,10,0,0
BRDA:215,10,1,0
BRDA:217,11,0,0
BRDA:227,12,0,0
BRDA:227,12,1,0
BRDA:269,13,0,0
BRDA:269,13,1,0
BRDA:295,14,0,0
BRDA:295,15,0,0
BRDA:295,15,1,0
BRDA:306,16,0,0
BRDA:306,16,1,0
BRF:30
BRH:0
end_of_record
TN:
SF:src\controllers\questionController.ts
FN:6,(anonymous_0)
FN:30,(anonymous_1)
FN:65,(anonymous_2)
FN:89,(anonymous_3)
FN:119,(anonymous_4)
FN:149,(anonymous_5)
FN:171,(anonymous_6)
FNF:7
FNH:0
FNDA:0,(anonymous_0)
FNDA:0,(anonymous_1)
FNDA:0,(anonymous_2)
FNDA:0,(anonymous_3)
FNDA:0,(anonymous_4)
FNDA:0,(anonymous_5)
FNDA:0,(anonymous_6)
DA:2,0
DA:3,0
DA:5,0
DA:7,0
DA:8,0
DA:9,0
DA:10,0
DA:15,0
DA:18,0
DA:20,0
DA:26,0
DA:31,0
DA:32,0
DA:33,0
DA:34,0
DA:39,0
DA:42,0
DA:43,0
DA:44,0
DA:49,0
DA:52,0
DA:53,0
DA:55,0
DA:61,0
DA:66,0
DA:67,0
DA:68,0
DA:69,0
DA:73,0
DA:76,0
DA:78,0
DA:85,0
DA:90,0
DA:91,0
DA:92,0
DA:93,0
DA:97,0
DA:100,0
DA:101,0
DA:102,0
DA:106,0
DA:109,0
DA:115,0
DA:120,0
DA:121,0
DA:122,0
DA:123,0
DA:128,0
DA:131,0
DA:133,0
DA:139,0
DA:145,0
DA:150,0
DA:151,0
DA:152,0
DA:153,0
DA:157,0
DA:160,0
DA:162,0
DA:167,0
DA:172,0
DA:173,0
DA:174,0
DA:175,0
DA:179,0
DA:182,0
DA:184,0
DA:190,0
DA:195,0
LF:69
LH:0
BRDA:9,0,0,0
BRDA:33,1,0,0
BRDA:43,2,0,0
BRDA:68,3,0,0
BRDA:92,4,0,0
BRDA:101,5,0,0
BRDA:122,6,0,0
BRDA:152,7,0,0
BRDA:174,8,0,0
BRF:9
BRH:0
end_of_record
TN:
SF:src\controllers\quizAttemptController.ts
FN:6,(anonymous_9)
FN:13,(anonymous_10)
FN:46,(anonymous_11)
FN:82,(anonymous_12)
FN:89,(anonymous_13)
FN:131,(anonymous_14)
FN:170,(anonymous_15)
FN:193,(anonymous_16)
FN:215,(anonymous_17)
FNF:9
FNH:0
FNDA:0,(anonymous_9)
FNDA:0,(anonymous_10)
FNDA:0,(anonymous_11)
FNDA:0,(anonymous_12)
FNDA:0,(anonymous_13)
FNDA:0,(anonymous_14)
FNDA:0,(anonymous_15)
FNDA:0,(anonymous_16)
FNDA:0,(anonymous_17)
DA:2,0
DA:4,0
DA:6,0
DA:7,0
DA:8,0
DA:9,0
DA:12,0
DA:13,0
DA:14,0
DA:15,0
DA:16,0
DA:21,0
DA:23,0
DA:26,0
DA:31,0
DA:37,0
DA:38,0
DA:46,0
DA:47,0
DA:48,0
DA:49,0
DA:51,0
DA:52,0
DA:57,0
DA:60,0
DA:67,0
DA:73,0
DA:74,0
DA:82,0
DA:83,0
DA:84,0
DA:85,0
DA:88,0
DA:89,0
DA:90,0
DA:91,0
DA:92,0
DA:97,0
DA:99,0
DA:102,0
DA:103,0
DA:108,0
DA:111,0
DA:116,0
DA:122,0
DA:123,0
DA:131,0
DA:132,0
DA:133,0
DA:134,0
DA:136,0
DA:137,0
DA:142,0
DA:145,0
DA:146,0
DA:147,0
DA:152,0
DA:155,0
DA:161,0
DA:162,0
DA:170,0
DA:171,0
DA:172,0
DA:173,0
DA:174,0
DA:176,0
DA:178,0
DA:184,0
DA:185,0
DA:193,0
DA:194,0
DA:195,0
DA:196,0
DA:198,0
DA:200,0
DA:206,0
DA:207,0
DA:215,0
DA:216,0
DA:217,0
DA:218,0
DA:220,0
DA:226,0
DA:227,0
LF:84
LH:0
BRDA:12,0,0,0
BRDA:15,1,0,0
BRDA:41,2,0,0
BRDA:41,2,1,0
BRDA:51,3,0,0
BRDA:77,4,0,0
BRDA:77,4,1,0
BRDA:88,5,0,0
BRDA:91,6,0,0
BRDA:102,7,0,0
BRDA:126,8,0,0
BRDA:126,8,1,0
BRDA:134,9,0,0
BRDA:134,9,1,0
BRDA:136,10,0,0
BRDA:146,11,0,0
BRDA:172,12,0,0
BRDA:172,12,1,0
BRDA:173,13,0,0
BRDA:173,13,1,0
BRDA:174,14,0,0
BRDA:174,14,1,0
BRDA:195,15,0,0
BRDA:195,15,1,0
BRDA:196,16,0,0
BRDA:196,16,1,0
BRDA:217,17,0,0
BRDA:217,17,1,0
BRF:28
BRH:0
end_of_record
TN:
SF:src\controllers\quizController.ts
FN:6,(anonymous_0)
FN:36,(anonymous_1)
FN:70,(anonymous_2)
FN:96,(anonymous_3)
FN:133,(anonymous_4)
FN:172,(anonymous_5)
FN:201,(anonymous_6)
FN:229,(anonymous_7)
FN:266,(anonymous_8)
FNF:9
FNH:6
FNDA:2,(anonymous_0)
FNDA:0,(anonymous_1)
FNDA:6,(anonymous_2)
FNDA:2,(anonymous_3)
FNDA:2,(anonymous_4)
FNDA:0,(anonymous_5)
FNDA:2,(anonymous_6)
FNDA:1,(anonymous_7)
FNDA:0,(anonymous_8)
DA:2,1
DA:4,1
DA:6,1
DA:7,2
DA:8,2
DA:9,2
DA:11,2
DA:21,1
DA:27,1
DA:28,1
DA:36,1
DA:37,0
DA:38,0
DA:39,0
DA:41,0
DA:42,0
DA:47,0
DA:50,0
DA:55,0
DA:61,0
DA:62,0
DA:70,1
DA:71,6
DA:72,6
DA:80,6
DA:82,6
DA:87,0
DA:88,0
DA:96,1
DA:97,2
DA:98,2
DA:99,2
DA:100,0
DA:105,0
DA:108,2
DA:109,2
DA:110,1
DA:115,1
DA:118,1
DA:124,0
DA:125,0
DA:133,1
DA:134,2
DA:135,2
DA:136,2
DA:138,2
DA:139,0
DA:144,0
DA:147,2
DA:148,0
DA:149,0
DA:154,0
DA:157,0
DA:163,2
DA:164,2
DA:172,1
DA:173,0
DA:174,0
DA:175,0
DA:176,0
DA:181,0
DA:184,0
DA:186,0
DA:192,0
DA:193,0
DA:201,1
DA:202,2
DA:203,2
DA:204,2
DA:205,0
DA:210,0
DA:213,2
DA:215,2
DA:220,0
DA:221,0
DA:229,1
DA:230,1
DA:231,1
DA:232,1
DA:233,0
DA:238,0
DA:241,1
DA:242,0
DA:243,0
DA:248,0
DA:251,0
DA:257,1
DA:258,1
DA:266,1
DA:267,0
DA:268,0
DA:269,0
DA:271,0
DA:277,0
DA:278,0
LF:95
LH:48
BRDA:9,0,0,2
BRDA:9,0,1,2
BRDA:41,1,0,0
BRDA:74,2,0,1
BRDA:74,2,1,5
BRDA:76,3,0,1
BRDA:76,3,1,5
BRDA:77,4,0,1
BRDA:77,4,1,5
BRDA:99,5,0,0
BRDA:109,6,0,1
BRDA:136,7,0,2
BRDA:136,7,1,2
BRDA:138,8,0,0
BRDA:148,9,0,0
BRDA:175,10,0,0
BRDA:204,11,0,0
BRDA:232,12,0,0
BRDA:242,13,0,0
BRDA:268,14,0,0
BRDA:268,14,1,0
BRF:21
BRH:11
end_of_record
TN:
SF:src\lib\store.ts
FN:39,(anonymous_0)
FN:43,(anonymous_1)
FN:48,(anonymous_2)
FN:67,(anonymous_3)
FN:74,(anonymous_4)
FN:82,(anonymous_5)
FN:87,(anonymous_6)
FN:94,(anonymous_7)
FN:98,(anonymous_8)
FN:105,(anonymous_9)
FN:118,(anonymous_10)
FN:125,(anonymous_11)
FN:132,(anonymous_12)
FN:137,(anonymous_13)
FN:144,(anonymous_14)
FN:154,(anonymous_15)
FN:165,(anonymous_16)
FN:172,(anonymous_17)
FN:177,(anonymous_18)
FN:178,(anonymous_19)
FN:184,(anonymous_20)
FN:194,(anonymous_21)
FN:201,(anonymous_22)
FN:205,(anonymous_23)
FN:215,(anonymous_24)
FN:217,(anonymous_25)
FN:221,(anonymous_26)
FN:229,(anonymous_27)
FN:233,(anonymous_28)
FN:238,(anonymous_29)
FN:242,(anonymous_30)
FN:246,(anonymous_31)
FN:250,(anonymous_32)
FN:254,(anonymous_33)
FN:259,(anonymous_34)
FN:263,(anonymous_35)
FN:267,(anonymous_36)
FN:271,(anonymous_37)
FN:275,(anonymous_38)
FN:279,(anonymous_39)
FN:283,(anonymous_40)
FN:287,(anonymous_41)
FN:291,(anonymous_42)
FN:310,(anonymous_43)
FN:341,(anonymous_44)
FN:352,(anonymous_45)
FN:356,(anonymous_46)
FN:360,(anonymous_47)
FN:365,(anonymous_48)
FN:373,(anonymous_49)
FN:374,(anonymous_50)
FN:393,(anonymous_51)
FN:414,(anonymous_52)
FN:422,(anonymous_53)
FN:429,(anonymous_54)
FN:441,(anonymous_55)
FN:476,(anonymous_56)
FNF:57
FNH:0
FNDA:0,(anonymous_0)
FNDA:0,(anonymous_1)
FNDA:0,(anonymous_2)
FNDA:0,(anonymous_3)
FNDA:0,(anonymous_4)
FNDA:0,(anonymous_5)
FNDA:0,(anonymous_6)
FNDA:0,(anonymous_7)
FNDA:0,(anonymous_8)
FNDA:0,(anonymous_9)
FNDA:0,(anonymous_10)
FNDA:0,(anonymous_11)
FNDA:0,(anonymous_12)
FNDA:0,(anonymous_13)
FNDA:0,(anonymous_14)
FNDA:0,(anonymous_15)
FNDA:0,(anonymous_16)
FNDA:0,(anonymous_17)
FNDA:0,(anonymous_18)
FNDA:0,(anonymous_19)
FNDA:0,(anonymous_20)
FNDA:0,(anonymous_21)
FNDA:0,(anonymous_22)
FNDA:0,(anonymous_23)
FNDA:0,(anonymous_24)
FNDA:0,(anonymous_25)
FNDA:0,(anonymous_26)
FNDA:0,(anonymous_27)
FNDA:0,(anonymous_28)
FNDA:0,(anonymous_29)
FNDA:0,(anonymous_30)
FNDA:0,(anonymous_31)
FNDA:0,(anonymous_32)
FNDA:0,(anonymous_33)
FNDA:0,(anonymous_34)
FNDA:0,(anonymous_35)
FNDA:0,(anonymous_36)
FNDA:0,(anonymous_37)
FNDA:0,(anonymous_38)
FNDA:0,(anonymous_39)
FNDA:0,(anonymous_40)
FNDA:0,(anonymous_41)
FNDA:0,(anonymous_42)
FNDA:0,(anonymous_43)
FNDA:0,(anonymous_44)
FNDA:0,(anonymous_45)
FNDA:0,(anonymous_46)
FNDA:0,(anonymous_47)
FNDA:0,(anonymous_48)
FNDA:0,(anonymous_49)
FNDA:0,(anonymous_50)
FNDA:0,(anonymous_51)
FNDA:0,(anonymous_52)
FNDA:0,(anonymous_53)
FNDA:0,(anonymous_54)
FNDA:0,(anonymous_55)
FNDA:0,(anonymous_56)
DA:1,0
DA:2,0
DA:34,0
DA:35,0
DA:36,0
DA:37,0
DA:40,0
DA:43,0
DA:44,0
DA:49,0
DA:50,0
DA:52,0
DA:53,0
DA:54,0
DA:58,0
DA:59,0
DA:62,0
DA:63,0
DA:68,0
DA:69,0
DA:70,0
DA:71,0
DA:75,0
DA:76,0
DA:77,0
DA:79,0
DA:83,0
DA:84,0
DA:88,0
DA:89,0
DA:90,0
DA:91,0
DA:95,0
DA:99,0
DA:100,0
DA:101,0
DA:106,0
DA:107,0
DA:109,0
DA:110,0
DA:111,0
DA:115,0
DA:119,0
DA:120,0
DA:121,0
DA:122,0
DA:126,0
DA:127,0
DA:128,0
DA:129,0
DA:133,0
DA:134,0
DA:138,0
DA:139,0
DA:141,0
DA:145,0
DA:146,0
DA:147,0
DA:148,0
DA:149,0
DA:155,0
DA:156,0
DA:158,0
DA:159,0
DA:160,0
DA:162,0
DA:166,0
DA:167,0
DA:169,0
DA:173,0
DA:174,0
DA:176,0
DA:177,0
DA:178,0
DA:180,0
DA:181,0
DA:185,0
DA:186,0
DA:187,0
DA:188,0
DA:189,0
DA:195,0
DA:196,0
DA:197,0
DA:198,0
DA:202,0
DA:207,0
DA:215,0
DA:218,0
DA:222,0
DA:223,0
DA:225,0
DA:230,0
DA:234,0
DA:235,0
DA:239,0
DA:243,0
DA:247,0
DA:251,0
DA:255,0
DA:256,0
DA:260,0
DA:264,0
DA:268,0
DA:272,0
DA:276,0
DA:280,0
DA:284,0
DA:288,0
DA:292,0
DA:300,0
DA:301,0
DA:302,0
DA:322,0
DA:325,0
DA:326,0
DA:330,0
DA:331,0
DA:333,0
DA:334,0
DA:335,0
DA:337,0
DA:342,0
DA:343,0
DA:344,0
DA:346,0
DA:352,0
DA:353,0
DA:356,0
DA:357,0
DA:360,0
DA:361,0
DA:362,0
DA:365,0
DA:366,0
DA:367,0
DA:371,0
DA:374,0
DA:379,0
DA:381,0
DA:382,0
DA:383,0
DA:384,0
DA:387,0
DA:389,0
DA:390,0
DA:393,0
DA:400,0
DA:401,0
DA:402,0
DA:403,0
DA:404,0
DA:406,0
DA:415,0
DA:423,0
DA:430,0
DA:431,0
DA:432,0
DA:433,0
DA:447,0
DA:448,0
DA:455,0
DA:456,0
DA:457,0
DA:458,0
DA:460,0
DA:466,0
DA:476,0
DA:477,0
DA:481,0
LF:170
LH:0
BRDA:53,0,0,0
BRDA:53,1,0,0
BRDA:53,1,1,0
BRDA:62,2,0,0
BRDA:69,3,0,0
BRDA:70,4,0,0
BRDA:75,5,0,0
BRDA:79,6,0,0
BRDA:79,6,1,0
BRDA:83,7,0,0
BRDA:83,7,1,0
BRDA:95,8,0,0
BRDA:95,8,1,0
BRDA:100,9,0,0
BRDA:110,10,0,0
BRDA:110,11,0,0
BRDA:110,11,1,0
BRDA:119,12,0,0
BRDA:119,12,1,0
BRDA:126,13,0,0
BRDA:126,13,1,0
BRDA:134,14,0,0
BRDA:134,14,1,0
BRDA:138,15,0,0
BRDA:146,16,0,0
BRDA:148,17,0,0
BRDA:156,18,0,0
BRDA:166,19,0,0
BRDA:174,20,0,0
BRDA:180,21,0,0
BRDA:180,21,1,0
BRDA:186,22,0,0
BRDA:188,23,0,0
BRDA:222,24,0,0
BRDA:222,24,1,0
BRDA:256,25,0,0
BRDA:256,25,1,0
BRDA:312,26,0,0
BRDA:319,27,0,0
BRDA:320,28,0,0
BRDA:321,29,0,0
BRDA:325,30,0,0
BRDA:330,31,0,0
BRDA:330,32,0,0
BRDA:330,32,1,0
BRDA:331,33,0,0
BRDA:331,33,1,0
BRDA:342,34,0,0
BRDA:389,35,0,0
BRDA:389,35,1,0
BRDA:400,36,0,0
BRDA:400,36,1,0
BRDA:430,37,0,0
BRDA:447,38,0,0
BRDA:462,39,0,0
BRDA:462,39,1,0
BRDA:468,40,0,0
BRDA:468,40,1,0
BRDA:469,41,0,0
BRDA:469,41,1,0
BRF:60
BRH:0
end_of_record
TN:
SF:src\middleware\auth.ts
FN:15,(anonymous_1)
FN:71,(anonymous_2)
FN:72,(anonymous_3)
FNF:3
FNH:1
FNDA:0,(anonymous_1)
FNDA:2,(anonymous_2)
FNDA:0,(anonymous_3)
DA:2,1
DA:3,1
DA:4,1
DA:15,1
DA:20,0
DA:21,0
DA:22,0
DA:24,0
DA:25,0
DA:30,0
DA:33,0
DA:34,0
DA:35,0
DA:36,0
DA:40,0
DA:43,0
DA:46,0
DA:50,0
DA:51,0
DA:56,0
DA:59,0
DA:60,0
DA:62,0
DA:63,0
DA:71,1
DA:72,2
DA:73,0
DA:74,0
DA:78,0
DA:81,0
DA:82,0
DA:87,0
DA:90,0
DA:94,1
DA:95,1
LF:35
LH:8
BRDA:22,0,0,0
BRDA:22,0,1,0
BRDA:24,1,0,0
BRDA:34,2,0,0
BRDA:50,3,0,0
BRDA:50,4,0,0
BRDA:50,4,1,0
BRDA:73,5,0,0
BRDA:81,6,0,0
BRF:9
BRH:0
end_of_record
TN:
SF:src\middleware\errorHandler.ts
FN:9,(anonymous_0)
FNF:1
FNH:0
FNDA:0,(anonymous_0)
DA:2,0
DA:9,0
DA:15,0
DA:16,0
DA:19,0
DA:20,0
DA:21,0
DA:25,0
DA:26,0
DA:27,0
DA:31,0
DA:32,0
DA:33,0
DA:36,0
DA:37,0
DA:38,0
DA:42,0
DA:54,0
DA:55,0
DA:57,0
DA:61,0
DA:62,0
DA:72,0
DA:73,0
DA:81,0
DA:88,0
LF:26
LH:0
BRDA:15,0,0,0
BRDA:15,0,1,0
BRDA:16,1,0,0
BRDA:16,1,1,0
BRDA:19,2,0,0
BRDA:25,3,0,0
BRDA:31,4,0,0
BRDA:36,5,0,0
BRDA:43,6,0,0
BRDA:43,6,1,0
BRDA:54,7,0,0
BRDA:54,7,1,0
BRDA:61,8,0,0
BRDA:72,9,0,0
BRDA:72,10,0,0
BRDA:72,10,1,0
BRF:16
BRH:0
end_of_record
TN:
SF:src\middleware\requestLogger.ts
FN:10,(anonymous_10)
FN:16,(anonymous_11)
FN:21,(anonymous_12)
FN:36,(anonymous_13)
FN:44,(anonymous_14)
FN:62,(anonymous_15)
FNF:6
FNH:0
FNDA:0,(anonymous_10)
FNDA:0,(anonymous_11)
FNDA:0,(anonymous_12)
FNDA:0,(anonymous_13)
FNDA:0,(anonymous_14)
FNDA:0,(anonymous_15)
DA:1,0
DA:3,0
DA:9,0
DA:11,0
DA:16,0
DA:17,0
DA:21,0
DA:22,0
DA:26,0
DA:29,0
DA:32,0
DA:38,0
DA:44,0
DA:45,0
DA:48,0
DA:51,0
DA:60,0
DA:62,0
DA:67,0
DA:69,0
DA:80,0
DA:81,0
DA:83,0
DA:86,0
DA:89,0
LF:25
LH:0
BRDA:17,0,0,0
BRDA:17,0,1,0
BRDA:22,1,0,0
BRDA:22,1,1,0
BRDA:33,2,0,0
BRDA:33,2,1,0
BRDA:38,3,0,0
BRDA:38,3,1,0
BRDA:75,4,0,0
BRDA:75,4,1,0
BRDA:80,5,0,0
BRF:11
BRH:0
end_of_record
TN:
SF:src\middleware\validation.ts
FN:5,(anonymous_0)
FN:6,(anonymous_1)
FN:13,(anonymous_2)
FN:36,(anonymous_3)
FN:37,(anonymous_4)
FN:44,(anonymous_5)
FN:67,(anonymous_6)
FN:68,(anonymous_7)
FN:75,(anonymous_8)
FNF:9
FNH:3
FNDA:7,(anonymous_0)
FNDA:27,(anonymous_1)
FNDA:24,(anonymous_2)
FNDA:0,(anonymous_3)
FNDA:0,(anonymous_4)
FNDA:0,(anonymous_5)
FNDA:0,(anonymous_6)
FNDA:0,(anonymous_7)
FNDA:0,(anonymous_8)
DA:3,2
DA:5,2
DA:6,7
DA:7,27
DA:12,27
DA:13,24
DA:19,19
DA:21,19
DA:27,19
DA:31,8
DA:32,8
DA:36,2
DA:37,0
DA:38,0
DA:43,0
DA:44,0
DA:50,0
DA:52,0
DA:58,0
DA:62,0
DA:63,0
DA:67,2
DA:68,0
DA:69,0
DA:74,0
DA:75,0
DA:81,0
DA:83,0
DA:89,0
DA:93,0
DA:94,0
LF:31
LH:13
BRDA:12,0,0,19
BRDA:43,1,0,0
BRDA:74,2,0,0
BRF:3
BRH:1
end_of_record
TN:
SF:src\models\Category.ts
FN:35,(anonymous_2)
FN:53,(anonymous_3)
FN:56,(anonymous_4)
FN:60,(anonymous_5)
FN:63,(anonymous_6)
FNF:5
FNH:4
FNDA:0,(anonymous_2)
FNDA:34,(anonymous_3)
FNDA:34,(anonymous_4)
FNDA:34,(anonymous_5)
FNDA:34,(anonymous_6)
DA:1,10
DA:15,10
DA:16,10
DA:22,10
DA:26,10
DA:30,10
DA:33,10
DA:35,0
DA:37,10
DA:44,10
DA:47,10
DA:50,10
DA:53,34
DA:54,10
DA:56,34
DA:57,10
DA:60,34
DA:61,10
DA:63,34
DA:64,10
LF:20
LH:19
BRF:0
BRH:0
end_of_record
TN:
SF:src\models\Match.ts
FN:34,(anonymous_2)
FN:66,(anonymous_3)
FN:69,(anonymous_4)
FNF:3
FNH:2
FNDA:0,(anonymous_2)
FNDA:34,(anonymous_3)
FNDA:34,(anonymous_4)
DA:1,10
DA:16,10
DA:17,10
DA:18,10
DA:24,10
DA:28,10
DA:32,10
DA:34,0
DA:36,10
DA:40,10
DA:44,10
DA:48,10
DA:51,10
DA:54,10
DA:57,10
DA:60,10
DA:63,10
DA:66,34
DA:67,10
DA:69,34
DA:70,10
LF:21
LH:20
BRF:0
BRH:0
end_of_record
TN:
SF:src\models\MatchPlayer.ts
FN:29,(anonymous_2)
FN:34,(anonymous_3)
FN:67,(anonymous_4)
FN:70,(anonymous_5)
FNF:4
FNH:2
FNDA:0,(anonymous_2)
FNDA:0,(anonymous_3)
FNDA:34,(anonymous_4)
FNDA:34,(anonymous_5)
DA:1,10
DA:15,10
DA:16,10
DA:17,10
DA:23,10
DA:27,10
DA:29,0
DA:32,10
DA:34,0
DA:37,10
DA:41,10
DA:45,10
DA:49,10
DA:52,10
DA:55,10
DA:58,10
DA:61,10
DA:64,10
DA:67,34
DA:68,10
DA:70,34
DA:71,10
LF:22
LH:20
BRF:0
BRH:0
end_of_record
TN:
SF:src\models\QuestionBankItem.ts
FN:36,(anonymous_2)
FN:45,(anonymous_3)
FN:61,(anonymous_4)
FN:64,(anonymous_5)
FN:67,(anonymous_6)
FN:70,(anonymous_7)
FN:75,(anonymous_8)
FNF:7
FNH:4
FNDA:0,(anonymous_2)
FNDA:0,(anonymous_3)
FNDA:34,(anonymous_4)
FNDA:34,(anonymous_5)
FNDA:34,(anonymous_6)
FNDA:34,(anonymous_7)
FNDA:0,(anonymous_8)
DA:1,10
DA:16,10
DA:17,10
DA:18,10
DA:19,10
DA:20,10
DA:26,10
DA:30,10
DA:34,10
DA:36,0
DA:39,10
DA:43,10
DA:45,0
DA:48,10
DA:52,10
DA:55,10
DA:58,10
DA:61,34
DA:62,10
DA:64,34
DA:65,10
DA:67,34
DA:68,10
DA:70,34
DA:71,10
DA:75,10
LF:26
LH:24
BRF:0
BRH:0
end_of_record
TN:
SF:src\models\QuestionBankOption.ts
FN:27,(anonymous_2)
FN:47,(anonymous_3)
FNF:2
FNH:1
FNDA:0,(anonymous_2)
FNDA:34,(anonymous_3)
DA:1,10
DA:15,10
DA:21,10
DA:25,10
DA:27,0
DA:30,10
DA:34,10
DA:38,10
DA:41,10
DA:44,10
DA:47,34
DA:48,10
LF:12
LH:11
BRF:0
BRH:0
end_of_record
TN:
SF:src\models\Quiz.ts
FN:48,(anonymous_2)
FN:53,(anonymous_3)
FN:73,(anonymous_4)
FN:76,(anonymous_5)
FN:80,(anonymous_6)
FNF:5
FNH:3
FNDA:0,(anonymous_2)
FNDA:0,(anonymous_3)
FNDA:34,(anonymous_4)
FNDA:34,(anonymous_5)
FNDA:34,(anonymous_6)
DA:1,10
DA:16,10
DA:17,10
DA:18,10
DA:19,10
DA:25,10
DA:29,10
DA:33,10
DA:36,10
DA:40,10
DA:43,10
DA:46,10
DA:48,0
DA:51,10
DA:53,0
DA:56,10
DA:60,10
DA:64,10
DA:67,10
DA:70,10
DA:73,34
DA:74,10
DA:76,34
DA:77,10
DA:80,34
DA:81,10
LF:26
LH:24
BRF:0
BRH:0
end_of_record
TN:
SF:src\models\QuizAttempt.ts
FN:31,(anonymous_2)
FN:36,(anonymous_3)
FN:73,(anonymous_4)
FN:76,(anonymous_5)
FN:79,(anonymous_6)
FNF:5
FNH:3
FNDA:0,(anonymous_2)
FNDA:0,(anonymous_3)
FNDA:34,(anonymous_4)
FNDA:34,(anonymous_5)
FNDA:34,(anonymous_6)
DA:1,10
DA:16,10
DA:17,10
DA:18,10
DA:19,10
DA:25,10
DA:29,10
DA:31,0
DA:34,10
DA:36,0
DA:39,10
DA:43,10
DA:47,10
DA:51,10
DA:55,10
DA:58,10
DA:61,10
DA:64,10
DA:67,10
DA:70,10
DA:73,34
DA:74,10
DA:76,34
DA:77,10
DA:79,34
DA:80,10
LF:26
LH:24
BRF:0
BRH:0
end_of_record
TN:
SF:src\models\QuizAttemptAnswer.ts
FN:28,(anonymous_2)
FN:33,(anonymous_3)
FN:52,(anonymous_4)
FN:55,(anonymous_5)
FNF:4
FNH:2
FNDA:0,(anonymous_2)
FNDA:0,(anonymous_3)
FNDA:34,(anonymous_4)
FNDA:34,(anonymous_5)
DA:1,10
DA:14,10
DA:15,10
DA:22,10
DA:26,10
DA:28,0
DA:31,10
DA:33,0
DA:36,10
DA:39,10
DA:43,10
DA:46,10
DA:49,10
DA:52,34
DA:53,10
DA:55,34
DA:56,10
LF:17
LH:15
BRF:0
BRH:0
end_of_record
TN:
SF:src\models\QuizQuestion.ts
FN:26,(anonymous_2)
FN:31,(anonymous_3)
FN:43,(anonymous_4)
FN:46,(anonymous_5)
FNF:4
FNH:2
FNDA:0,(anonymous_2)
FNDA:0,(anonymous_3)
FNDA:34,(anonymous_4)
FNDA:34,(anonymous_5)
DA:1,10
DA:13,10
DA:14,10
DA:20,10
DA:24,10
DA:26,0
DA:29,10
DA:31,0
DA:34,10
DA:37,10
DA:40,10
DA:43,34
DA:44,10
DA:46,34
DA:47,10
LF:15
LH:13
BRF:0
BRH:0
end_of_record
TN:
SF:src\models\User.ts
FN:89,(anonymous_2)
FN:92,(anonymous_3)
FN:95,(anonymous_4)
FN:98,(anonymous_5)
FNF:4
FNH:4
FNDA:34,(anonymous_2)
FNDA:34,(anonymous_3)
FNDA:34,(anonymous_4)
FNDA:34,(anonymous_5)
DA:1,10
DA:16,10
DA:17,10
DA:18,10
DA:19,10
DA:20,10
DA:26,10
DA:30,10
DA:35,10
DA:40,10
DA:44,10
DA:48,10
DA:51,10
DA:54,10
DA:57,10
DA:61,10
DA:65,10
DA:69,10
DA:73,10
DA:77,10
DA:80,10
DA:83,10
DA:86,10
DA:89,34
DA:90,10
DA:92,34
DA:93,10
DA:95,34
DA:96,10
DA:98,34
DA:99,10
LF:31
LH:31
BRF:0
BRH:0
end_of_record
TN:
SF:src\models\index.ts
FN:2,(anonymous_0)
FN:3,(anonymous_1)
FN:4,(anonymous_2)
FN:5,(anonymous_3)
FN:6,(anonymous_4)
FN:7,(anonymous_5)
FN:8,(anonymous_6)
FN:9,(anonymous_7)
FN:10,(anonymous_8)
FN:11,(anonymous_9)
FN:15,(anonymous_10)
FN:16,(anonymous_11)
FN:17,(anonymous_12)
FN:18,(anonymous_13)
FN:19,(anonymous_14)
FN:20,(anonymous_15)
FN:24,(anonymous_16)
FN:24,(anonymous_17)
FNF:18
FNH:6
FNDA:39,(anonymous_0)
FNDA:115,(anonymous_1)
FNDA:29,(anonymous_2)
FNDA:16,(anonymous_3)
FNDA:49,(anonymous_4)
FNDA:0,(anonymous_5)
FNDA:0,(anonymous_6)
FNDA:0,(anonymous_7)
FNDA:0,(anonymous_8)
FNDA:0,(anonymous_9)
FNDA:3,(anonymous_10)
FNDA:0,(anonymous_11)
FNDA:0,(anonymous_12)
FNDA:0,(anonymous_13)
FNDA:0,(anonymous_14)
FNDA:0,(anonymous_15)
FNDA:0,(anonymous_16)
FNDA:0,(anonymous_17)
DA:2,45
DA:3,121
DA:4,35
DA:5,22
DA:6,55
DA:7,6
DA:8,6
DA:9,6
DA:10,6
DA:11,6
DA:14,6
DA:15,9
DA:16,6
DA:17,6
DA:18,6
DA:19,6
DA:20,6
DA:24,6
LF:18
LH:18
BRF:0
BRH:0
end_of_record
TN:
SF:src\routes\adminRoutes.ts
FNF:0
FNH:0
DA:1,0
DA:3,0
DA:5,0
DA:12,0
DA:13,0
DA:14,0
DA:17,0
DA:20,0
DA:21,0
DA:24,0
DA:25,0
DA:27,0
LF:12
LH:0
BRF:0
BRH:0
end_of_record
TN:
SF:src\routes\authRoutes.ts
FNF:0
FNH:0
DA:1,1
DA:2,1
DA:3,1
DA:4,1
DA:5,1
DA:7,1
DA:10,1
DA:11,1
DA:12,1
DA:15,1
DA:16,1
DA:18,1
LF:12
LH:12
BRF:0
BRH:0
end_of_record
TN:
SF:src\routes\categoryRoutes.ts
FNF:0
FNH:0
DA:1,1
DA:2,1
DA:5,1
DA:11,1
DA:14,1
DA:17,1
DA:20,1
DA:23,1
DA:29,1
DA:32,1
DA:35,1
DA:37,1
LF:12
LH:12
BRF:0
BRH:0
end_of_record
TN:
SF:src\routes\friendMatchRoutes.ts
FN:6,(anonymous_0)
FN:16,(anonymous_1)
FN:48,(anonymous_2)
FN:107,(anonymous_3)
FN:149,(anonymous_4)
FN:172,(anonymous_5)
FNF:6
FNH:0
FNDA:0,(anonymous_0)
FNDA:0,(anonymous_1)
FNDA:0,(anonymous_2)
FNDA:0,(anonymous_3)
FNDA:0,(anonymous_4)
FNDA:0,(anonymous_5)
DA:1,0
DA:2,0
DA:5,0
DA:7,0
DA:8,0
DA:9,0
DA:10,0
DA:11,0
DA:13,0
DA:17,0
DA:22,0
DA:23,0
DA:24,0
DA:25,0
DA:27,0
DA:39,0
DA:42,0
DA:48,0
DA:49,0
DA:50,0
DA:53,0
DA:54,0
DA:56,0
DA:57,0
DA:64,0
DA:71,0
DA:73,0
DA:74,0
DA:77,0
DA:84,0
DA:95,0
DA:96,0
DA:107,0
DA:108,0
DA:109,0
DA:111,0
DA:112,0
DA:119,0
DA:121,0
DA:130,0
DA:131,0
DA:137,0
DA:138,0
DA:149,0
DA:150,0
DA:152,0
DA:154,0
DA:160,0
DA:161,0
DA:172,0
DA:173,0
DA:174,0
DA:177,0
DA:179,0
DA:185,0
DA:186,0
DA:192,0
DA:193,0
DA:200,0
LF:59
LH:0
BRDA:8,0,0,0
BRDA:22,1,0,0
BRDA:42,2,0,0
BRDA:42,2,1,0
BRDA:53,3,0,0
BRDA:53,3,1,0
BRDA:53,3,2,0
BRDA:54,4,0,0
BRDA:54,4,1,0
BRDA:54,4,2,0
BRDA:56,5,0,0
BRDA:71,6,0,0
BRDA:71,6,1,0
BRDA:73,7,0,0
BRDA:73,8,0,0
BRDA:73,8,1,0
BRDA:90,9,0,0
BRDA:90,9,1,0
BRDA:111,10,0,0
BRDA:111,11,0,0
BRDA:111,11,1,0
BRDA:130,12,0,0
BRDA:185,13,0,0
BRF:23
BRH:0
end_of_record
TN:
SF:src\routes\healthRoutes.ts
FN:7,(anonymous_0)
FN:49,(anonymous_1)
FN:78,(anonymous_2)
FN:95,(anonymous_3)
FN:124,(anonymous_4)
FNF:5
FNH:5
FNDA:4,(anonymous_0)
FNDA:3,(anonymous_1)
FNDA:6,(anonymous_2)
FNDA:2,(anonymous_3)
FNDA:2,(anonymous_4)
DA:1,1
DA:2,1
DA:4,1
DA:7,1
DA:8,4
DA:9,4
DA:26,4
DA:27,4
DA:28,4
DA:32,0
DA:38,4
DA:40,0
DA:49,1
DA:50,3
DA:51,3
DA:54,3
DA:55,3
DA:56,3
DA:62,0
DA:70,3
DA:71,3
DA:72,3
DA:78,6
DA:80,3
DA:86,0
DA:95,1
DA:96,2
DA:97,2
DA:98,2
DA:101,2
DA:102,2
DA:103,2
DA:105,0
DA:106,0
DA:109,2
DA:115,0
DA:124,1
DA:125,2
DA:126,2
DA:135,0
DA:143,1
LF:41
LH:33
BRDA:13,0,0,4
BRDA:13,0,1,0
BRDA:34,1,0,0
BRDA:34,1,1,0
BRDA:43,2,0,0
BRDA:43,2,1,0
BRDA:65,3,0,0
BRDA:65,3,1,0
BRDA:74,4,0,3
BRDA:74,4,1,0
BRDA:78,5,0,3
BRDA:78,5,1,0
BRDA:89,6,0,0
BRDA:89,6,1,0
BRDA:105,7,0,0
BRDA:105,7,1,0
BRDA:109,8,0,2
BRDA:109,8,1,0
BRDA:118,9,0,0
BRDA:118,9,1,0
BRDA:138,10,0,0
BRDA:138,10,1,0
BRF:22
BRH:4
end_of_record
TN:
SF:src\routes\matchRoutes.ts
FNF:0
FNH:0
DA:1,0
DA:2,0
DA:12,0
DA:13,0
DA:15,0
DA:18,0
DA:23,0
DA:32,0
DA:35,0
DA:38,0
DA:39,0
DA:40,0
DA:43,0
DA:46,0
DA:48,0
LF:15
LH:0
BRF:0
BRH:0
end_of_record
TN:
SF:src\routes\questionBankRoutes.ts
FNF:0
FNH:0
DA:1,0
DA:2,0
DA:16,0
DA:17,0
DA:23,0
DA:29,0
DA:32,0
DA:35,0
DA:38,0
DA:41,0
DA:42,0
DA:43,0
DA:46,0
DA:49,0
DA:50,0
DA:51,0
DA:53,0
LF:17
LH:0
BRF:0
BRH:0
end_of_record
TN:
SF:src\routes\questionRoutes.ts
FNF:0
FNH:0
DA:1,0
DA:2,0
DA:4,0
DA:7,0
DA:10,0
DA:13,0
DA:16,0
DA:19,0
DA:22,0
DA:25,0
DA:27,0
LF:11
LH:0
BRF:0
BRH:0
end_of_record
TN:
SF:src\routes\quizAttemptRoutes.ts
FNF:0
FNH:0
DA:1,0
DA:2,0
DA:12,0
DA:13,0
DA:19,0
DA:25,0
DA:26,0
DA:27,0
DA:28,0
DA:31,0
DA:34,0
DA:37,0
DA:40,0
DA:43,0
DA:45,0
LF:15
LH:0
BRF:0
BRH:0
end_of_record
TN:
SF:src\routes\quizRoutes.ts
FNF:0
FNH:0
DA:1,1
DA:2,1
DA:14,1
DA:15,1
DA:20,1
DA:26,1
DA:27,1
DA:28,1
DA:29,1
DA:30,1
DA:31,1
DA:34,1
DA:35,1
DA:36,1
DA:37,1
DA:39,1
LF:16
LH:16
BRF:0
BRH:0
end_of_record
TN:
SF:src\services\aiOpponentService.ts
FN:67,(anonymous_0)
FN:74,(anonymous_1)
FN:75,(anonymous_2)
FN:81,(anonymous_3)
FN:95,(anonymous_4)
FN:123,(anonymous_5)
FN:128,(anonymous_6)
FN:159,(anonymous_7)
FN:186,(anonymous_8)
FN:194,(anonymous_9)
FN:197,(anonymous_10)
FN:213,(anonymous_11)
FN:220,(anonymous_12)
FN:221,(anonymous_13)
FNF:14
FNH:13
FNDA:3,(anonymous_0)
FNDA:7,(anonymous_1)
FNDA:12,(anonymous_2)
FNDA:0,(anonymous_3)
FNDA:3,(anonymous_4)
FNDA:2,(anonymous_5)
FNDA:4,(anonymous_6)
FNDA:6,(anonymous_7)
FNDA:2,(anonymous_8)
FNDA:3,(anonymous_9)
FNDA:3,(anonymous_10)
FNDA:3,(anonymous_11)
FNDA:3,(anonymous_12)
FNDA:3,(anonymous_13)
DA:2,1
DA:3,1
DA:35,1
DA:62,1
DA:68,3
DA:75,12
DA:82,0
DA:88,0
DA:89,0
DA:102,3
DA:103,3
DA:106,3
DA:112,3
DA:113,3
DA:116,3
DA:121,3
DA:123,2
DA:124,2
DA:125,2
DA:128,4
DA:129,1
DA:130,1
DA:131,1
DA:132,1
DA:135,0
DA:136,0
DA:141,3
DA:143,3
DA:149,3
DA:164,6
DA:166,6
DA:167,10
DA:168,6
DA:171,6
DA:172,6
DA:173,6
DA:176,6
DA:180,6
DA:193,2
DA:194,3
DA:195,2
DA:196,2
DA:197,3
DA:199,2
DA:201,2
DA:214,3
DA:221,3
DA:226,1
LF:48
LH:43
BRDA:75,0,0,7
BRDA:75,0,1,1
BRDA:89,1,0,0
BRDA:89,1,1,0
BRDA:98,2,0,0
BRDA:121,3,0,2
BRDA:121,3,1,1
BRDA:124,4,0,2
BRDA:124,4,1,0
BRDA:129,5,0,1
BRDA:129,5,1,0
BRDA:161,6,0,6
BRDA:162,7,0,6
BRDA:167,8,0,6
BRDA:171,9,0,6
BRDA:195,10,0,1
BRDA:195,10,1,1
BRDA:196,11,0,1
BRDA:196,11,1,1
BRF:19
BRH:14
end_of_record
TN:
SF:src\services\categoryService.ts
FN:24,(anonymous_0)
FN:54,(anonymous_1)
FN:135,(anonymous_2)
FN:170,(anonymous_3)
FN:209,(anonymous_4)
FN:225,(anonymous_5)
FN:249,(anonymous_6)
FN:281,(anonymous_7)
FN:330,(anonymous_8)
FN:371,(anonymous_9)
FN:429,(anonymous_10)
FN:469,(anonymous_11)
FNF:12
FNH:9
FNDA:7,(anonymous_0)
FNDA:7,(anonymous_1)
FNDA:6,(anonymous_2)
FNDA:2,(anonymous_3)
FNDA:2,(anonymous_4)
FNDA:0,(anonymous_5)
FNDA:0,(anonymous_6)
FNDA:4,(anonymous_7)
FNDA:6,(anonymous_8)
FNDA:4,(anonymous_9)
FNDA:10,(anonymous_10)
FNDA:0,(anonymous_11)
DA:1,2
DA:2,2
DA:3,2
DA:23,2
DA:25,7
DA:27,7
DA:28,2
DA:29,2
DA:30,0
DA:34,2
DA:35,0
DA:39,7
DA:46,7
DA:47,7
DA:49,0
DA:50,0
DA:55,7
DA:64,7
DA:66,7
DA:69,7
DA:71,7
DA:72,2
DA:75,7
DA:76,0
DA:79,7
DA:80,1
DA:87,7
DA:89,7
DA:90,2
DA:91,2
DA:92,2
DA:97,7
DA:104,7
DA:113,7
DA:115,7
DA:123,7
DA:130,0
DA:131,0
DA:136,6
DA:137,6
DA:146,6
DA:147,1
DA:148,1
DA:149,1
DA:153,6
DA:157,6
DA:158,4
DA:160,2
DA:163,6
DA:165,0
DA:166,0
DA:171,2
DA:173,2
DA:176,2
DA:177,2
DA:178,2
DA:179,2
DA:184,2
DA:185,0
DA:194,2
DA:203,2
DA:209,2
DA:210,2
DA:218,2
DA:220,0
DA:221,0
DA:226,0
DA:227,0
DA:228,0
DA:230,0
DA:231,0
DA:235,0
DA:237,0
DA:238,0
DA:241,0
DA:242,0
DA:244,0
DA:245,0
DA:250,0
DA:251,0
DA:253,0
DA:254,0
DA:255,0
DA:256,0
DA:260,0
DA:269,0
DA:274,0
DA:276,0
DA:277,0
DA:282,4
DA:284,4
DA:286,4
DA:287,2
DA:291,2
DA:292,0
DA:293,0
DA:294,0
DA:295,0
DA:299,0
DA:300,0
DA:301,0
DA:305,0
DA:306,0
DA:311,2
DA:312,2
DA:322,2
DA:323,2
DA:325,0
DA:326,0
DA:331,6
DA:333,6
DA:337,6
DA:338,2
DA:342,4
DA:346,4
DA:347,0
DA:351,4
DA:355,4
DA:356,0
DA:359,4
DA:363,4
DA:364,4
DA:366,2
DA:367,2
DA:372,4
DA:379,4
DA:381,4
DA:383,4
DA:395,4
DA:404,4
DA:405,0
DA:406,0
DA:407,0
DA:411,4
DA:420,4
DA:421,4
DA:423,0
DA:424,0
DA:430,10
DA:432,10
DA:435,10
DA:436,5
DA:437,5
DA:438,5
DA:443,10
DA:444,0
DA:453,10
DA:462,10
DA:463,5
DA:466,10
DA:470,0
DA:472,0
DA:473,0
DA:474,0
DA:477,0
DA:481,0
DA:484,0
DA:488,2
LF:158
LH:97
BRDA:27,0,0,2
BRDA:29,1,0,0
BRDA:34,2,0,0
BRDA:43,3,0,7
BRDA:43,3,1,0
BRDA:54,4,0,0
BRDA:57,5,0,2
BRDA:58,6,0,2
BRDA:60,7,0,2
BRDA:61,8,0,2
BRDA:71,9,0,2
BRDA:75,10,0,0
BRDA:79,11,0,1
BRDA:89,12,0,2
BRDA:89,13,0,7
BRDA:89,13,1,2
BRDA:91,14,0,2
BRDA:135,15,0,5
BRDA:135,16,0,6
BRDA:146,17,0,1
BRDA:146,18,0,6
BRDA:146,18,1,1
BRDA:148,19,0,1
BRDA:157,20,0,4
BRDA:157,20,1,2
BRDA:170,21,0,0
BRDA:170,22,0,2
BRDA:176,23,0,2
BRDA:178,24,0,2
BRDA:184,25,0,0
BRDA:213,26,0,2
BRDA:213,26,1,0
BRDA:235,27,0,0
BRDA:238,28,0,0
BRDA:238,28,1,0
BRDA:249,29,0,0
BRDA:253,30,0,0
BRDA:255,31,0,0
BRDA:286,32,0,2
BRDA:291,33,0,0
BRDA:292,34,0,0
BRDA:294,35,0,0
BRDA:300,36,0,0
BRDA:305,37,0,0
BRDA:337,38,0,2
BRDA:346,39,0,0
BRDA:355,40,0,0
BRDA:371,41,0,2
BRDA:374,42,0,2
BRDA:375,43,0,2
BRDA:376,44,0,2
BRDA:377,45,0,2
BRDA:378,46,0,2
BRDA:404,47,0,0
BRDA:404,48,0,4
BRDA:404,48,1,0
BRDA:406,49,0,0
BRDA:429,50,0,0
BRDA:430,51,0,0
BRDA:435,52,0,5
BRDA:437,53,0,5
BRDA:443,54,0,0
BRDA:462,55,0,5
BRDA:473,56,0,0
BRDA:481,57,0,0
BRDA:481,57,1,0
BRF:66
BRH:36
end_of_record
TN:
SF:src\services\excelUploadService.ts
FN:37,(anonymous_9)
FN:44,(anonymous_10)
FN:90,(anonymous_11)
FN:95,(anonymous_12)
FN:111,(anonymous_13)
FN:112,(anonymous_14)
FN:139,(anonymous_15)
FN:147,(anonymous_16)
FN:177,(anonymous_17)
FN:180,(anonymous_18)
FN:197,(anonymous_19)
FN:217,(anonymous_20)
FN:236,(anonymous_21)
FN:249,(anonymous_22)
FN:278,(anonymous_23)
FN:294,(anonymous_24)
FN:317,(anonymous_25)
FN:348,(anonymous_26)
FN:349,(anonymous_27)
FN:385,(anonymous_28)
FNF:20
FNH:0
FNDA:0,(anonymous_9)
FNDA:0,(anonymous_10)
FNDA:0,(anonymous_11)
FNDA:0,(anonymous_12)
FNDA:0,(anonymous_13)
FNDA:0,(anonymous_14)
FNDA:0,(anonymous_15)
FNDA:0,(anonymous_16)
FNDA:0,(anonymous_17)
FNDA:0,(anonymous_18)
FNDA:0,(anonymous_19)
FNDA:0,(anonymous_20)
FNDA:0,(anonymous_21)
FNDA:0,(anonymous_22)
FNDA:0,(anonymous_23)
FNDA:0,(anonymous_24)
FNDA:0,(anonymous_25)
FNDA:0,(anonymous_26)
FNDA:0,(anonymous_27)
FNDA:0,(anonymous_28)
DA:1,0
DA:2,0
DA:3,0
DA:4,0
DA:34,0
DA:38,0
DA:48,0
DA:49,0
DA:55,0
DA:56,0
DA:57,0
DA:60,0
DA:63,0
DA:64,0
DA:67,0
DA:70,0
DA:73,0
DA:76,0
DA:78,0
DA:79,0
DA:82,0
DA:83,0
DA:91,0
DA:93,0
DA:96,0
DA:98,0
DA:99,0
DA:100,0
DA:101,0
DA:103,0
DA:112,0
DA:115,0
DA:116,0
DA:120,0
DA:121,0
DA:123,0
DA:124,0
DA:128,0
DA:131,0
DA:132,0
DA:140,0
DA:141,0
DA:143,0
DA:144,0
DA:147,0
DA:149,0
DA:150,0
DA:162,0
DA:164,0
DA:166,0
DA:167,0
DA:171,0
DA:178,0
DA:180,0
DA:181,0
DA:182,0
DA:185,0
DA:186,0
DA:187,0
DA:191,0
DA:198,0
DA:204,0
DA:205,0
DA:206,0
DA:207,0
DA:211,0
DA:218,0
DA:219,0
DA:222,0
DA:223,0
DA:226,0
DA:227,0
DA:231,0
DA:232,0
DA:236,0
DA:237,0
DA:239,0
DA:240,0
DA:241,0
DA:250,0
DA:253,0
DA:254,0
DA:255,0
DA:258,0
DA:261,0
DA:262,0
DA:268,0
DA:269,0
DA:272,0
DA:279,0
DA:281,0
DA:282,0
DA:283,0
DA:284,0
DA:288,0
DA:299,0
DA:308,0
DA:309,0
DA:311,0
DA:313,0
DA:316,0
DA:317,0
DA:318,0
DA:322,0
DA:323,0
DA:325,0
DA:327,0
DA:331,0
DA:340,0
DA:348,0
DA:349,0
DA:350,0
DA:351,0
DA:356,0
DA:357,0
DA:364,0
DA:365,0
DA:368,0
DA:369,0
DA:372,0
DA:373,0
DA:374,0
DA:375,0
DA:379,0
DA:386,0
DA:420,0
DA:421,0
DA:422,0
DA:424,0
DA:428,0
LF:130
LH:0
BRDA:91,0,0,0
BRDA:98,1,0,0
BRDA:99,2,0,0
BRDA:100,3,0,0
BRDA:101,4,0,0
BRDA:115,5,0,0
BRDA:120,6,0,0
BRDA:120,6,1,0
BRDA:121,7,0,0
BRDA:121,7,1,0
BRDA:123,8,0,0
BRDA:123,9,0,0
BRDA:123,9,1,0
BRDA:128,10,0,0
BRDA:128,10,1,0
BRDA:131,11,0,0
BRDA:147,12,0,0
BRDA:147,13,0,0
BRDA:147,13,1,0
BRDA:152,14,0,0
BRDA:152,14,1,0
BRDA:153,15,0,0
BRDA:153,15,1,0
BRDA:154,16,0,0
BRDA:154,16,1,0
BRDA:155,17,0,0
BRDA:155,17,1,0
BRDA:156,18,0,0
BRDA:156,18,1,0
BRDA:156,18,2,0
BRDA:157,19,0,0
BRDA:157,19,1,0
BRDA:185,20,0,0
BRDA:206,21,0,0
BRDA:206,22,0,0
BRDA:206,22,1,0
BRDA:206,22,2,0
BRDA:218,23,0,0
BRDA:222,24,0,0
BRDA:222,25,0,0
BRDA:222,25,1,0
BRDA:226,26,0,0
BRDA:231,27,0,0
BRDA:231,28,0,0
BRDA:231,28,1,0
BRDA:240,29,0,0
BRDA:240,30,0,0
BRDA:240,30,1,0
BRDA:240,30,2,0
BRDA:254,31,0,0
BRDA:261,32,0,0
BRDA:264,33,0,0
BRDA:264,33,1,0
BRDA:283,34,0,0
BRDA:283,35,0,0
BRDA:283,35,1,0
BRDA:316,36,0,0
BRDA:316,36,1,0
BRDA:318,37,0,0
BRDA:318,37,1,0
BRDA:322,38,0,0
BRDA:325,39,0,0
BRDA:333,40,0,0
BRDA:333,40,1,0
BRDA:343,41,0,0
BRDA:343,41,1,0
BRDA:344,42,0,0
BRDA:344,42,1,0
BRDA:350,43,0,0
BRDA:369,44,0,0
BRDA:369,44,1,0
BRF:71
BRH:0
end_of_record
TN:
SF:src\services\matchService.ts
FN:48,(anonymous_1)
FN:55,(anonymous_2)
FN:60,(anonymous_3)
FN:69,(anonymous_4)
FN:89,(anonymous_5)
FN:92,(anonymous_6)
FN:106,(anonymous_7)
FN:109,(anonymous_8)
FN:113,(anonymous_9)
FN:172,(anonymous_10)
FN:191,(anonymous_11)
FN:234,(anonymous_12)
FN:255,(anonymous_13)
FN:263,(anonymous_14)
FN:295,(anonymous_15)
FN:327,(anonymous_16)
FN:352,(anonymous_17)
FN:368,(anonymous_18)
FN:391,(anonymous_19)
FN:396,(anonymous_20)
FN:461,(anonymous_21)
FN:525,(anonymous_22)
FN:563,(anonymous_23)
FN:592,(anonymous_24)
FN:618,(anonymous_25)
FN:625,(anonymous_26)
FN:641,(anonymous_27)
FN:642,(anonymous_28)
FN:645,(anonymous_29)
FN:679,(anonymous_30)
FN:696,(anonymous_31)
FN:715,(anonymous_32)
FN:720,(anonymous_33)
FN:727,(anonymous_34)
FN:735,(anonymous_35)
FN:745,(anonymous_36)
FN:758,(anonymous_37)
FN:766,(anonymous_38)
FN:773,(anonymous_39)
FN:784,(anonymous_40)
FN:804,(anonymous_41)
FNF:41
FNH:0
FNDA:0,(anonymous_1)
FNDA:0,(anonymous_2)
FNDA:0,(anonymous_3)
FNDA:0,(anonymous_4)
FNDA:0,(anonymous_5)
FNDA:0,(anonymous_6)
FNDA:0,(anonymous_7)
FNDA:0,(anonymous_8)
FNDA:0,(anonymous_9)
FNDA:0,(anonymous_10)
FNDA:0,(anonymous_11)
FNDA:0,(anonymous_12)
FNDA:0,(anonymous_13)
FNDA:0,(anonymous_14)
FNDA:0,(anonymous_15)
FNDA:0,(anonymous_16)
FNDA:0,(anonymous_17)
FNDA:0,(anonymous_18)
FNDA:0,(anonymous_19)
FNDA:0,(anonymous_20)
FNDA:0,(anonymous_21)
FNDA:0,(anonymous_22)
FNDA:0,(anonymous_23)
FNDA:0,(anonymous_24)
FNDA:0,(anonymous_25)
FNDA:0,(anonymous_26)
FNDA:0,(anonymous_27)
FNDA:0,(anonymous_28)
FNDA:0,(anonymous_29)
FNDA:0,(anonymous_30)
FNDA:0,(anonymous_31)
FNDA:0,(anonymous_32)
FNDA:0,(anonymous_33)
FNDA:0,(anonymous_34)
FNDA:0,(anonymous_35)
FNDA:0,(anonymous_36)
FNDA:0,(anonymous_37)
FNDA:0,(anonymous_38)
FNDA:0,(anonymous_39)
FNDA:0,(anonymous_40)
FNDA:0,(anonymous_41)
DA:2,0
DA:3,0
DA:4,0
DA:5,0
DA:6,0
DA:42,0
DA:43,0
DA:44,0
DA:45,0
DA:46,0
DA:49,0
DA:50,0
DA:51,0
DA:56,0
DA:57,0
DA:61,0
DA:62,0
DA:63,0
DA:64,0
DA:66,0
DA:70,0
DA:72,0
DA:85,0
DA:86,0
DA:89,0
DA:92,0
DA:101,0
DA:102,0
DA:107,0
DA:109,0
DA:110,0
DA:113,0
DA:114,0
DA:119,0
DA:121,0
DA:122,0
DA:126,0
DA:127,0
DA:128,0
DA:131,0
DA:132,0
DA:135,0
DA:136,0
DA:139,0
DA:140,0
DA:143,0
DA:145,0
DA:149,0
DA:153,0
DA:154,0
DA:156,0
DA:157,0
DA:159,0
DA:166,0
DA:167,0
DA:172,0
DA:173,0
DA:174,0
DA:175,0
DA:176,0
DA:179,0
DA:180,0
DA:181,0
DA:183,0
DA:185,0
DA:186,0
DA:191,0
DA:192,0
DA:193,0
DA:194,0
DA:195,0
DA:198,0
DA:199,0
DA:202,0
DA:203,0
DA:204,0
DA:205,0
DA:206,0
DA:209,0
DA:211,0
DA:219,0
DA:221,0
DA:228,0
DA:229,0
DA:234,0
DA:235,0
DA:236,0
DA:237,0
DA:238,0
DA:241,0
DA:242,0
DA:243,0
DA:244,0
DA:247,0
DA:248,0
DA:249,0
DA:250,0
DA:253,0
DA:255,0
DA:263,0
DA:269,0
DA:274,0
DA:279,0
DA:284,0
DA:286,0
DA:289,0
DA:290,0
DA:295,0
DA:296,0
DA:297,0
DA:304,0
DA:305,0
DA:306,0
DA:307,0
DA:308,0
DA:311,0
DA:312,0
DA:313,0
DA:314,0
DA:317,0
DA:318,0
DA:319,0
DA:321,0
DA:327,0
DA:328,0
DA:330,0
DA:337,0
DA:338,0
DA:343,0
DA:347,0
DA:352,0
DA:357,0
DA:358,0
DA:359,0
DA:361,0
DA:363,0
DA:368,0
DA:369,0
DA:371,0
DA:372,0
DA:373,0
DA:374,0
DA:375,0
DA:377,0
DA:392,0
DA:393,0
DA:397,0
DA:401,0
DA:402,0
DA:405,0
DA:406,0
DA:407,0
DA:409,0
DA:430,0
DA:441,0
DA:442,0
DA:443,0
DA:444,0
DA:447,0
DA:455,0
DA:462,0
DA:466,0
DA:467,0
DA:470,0
DA:471,0
DA:472,0
DA:474,0
DA:495,0
DA:506,0
DA:507,0
DA:508,0
DA:509,0
DA:512,0
DA:521,0
DA:522,0
DA:526,0
DA:527,0
DA:528,0
DA:532,0
DA:533,0
DA:534,0
DA:538,0
DA:539,0
DA:542,0
DA:545,0
DA:556,0
DA:557,0
DA:559,0
DA:560,0
DA:564,0
DA:565,0
DA:566,0
DA:567,0
DA:570,0
DA:571,0
DA:572,0
DA:573,0
DA:576,0
DA:583,0
DA:584,0
DA:585,0
DA:588,0
DA:589,0
DA:592,0
DA:600,0
DA:608,0
DA:615,0
DA:618,0
DA:619,0
DA:622,0
DA:630,0
DA:631,0
DA:633,0
DA:634,0
DA:636,0
DA:637,0
DA:640,0
DA:641,0
DA:642,0
DA:644,0
DA:645,0
DA:648,0
DA:649,0
DA:650,0
DA:653,0
DA:654,0
DA:663,0
DA:670,0
DA:680,0
DA:681,0
DA:683,0
DA:685,0
DA:687,0
DA:688,0
DA:692,0
DA:693,0
DA:696,0
DA:703,0
DA:705,0
DA:712,0
DA:715,0
DA:716,0
DA:721,0
DA:722,0
DA:724,0
DA:727,0
DA:735,0
DA:738,0
DA:745,0
DA:746,0
DA:749,0
DA:750,0
DA:753,0
DA:755,0
DA:767,0
DA:782,0
DA:784,0
DA:785,0
DA:786,0
DA:798,0
DA:813,0
DA:818,0
LF:262
LH:0
BRDA:49,0,0,0
BRDA:85,1,0,0
BRDA:85,2,0,0
BRDA:85,2,1,0
BRDA:98,3,0,0
BRDA:98,3,1,0
BRDA:107,4,0,0
BRDA:119,5,0,0
BRDA:119,5,1,0
BRDA:126,6,0,0
BRDA:126,7,0,0
BRDA:126,7,1,0
BRDA:135,8,0,0
BRDA:135,8,1,0
BRDA:136,9,0,0
BRDA:136,9,1,0
BRDA:143,10,0,0
BRDA:145,11,0,0
BRDA:145,11,1,0
BRDA:163,12,0,0
BRDA:163,12,1,0
BRDA:174,13,0,0
BRDA:193,14,0,0
BRDA:203,15,0,0
BRDA:203,16,0,0
BRDA:203,16,1,0
BRDA:205,17,0,0
BRDA:205,17,1,0
BRDA:236,18,0,0
BRDA:242,19,0,0
BRDA:248,20,0,0
BRDA:248,20,1,0
BRDA:305,21,0,0
BRDA:312,22,0,0
BRDA:318,23,0,0
BRDA:328,24,0,0
BRDA:328,24,1,0
BRDA:337,25,0,0
BRDA:337,26,0,0
BRDA:337,26,1,0
BRDA:359,27,0,0
BRDA:371,28,0,0
BRDA:373,29,0,0
BRDA:375,30,0,0
BRDA:396,31,0,0
BRDA:401,32,0,0
BRDA:422,33,0,0
BRDA:422,33,1,0
BRDA:466,34,0,0
BRDA:487,35,0,0
BRDA:487,35,1,0
BRDA:527,36,0,0
BRDA:527,37,0,0
BRDA:527,37,1,0
BRDA:527,37,2,0
BRDA:538,38,0,0
BRDA:539,39,0,0
BRDA:539,39,1,0
BRDA:565,40,0,0
BRDA:570,41,0,0
BRDA:631,42,0,0
BRDA:631,43,0,0
BRDA:631,43,1,0
BRDA:634,44,0,0
BRDA:637,45,0,0
BRDA:637,46,0,0
BRDA:637,46,1,0
BRDA:644,47,0,0
BRDA:644,47,1,0
BRDA:650,48,0,0
BRDA:650,48,1,0
BRDA:681,49,0,0
BRDA:685,50,0,0
BRDA:722,51,0,0
BRDA:749,52,0,0
BRDA:785,53,0,0
BRDA:785,54,0,0
BRDA:785,54,1,0
BRF:78
BRH:0
end_of_record
TN:
SF:src\services\questionBankService.ts
FN:31,(anonymous_9)
FN:43,(anonymous_10)
FN:70,(anonymous_11)
FN:116,(anonymous_12)
FN:159,(anonymous_13)
FN:180,(anonymous_14)
FN:201,(anonymous_15)
FN:229,(anonymous_16)
FN:244,(anonymous_17)
FN:272,(anonymous_18)
FN:303,(anonymous_19)
FN:314,(anonymous_20)
FN:320,(anonymous_21)
FN:332,(anonymous_22)
FNF:14
FNH:8
FNDA:4,(anonymous_9)
FNDA:7,(anonymous_10)
FNDA:2,(anonymous_11)
FNDA:0,(anonymous_12)
FNDA:2,(anonymous_13)
FNDA:2,(anonymous_14)
FNDA:2,(anonymous_15)
FNDA:6,(anonymous_16)
FNDA:0,(anonymous_17)
FNDA:0,(anonymous_18)
FNDA:0,(anonymous_19)
FNDA:0,(anonymous_20)
FNDA:0,(anonymous_21)
FNDA:2,(anonymous_22)
DA:1,1
DA:2,1
DA:4,1
DA:30,1
DA:32,4
DA:34,4
DA:42,3
DA:43,7
DA:50,3
DA:62,3
DA:63,3
DA:65,1
DA:66,1
DA:71,2
DA:72,2
DA:74,2
DA:101,2
DA:111,0
DA:112,0
DA:117,0
DA:118,0
DA:119,0
DA:121,0
DA:122,0
DA:125,0
DA:144,0
DA:154,0
DA:155,0
DA:160,2
DA:161,2
DA:173,2
DA:175,0
DA:176,0
DA:181,2
DA:182,2
DA:189,2
DA:194,2
DA:196,1
DA:200,1
DA:201,2
DA:209,2
DA:221,2
DA:222,2
DA:224,0
DA:225,0
DA:230,6
DA:231,6
DA:236,6
DA:237,6
DA:239,0
DA:240,0
DA:245,0
DA:246,0
DA:248,0
DA:249,0
DA:254,0
DA:257,0
DA:262,0
DA:267,0
DA:268,0
DA:273,0
DA:274,0
DA:275,0
DA:276,0
DA:279,0
DA:282,0
DA:284,0
DA:291,0
DA:298,0
DA:303,0
DA:306,0
DA:307,0
DA:308,0
DA:309,0
DA:310,0
DA:314,0
DA:320,0
DA:321,0
DA:325,0
DA:327,0
DA:328,0
DA:333,2
DA:334,2
DA:342,2
DA:343,1
DA:346,2
DA:347,0
DA:350,2
DA:364,0
DA:366,2
DA:367,2
LF:91
LH:42
BRDA:70,0,0,1
BRDA:70,1,0,1
BRDA:116,2,0,0
BRDA:116,3,0,0
BRDA:121,4,0,0
BRDA:194,5,0,1
BRDA:292,6,0,0
BRDA:292,6,1,0
BRDA:293,7,0,0
BRDA:293,7,1,0
BRDA:293,7,2,0
BRDA:299,8,0,0
BRDA:299,8,1,0
BRDA:300,9,0,0
BRDA:300,9,1,0
BRDA:301,10,0,0
BRDA:301,10,1,0
BRDA:302,11,0,0
BRDA:302,11,1,0
BRDA:306,12,0,0
BRDA:306,12,1,0
BRDA:306,12,2,0
BRDA:307,13,0,0
BRDA:309,14,0,0
BRDA:309,15,0,0
BRDA:309,15,1,0
BRDA:320,16,0,0
BRDA:342,17,0,1
BRDA:346,18,0,0
BRF:29
BRH:4
end_of_record
TN:
SF:src\services\questionService.ts
FN:35,(anonymous_0)
FN:46,(anonymous_1)
FN:62,(anonymous_2)
FN:90,(anonymous_3)
FN:136,(anonymous_4)
FN:162,(anonymous_5)
FN:181,(anonymous_6)
FN:193,(anonymous_7)
FN:222,(anonymous_8)
FN:238,(anonymous_9)
FN:294,(anonymous_10)
FN:323,(anonymous_11)
FN:354,(anonymous_12)
FN:386,(anonymous_13)
FNF:14
FNH:0
FNDA:0,(anonymous_0)
FNDA:0,(anonymous_1)
FNDA:0,(anonymous_2)
FNDA:0,(anonymous_3)
FNDA:0,(anonymous_4)
FNDA:0,(anonymous_5)
FNDA:0,(anonymous_6)
FNDA:0,(anonymous_7)
FNDA:0,(anonymous_8)
FNDA:0,(anonymous_9)
FNDA:0,(anonymous_10)
FNDA:0,(anonymous_11)
FNDA:0,(anonymous_12)
FNDA:0,(anonymous_13)
DA:1,0
DA:2,0
DA:3,0
DA:4,0
DA:34,0
DA:36,0
DA:37,0
DA:40,0
DA:41,0
DA:42,0
DA:46,0
DA:47,0
DA:48,0
DA:52,0
DA:61,0
DA:62,0
DA:70,0
DA:82,0
DA:83,0
DA:85,0
DA:86,0
DA:91,0
DA:92,0
DA:94,0
DA:121,0
DA:131,0
DA:132,0
DA:137,0
DA:138,0
DA:151,0
DA:152,0
DA:155,0
DA:157,0
DA:158,0
DA:163,0
DA:165,0
DA:166,0
DA:167,0
DA:171,0
DA:179,0
DA:181,0
DA:182,0
DA:183,0
DA:187,0
DA:192,0
DA:193,0
DA:202,0
DA:214,0
DA:215,0
DA:217,0
DA:218,0
DA:223,0
DA:225,0
DA:230,0
DA:231,0
DA:233,0
DA:234,0
DA:239,0
DA:240,0
DA:241,0
DA:242,0
DA:244,0
DA:246,0
DA:247,0
DA:250,0
DA:251,0
DA:254,0
DA:255,0
DA:260,0
DA:279,0
DA:289,0
DA:290,0
DA:295,0
DA:296,0
DA:298,0
DA:299,0
DA:302,0
DA:303,0
DA:306,0
DA:316,0
DA:318,0
DA:319,0
DA:324,0
DA:327,0
DA:330,0
DA:331,0
DA:332,0
DA:339,0
DA:347,0
DA:349,0
DA:350,0
DA:355,0
DA:358,0
DA:364,0
DA:379,0
DA:381,0
DA:382,0
DA:387,0
DA:388,0
DA:391,0
DA:395,0
DA:405,0
DA:422,0
DA:428,0
DA:429,0
DA:434,0
LF:106
LH:0
BRDA:41,0,0,0
BRDA:47,1,0,0
BRDA:56,2,0,0
BRDA:56,2,1,0
BRDA:90,3,0,0
BRDA:90,4,0,0
BRDA:151,5,0,0
BRDA:166,6,0,0
BRDA:179,7,0,0
BRDA:182,8,0,0
BRDA:240,9,0,0
BRDA:240,9,1,0
BRDA:241,10,0,0
BRDA:241,10,1,0
BRDA:246,11,0,0
BRDA:250,12,0,0
BRDA:254,13,0,0
BRDA:294,14,0,0
BRDA:298,15,0,0
BRDA:302,16,0,0
BRDA:331,17,0,0
BRF:21
BRH:0
end_of_record
TN:
SF:src\services\quizAttemptService.ts
FN:23,(anonymous_0)
FN:56,(anonymous_1)
FN:91,(anonymous_2)
FN:134,(anonymous_3)
FN:135,(anonymous_4)
FN:140,(anonymous_5)
FN:194,(anonymous_6)
FN:212,(anonymous_7)
FN:244,(anonymous_8)
FN:269,(anonymous_9)
FNF:10
FNH:0
FNDA:0,(anonymous_0)
FNDA:0,(anonymous_1)
FNDA:0,(anonymous_2)
FNDA:0,(anonymous_3)
FNDA:0,(anonymous_4)
FNDA:0,(anonymous_5)
FNDA:0,(anonymous_6)
FNDA:0,(anonymous_7)
FNDA:0,(anonymous_8)
FNDA:0,(anonymous_9)
DA:1,0
DA:2,0
DA:22,0
DA:24,0
DA:26,0
DA:30,0
DA:31,0
DA:35,0
DA:43,0
DA:49,0
DA:51,0
DA:52,0
DA:57,0
DA:59,0
DA:65,0
DA:66,0
DA:70,0
DA:79,0
DA:84,0
DA:86,0
DA:87,0
DA:92,0
DA:94,0
DA:120,0
DA:121,0
DA:125,0
DA:126,0
DA:127,0
DA:129,0
DA:130,0
DA:133,0
DA:134,0
DA:135,0
DA:138,0
DA:139,0
DA:140,0
DA:142,0
DA:143,0
DA:147,0
DA:154,0
DA:157,0
DA:160,0
DA:171,0
DA:180,0
DA:187,0
DA:189,0
DA:190,0
DA:195,0
DA:196,0
DA:205,0
DA:207,0
DA:208,0
DA:213,0
DA:214,0
DA:216,0
DA:229,0
DA:239,0
DA:240,0
DA:245,0
DA:246,0
DA:248,0
DA:249,0
DA:252,0
DA:262,0
DA:264,0
DA:265,0
DA:270,0
DA:271,0
DA:290,0
DA:296,0
DA:297,0
DA:302,0
LF:72
LH:0
BRDA:30,0,0,0
BRDA:65,1,0,0
BRDA:65,2,0,0
BRDA:65,2,1,0
BRDA:74,3,0,0
BRDA:74,3,1,0
BRDA:120,4,0,0
BRDA:138,5,0,0
BRDA:138,5,1,0
BRDA:139,6,0,0
BRDA:139,6,1,0
BRDA:142,7,0,0
BRDA:154,8,0,0
BRDA:154,8,1,0
BRDA:157,9,0,0
BRDA:157,9,1,0
BRDA:212,10,0,0
BRDA:212,11,0,0
BRDA:244,12,0,0
BRDA:248,13,0,0
BRDA:293,14,0,0
BRDA:293,14,1,0
BRDA:293,15,0,0
BRDA:293,15,1,0
BRF:24
BRH:0
end_of_record
TN:
SF:src\services\quizService.ts
FN:29,(anonymous_0)
FN:68,(anonymous_1)
FN:98,(anonymous_2)
FN:106,(anonymous_3)
FN:112,(anonymous_4)
FN:137,(anonymous_5)
FN:193,(anonymous_6)
FN:220,(anonymous_7)
FN:252,(anonymous_8)
FN:267,(anonymous_9)
FN:288,(anonymous_10)
FN:329,(anonymous_11)
FN:344,(anonymous_12)
FN:375,(anonymous_13)
FNF:14
FNH:7
FNDA:5,(anonymous_0)
FNDA:0,(anonymous_1)
FNDA:0,(anonymous_2)
FNDA:0,(anonymous_3)
FNDA:0,(anonymous_4)
FNDA:11,(anonymous_5)
FNDA:4,(anonymous_6)
FNDA:4,(anonymous_7)
FNDA:0,(anonymous_8)
FNDA:0,(anonymous_9)
FNDA:2,(anonymous_10)
FNDA:4,(anonymous_11)
FNDA:2,(anonymous_12)
FNDA:0,(anonymous_13)
DA:1,2
DA:2,2
DA:3,2
DA:28,2
DA:30,5
DA:32,5
DA:34,5
DA:35,2
DA:38,3
DA:49,2
DA:60,2
DA:61,2
DA:63,3
DA:64,3
DA:69,0
DA:71,0
DA:75,0
DA:76,0
DA:80,0
DA:87,0
DA:88,0
DA:92,0
DA:97,0
DA:98,0
DA:106,0
DA:107,0
DA:108,0
DA:112,0
DA:118,0
DA:125,0
DA:130,0
DA:132,0
DA:133,0
DA:138,11
DA:139,11
DA:140,11
DA:141,11
DA:143,11
DA:145,11
DA:146,2
DA:149,11
DA:150,2
DA:153,11
DA:154,3
DA:160,11
DA:178,11
DA:188,0
DA:189,0
DA:194,4
DA:195,4
DA:207,4
DA:208,2
DA:210,2
DA:213,4
DA:215,0
DA:216,0
DA:221,4
DA:222,4
DA:229,4
DA:230,4
DA:234,0
DA:252,0
DA:254,0
DA:256,0
DA:257,0
DA:263,0
DA:267,0
DA:276,0
DA:278,0
DA:283,4
DA:284,4
DA:289,2
DA:291,2
DA:293,2
DA:294,1
DA:298,1
DA:310,1
DA:321,1
DA:322,1
DA:324,1
DA:325,1
DA:330,4
DA:331,4
DA:336,4
DA:337,4
DA:339,0
DA:340,0
DA:345,2
DA:346,2
DA:352,2
DA:353,2
DA:357,0
DA:364,0
DA:365,0
DA:370,2
DA:371,2
DA:376,0
DA:377,0
DA:391,0
DA:393,0
DA:394,0
DA:399,2
LF:102
LH:60
BRDA:34,0,0,2
BRDA:41,1,0,3
BRDA:41,1,1,0
BRDA:75,2,0,0
BRDA:87,3,0,0
BRDA:107,4,0,0
BRDA:107,5,0,0
BRDA:107,5,1,0
BRDA:139,6,0,11
BRDA:139,6,1,4
BRDA:140,7,0,11
BRDA:140,7,1,4
BRDA:145,8,0,2
BRDA:149,9,0,2
BRDA:153,10,0,3
BRDA:207,11,0,2
BRDA:207,11,1,2
BRDA:229,12,0,4
BRDA:256,13,0,0
BRDA:293,14,0,1
BRDA:352,15,0,2
BRDA:375,16,0,0
BRF:22
BRH:14
end_of_record
TN:
SF:src\utils\InMemoryStore.ts
FN:5,(anonymous_0)
FN:11,(anonymous_1)
FN:19,(anonymous_2)
FN:26,(anonymous_3)
FN:35,(anonymous_4)
FN:42,(anonymous_5)
FN:49,(anonymous_6)
FN:55,(anonymous_7)
FN:62,(anonymous_8)
FNF:9
FNH:0
FNDA:0,(anonymous_0)
FNDA:0,(anonymous_1)
FNDA:0,(anonymous_2)
FNDA:0,(anonymous_3)
FNDA:0,(anonymous_4)
FNDA:0,(anonymous_5)
FNDA:0,(anonymous_6)
FNDA:0,(anonymous_7)
FNDA:0,(anonymous_8)
DA:5,0
DA:6,0
DA:12,0
DA:13,0
DA:20,0
DA:27,0
DA:28,0
DA:29,0
DA:36,0
DA:43,0
DA:44,0
DA:45,0
DA:48,0
DA:49,0
DA:56,0
DA:63,0
LF:16
LH:0
BRDA:20,0,0,0
BRDA:20,0,1,0
BRDA:29,1,0,0
BRDA:29,1,1,0
BRDA:36,2,0,0
BRDA:36,2,1,0
BRDA:44,3,0,0
BRF:7
BRH:0
end_of_record
TN:
SF:src\utils\auth.ts
FN:4,(anonymous_1)
FN:16,(anonymous_2)
FN:21,(anonymous_3)
FN:25,(anonymous_4)
FN:36,(anonymous_5)
FN:47,(anonymous_6)
FNF:6
FNH:4
FNDA:1,(anonymous_1)
FNDA:4,(anonymous_2)
FNDA:0,(anonymous_3)
FNDA:4,(anonymous_4)
FNDA:4,(anonymous_5)
FNDA:0,(anonymous_6)
DA:1,1
DA:2,1
DA:4,1
DA:5,1
DA:6,1
DA:16,1
DA:17,4
DA:18,4
DA:21,1
DA:22,0
DA:25,1
DA:26,4
DA:27,4
DA:28,0
DA:31,4
DA:36,1
DA:37,4
DA:38,4
DA:39,0
DA:42,4
DA:47,1
DA:48,0
DA:49,0
DA:50,0
DA:53,0
LF:25
LH:18
BRDA:4,0,0,1
BRDA:4,0,1,1
BRDA:27,1,0,0
BRDA:32,2,0,4
BRDA:32,2,1,0
BRDA:37,3,0,4
BRDA:37,3,1,0
BRDA:38,4,0,0
BRDA:43,5,0,4
BRDA:43,5,1,0
BRDA:48,6,0,0
BRDA:48,6,1,0
BRDA:49,7,0,0
BRF:13
BRH:5
end_of_record
TN:
SF:src\utils\logger.ts
FN:55,(anonymous_9)
FN:63,(anonymous_10)
FN:67,(anonymous_11)
FN:71,(anonymous_12)
FN:75,(anonymous_13)
FNF:5
FNH:3
FNDA:99,(anonymous_9)
FNDA:61,(anonymous_10)
FNDA:38,(anonymous_11)
FNDA:0,(anonymous_12)
FNDA:0,(anonymous_13)
DA:1,8
DA:2,8
DA:3,8
DA:6,8
DA:7,8
DA:8,0
DA:11,8
DA:50,8
DA:51,8
DA:56,99
DA:63,8
DA:64,61
DA:67,8
DA:68,38
DA:71,8
DA:72,0
DA:75,8
DA:76,0
DA:79,8
LF:19
LH:16
BRDA:7,0,0,0
BRDA:12,1,0,8
BRDA:12,1,1,8
BRDA:50,2,0,8
BRDA:56,3,0,99
BRDA:56,3,1,0
BRDA:68,4,0,38
BRDA:68,4,1,0
BRF:8
BRH:5
end_of_record
TN:
SF:src\utils\metrics.ts
FN:55,(anonymous_1)
FN:58,(anonymous_2)
FN:77,(anonymous_3)
FN:95,(anonymous_4)
FN:109,(anonymous_5)
FNF:5
FNH:0
FNDA:0,(anonymous_1)
FNDA:0,(anonymous_2)
FNDA:0,(anonymous_3)
FNDA:0,(anonymous_4)
FNDA:0,(anonymous_5)
DA:6,0
DA:10,0
DA:13,0
DA:18,0
DA:24,0
DA:31,0
DA:36,0
DA:42,0
DA:48,0
DA:49,0
DA:50,0
DA:51,0
DA:52,0
DA:55,0
DA:56,0
DA:58,0
DA:59,0
DA:61,0
DA:67,0
DA:73,0
DA:77,0
DA:78,0
DA:80,0
DA:90,0
DA:95,0
DA:96,0
DA:98,0
DA:100,0
DA:101,0
DA:102,0
DA:104,0
DA:109,0
DA:111,0
DA:113,0
LF:34
LH:0
BRDA:63,0,0,0
BRDA:63,0,1,0
BRDA:69,1,0,0
BRDA:69,1,1,0
BRF:4
BRH:0
end_of_record
TN:
SF:src\utils\redis.ts
FN:7,(anonymous_0)
FN:12,(anonymous_1)
FN:17,(anonymous_2)
FN:23,(anonymous_3)
FN:29,(anonymous_4)
FN:36,(anonymous_5)
FN:48,(anonymous_6)
FN:66,(anonymous_7)
FN:79,(anonymous_8)
FN:92,(anonymous_9)
FN:106,(anonymous_10)
FN:118,(anonymous_11)
FN:123,(anonymous_12)
FN:129,(anonymous_13)
FN:134,(anonymous_14)
FN:139,(anonymous_15)
FN:145,(anonymous_16)
FNF:17
FNH:0
FNDA:0,(anonymous_0)
FNDA:0,(anonymous_1)
FNDA:0,(anonymous_2)
FNDA:0,(anonymous_3)
FNDA:0,(anonymous_4)
FNDA:0,(anonymous_5)
FNDA:0,(anonymous_6)
FNDA:0,(anonymous_7)
FNDA:0,(anonymous_8)
FNDA:0,(anonymous_9)
FNDA:0,(anonymous_10)
FNDA:0,(anonymous_11)
FNDA:0,(anonymous_12)
FNDA:0,(anonymous_13)
FNDA:0,(anonymous_14)
FNDA:0,(anonymous_15)
FNDA:0,(anonymous_16)
DA:1,0
DA:3,0
DA:5,0
DA:8,0
DA:12,0
DA:13,0
DA:14,0
DA:17,0
DA:18,0
DA:19,0
DA:24,0
DA:25,0
DA:30,0
DA:31,0
DA:32,0
DA:37,0
DA:38,0
DA:39,0
DA:41,0
DA:43,0
DA:44,0
DA:49,0
DA:50,0
DA:51,0
DA:54,0
DA:55,0
DA:57,0
DA:59,0
DA:61,0
DA:62,0
DA:67,0
DA:68,0
DA:69,0
DA:71,0
DA:72,0
DA:74,0
DA:75,0
DA:80,0
DA:81,0
DA:82,0
DA:84,0
DA:85,0
DA:87,0
DA:88,0
DA:93,0
DA:94,0
DA:95,0
DA:97,0
DA:98,0
DA:99,0
DA:102,0
DA:107,0
DA:108,0
DA:109,0
DA:111,0
DA:113,0
DA:119,0
DA:120,0
DA:124,0
DA:125,0
DA:126,0
DA:130,0
DA:131,0
DA:135,0
DA:136,0
DA:140,0
DA:141,0
DA:142,0
DA:146,0
DA:147,0
DA:151,0
LF:71
LH:0
BRDA:9,0,0,0
BRDA:9,0,1,0
BRDA:24,1,0,0
BRDA:30,2,0,0
BRDA:38,3,0,0
BRDA:50,4,0,0
BRDA:54,5,0,0
BRDA:54,5,1,0
BRDA:68,6,0,0
BRDA:81,7,0,0
BRDA:94,8,0,0
BRDA:98,9,0,0
BRDA:108,10,0,0
BRDA:118,11,0,0
BRDA:126,12,0,0
BRDA:126,12,1,0
BRDA:134,13,0,0
BRDA:142,14,0,0
BRDA:142,14,1,0
BRF:19
BRH:0
end_of_record
TN:
SF:src\utils\validation.ts
FN:85,(anonymous_9)
FN:86,(anonymous_10)
FN:159,(anonymous_11)
FN:160,(anonymous_12)
FN:201,(anonymous_13)
FN:203,(anonymous_14)
FN:207,(anonymous_15)
FNF:7
FNH:4
FNDA:2,(anonymous_9)
FNDA:4,(anonymous_10)
FNDA:1,(anonymous_11)
FNDA:2,(anonymous_12)
FNDA:0,(anonymous_13)
FNDA:0,(anonymous_14)
FNDA:0,(anonymous_15)
DA:1,4
DA:3,4
DA:12,4
DA:17,4
DA:21,4
DA:28,4
DA:35,4
DA:42,4
DA:65,4
DA:75,4
DA:86,4
DA:87,2
DA:88,0
DA:90,2
DA:94,4
DA:111,4
DA:118,4
DA:123,4
DA:133,4
DA:141,4
DA:150,4
DA:160,2
DA:161,1
DA:162,0
DA:164,1
DA:169,4
DA:173,4
DA:179,4
DA:185,4
DA:191,4
DA:196,4
DA:201,4
DA:203,4
DA:204,0
DA:207,4
DA:208,0
LF:36
LH:32
BRDA:87,0,0,0
BRDA:161,1,0,0
BRF:2
BRH:0
end_of_record
